{"C:\\Users\\kazuki\\Documents\\SerialMonitorEssential\\src\\App.tsx": {"path":"C:\\Users\\kazuki\\Documents\\SerialMonitorEssential\\src\\App.tsx","statementMap":{"0":{"start":{"line":15,"column":24},"end":{"line":15,"column":null}},"1":{"start":{"line":16,"column":38},"end":{"line":16,"column":null}},"2":{"start":{"line":17,"column":36},"end":{"line":17,"column":null}},"3":{"start":{"line":18,"column":34},"end":{"line":18,"column":null}},"4":{"start":{"line":19,"column":34},"end":{"line":19,"column":null}},"5":{"start":{"line":21,"column":26},"end":{"line":29,"column":null}},"6":{"start":{"line":31,"column":22},"end":{"line":44,"column":null}},"7":{"start":{"line":32,"column":4},"end":{"line":43,"column":null}},"8":{"start":{"line":33,"column":16},"end":{"line":33,"column":null}},"9":{"start":{"line":34,"column":6},"end":{"line":34,"column":null}},"10":{"start":{"line":36,"column":6},"end":{"line":40,"column":null}},"11":{"start":{"line":37,"column":8},"end":{"line":37,"column":null}},"12":{"start":{"line":38,"column":6},"end":{"line":40,"column":null}},"13":{"start":{"line":39,"column":8},"end":{"line":39,"column":null}},"14":{"start":{"line":42,"column":6},"end":{"line":42,"column":null}},"15":{"start":{"line":46,"column":2},"end":{"line":49,"column":null}},"16":{"start":{"line":47,"column":4},"end":{"line":47,"column":null}},"17":{"start":{"line":52,"column":2},"end":{"line":74,"column":null}},"18":{"start":{"line":56,"column":6},"end":{"line":66,"column":null}},"19":{"start":{"line":59,"column":10},"end":{"line":64,"column":null}},"20":{"start":{"line":60,"column":12},"end":{"line":60,"column":null}},"21":{"start":{"line":61,"column":12},"end":{"line":63,"column":null}},"22":{"start":{"line":62,"column":14},"end":{"line":62,"column":null}},"23":{"start":{"line":69,"column":4},"end":{"line":69,"column":null}},"24":{"start":{"line":71,"column":4},"end":{"line":73,"column":null}},"25":{"start":{"line":72,"column":6},"end":{"line":72,"column":null}},"26":{"start":{"line":72,"column":20},"end":{"line":72,"column":null}},"27":{"start":{"line":76,"column":2},"end":{"line":90,"column":null}},"28":{"start":{"line":80,"column":6},"end":{"line":82,"column":null}},"29":{"start":{"line":81,"column":8},"end":{"line":81,"column":null}},"30":{"start":{"line":85,"column":4},"end":{"line":85,"column":null}},"31":{"start":{"line":87,"column":4},"end":{"line":89,"column":null}},"32":{"start":{"line":88,"column":6},"end":{"line":88,"column":null}},"33":{"start":{"line":88,"column":20},"end":{"line":88,"column":null}},"34":{"start":{"line":93,"column":2},"end":{"line":97,"column":null}},"35":{"start":{"line":94,"column":4},"end":{"line":96,"column":null}},"36":{"start":{"line":95,"column":6},"end":{"line":95,"column":null}},"37":{"start":{"line":100,"column":2},"end":{"line":104,"column":null}},"38":{"start":{"line":101,"column":4},"end":{"line":103,"column":null}},"39":{"start":{"line":102,"column":6},"end":{"line":102,"column":null}},"40":{"start":{"line":107,"column":4},"end":{"line":125,"column":null}},"41":{"start":{"line":108,"column":6},"end":{"line":114,"column":null}},"42":{"start":{"line":109,"column":8},"end":{"line":109,"column":null}},"43":{"start":{"line":110,"column":8},"end":{"line":110,"column":null}},"44":{"start":{"line":112,"column":8},"end":{"line":112,"column":null}},"45":{"start":{"line":113,"column":8},"end":{"line":113,"column":null}},"46":{"start":{"line":116,"column":6},"end":{"line":116,"column":null}},"47":{"start":{"line":116,"column":25},"end":{"line":116,"column":null}},"48":{"start":{"line":117,"column":6},"end":{"line":124,"column":null}},"49":{"start":{"line":118,"column":8},"end":{"line":118,"column":null}},"50":{"start":{"line":119,"column":8},"end":{"line":119,"column":null}},"51":{"start":{"line":120,"column":8},"end":{"line":120,"column":null}},"52":{"start":{"line":122,"column":8},"end":{"line":122,"column":null}},"53":{"start":{"line":123,"column":8},"end":{"line":123,"column":null}},"54":{"start":{"line":129,"column":4},"end":{"line":132,"column":null}},"55":{"start":{"line":130,"column":6},"end":{"line":130,"column":null}},"56":{"start":{"line":131,"column":6},"end":{"line":131,"column":null}},"57":{"start":{"line":134,"column":4},"end":{"line":150,"column":null}},"58":{"start":{"line":135,"column":23},"end":{"line":141,"column":null}},"59":{"start":{"line":143,"column":6},"end":{"line":146,"column":null}},"60":{"start":{"line":144,"column":30},"end":{"line":144,"column":null}},"61":{"start":{"line":145,"column":8},"end":{"line":145,"column":null}},"62":{"start":{"line":148,"column":6},"end":{"line":148,"column":null}},"63":{"start":{"line":149,"column":6},"end":{"line":149,"column":null}},"64":{"start":{"line":154,"column":4},"end":{"line":160,"column":null}},"65":{"start":{"line":155,"column":6},"end":{"line":155,"column":null}},"66":{"start":{"line":156,"column":6},"end":{"line":156,"column":null}},"67":{"start":{"line":158,"column":6},"end":{"line":158,"column":null}},"68":{"start":{"line":159,"column":6},"end":{"line":159,"column":null}},"69":{"start":{"line":164,"column":4},"end":{"line":164,"column":null}},"70":{"start":{"line":164,"column":26},"end":{"line":164,"column":null}},"71":{"start":{"line":166,"column":4},"end":{"line":176,"column":null}},"72":{"start":{"line":168,"column":24},"end":{"line":174,"column":null}},"73":{"start":{"line":175,"column":6},"end":{"line":175,"column":null}},"74":{"start":{"line":175,"column":22},"end":{"line":175,"column":null}},"75":{"start":{"line":178,"column":4},"end":{"line":186,"column":null}},"76":{"start":{"line":179,"column":19},"end":{"line":179,"column":null}},"77":{"start":{"line":180,"column":6},"end":{"line":182,"column":null}},"78":{"start":{"line":181,"column":8},"end":{"line":181,"column":null}},"79":{"start":{"line":184,"column":6},"end":{"line":184,"column":null}},"80":{"start":{"line":185,"column":6},"end":{"line":185,"column":null}},"81":{"start":{"line":189,"column":2},"end":{"line":219,"column":null}}},"fnMap":{"0":{"name":"App","decl":{"start":{"line":14,"column":9},"end":{"line":14,"column":15}},"loc":{"start":{"line":14,"column":15},"end":{"line":221,"column":null}},"line":14},"1":{"name":"(anonymous_1)","decl":{"start":{"line":31,"column":22},"end":{"line":31,"column":34}},"loc":{"start":{"line":31,"column":34},"end":{"line":44,"column":null}},"line":31},"2":{"name":"(anonymous_2)","decl":{"start":{"line":46,"column":12},"end":{"line":46,"column":18}},"loc":{"start":{"line":46,"column":18},"end":{"line":49,"column":5}},"line":46},"3":{"name":"(anonymous_3)","decl":{"start":{"line":52,"column":12},"end":{"line":52,"column":18}},"loc":{"start":{"line":52,"column":18},"end":{"line":74,"column":5}},"line":52},"4":{"name":"setupStatusListener","decl":{"start":{"line":55,"column":19},"end":{"line":55,"column":41}},"loc":{"start":{"line":55,"column":41},"end":{"line":67,"column":null}},"line":55},"5":{"name":"(anonymous_5)","decl":{"start":{"line":58,"column":8},"end":{"line":58,"column":9}},"loc":{"start":{"line":58,"column":19},"end":{"line":65,"column":null}},"line":58},"6":{"name":"(anonymous_6)","decl":{"start":{"line":71,"column":11},"end":{"line":71,"column":17}},"loc":{"start":{"line":71,"column":17},"end":{"line":73,"column":null}},"line":71},"7":{"name":"(anonymous_7)","decl":{"start":{"line":76,"column":12},"end":{"line":76,"column":18}},"loc":{"start":{"line":76,"column":18},"end":{"line":90,"column":5}},"line":76},"8":{"name":"setupListener","decl":{"start":{"line":79,"column":19},"end":{"line":79,"column":35}},"loc":{"start":{"line":79,"column":35},"end":{"line":83,"column":null}},"line":79},"9":{"name":"(anonymous_9)","decl":{"start":{"line":80,"column":64},"end":{"line":80,"column":65}},"loc":{"start":{"line":80,"column":75},"end":{"line":82,"column":7}},"line":80},"10":{"name":"(anonymous_10)","decl":{"start":{"line":87,"column":11},"end":{"line":87,"column":17}},"loc":{"start":{"line":87,"column":17},"end":{"line":89,"column":null}},"line":87},"11":{"name":"(anonymous_11)","decl":{"start":{"line":93,"column":12},"end":{"line":93,"column":18}},"loc":{"start":{"line":93,"column":18},"end":{"line":97,"column":5}},"line":93},"12":{"name":"(anonymous_12)","decl":{"start":{"line":100,"column":12},"end":{"line":100,"column":18}},"loc":{"start":{"line":100,"column":18},"end":{"line":104,"column":5}},"line":100},"13":{"name":"handleToggleConnection","decl":{"start":{"line":106,"column":17},"end":{"line":106,"column":42}},"loc":{"start":{"line":106,"column":42},"end":{"line":126,"column":null}},"line":106},"14":{"name":"handleExport","decl":{"start":{"line":128,"column":17},"end":{"line":128,"column":32}},"loc":{"start":{"line":128,"column":32},"end":{"line":151,"column":null}},"line":128},"15":{"name":"handleClear","decl":{"start":{"line":153,"column":17},"end":{"line":153,"column":31}},"loc":{"start":{"line":153,"column":31},"end":{"line":161,"column":null}},"line":153},"16":{"name":"handleCopy","decl":{"start":{"line":163,"column":17},"end":{"line":163,"column":28}},"loc":{"start":{"line":163,"column":44},"end":{"line":187,"column":null}},"line":163}},"branchMap":{"0":{"loc":{"start":{"line":36,"column":6},"end":{"line":40,"column":null}},"type":"if","locations":[{"start":{"line":36,"column":6},"end":{"line":40,"column":null}},{"start":{"line":38,"column":6},"end":{"line":40,"column":null}}],"line":36},"1":{"loc":{"start":{"line":36,"column":10},"end":{"line":36,"column":53}},"type":"binary-expr","locations":[{"start":{"line":36,"column":10},"end":{"line":36,"column":26}},{"start":{"line":36,"column":26},"end":{"line":36,"column":53}}],"line":36},"2":{"loc":{"start":{"line":37,"column":24},"end":{"line":37,"column":48}},"type":"cond-expr","locations":[{"start":{"line":37,"column":39},"end":{"line":37,"column":46}},{"start":{"line":37,"column":46},"end":{"line":37,"column":48}}],"line":37},"3":{"loc":{"start":{"line":38,"column":6},"end":{"line":40,"column":null}},"type":"if","locations":[{"start":{"line":38,"column":6},"end":{"line":40,"column":null}},{"start":{},"end":{}}],"line":38},"4":{"loc":{"start":{"line":38,"column":17},"end":{"line":38,"column":48}},"type":"binary-expr","locations":[{"start":{"line":38,"column":17},"end":{"line":38,"column":33}},{"start":{"line":38,"column":33},"end":{"line":38,"column":48}}],"line":38},"5":{"loc":{"start":{"line":59,"column":10},"end":{"line":64,"column":null}},"type":"if","locations":[{"start":{"line":59,"column":10},"end":{"line":64,"column":null}},{"start":{},"end":{}}],"line":59},"6":{"loc":{"start":{"line":61,"column":12},"end":{"line":63,"column":null}},"type":"if","locations":[{"start":{"line":61,"column":12},"end":{"line":63,"column":null}},{"start":{},"end":{}}],"line":61},"7":{"loc":{"start":{"line":72,"column":6},"end":{"line":72,"column":null}},"type":"if","locations":[{"start":{"line":72,"column":6},"end":{"line":72,"column":null}},{"start":{},"end":{}}],"line":72},"8":{"loc":{"start":{"line":88,"column":6},"end":{"line":88,"column":null}},"type":"if","locations":[{"start":{"line":88,"column":6},"end":{"line":88,"column":null}},{"start":{},"end":{}}],"line":88},"9":{"loc":{"start":{"line":94,"column":4},"end":{"line":96,"column":null}},"type":"if","locations":[{"start":{"line":94,"column":4},"end":{"line":96,"column":null}},{"start":{},"end":{}}],"line":94},"10":{"loc":{"start":{"line":101,"column":4},"end":{"line":103,"column":null}},"type":"if","locations":[{"start":{"line":101,"column":4},"end":{"line":103,"column":null}},{"start":{},"end":{}}],"line":101},"11":{"loc":{"start":{"line":107,"column":4},"end":{"line":125,"column":null}},"type":"if","locations":[{"start":{"line":107,"column":4},"end":{"line":125,"column":null}},{"start":{"line":115,"column":11},"end":{"line":125,"column":null}}],"line":107},"12":{"loc":{"start":{"line":116,"column":6},"end":{"line":116,"column":null}},"type":"if","locations":[{"start":{"line":116,"column":6},"end":{"line":116,"column":null}},{"start":{},"end":{}}],"line":116},"13":{"loc":{"start":{"line":129,"column":4},"end":{"line":132,"column":null}},"type":"if","locations":[{"start":{"line":129,"column":4},"end":{"line":132,"column":null}},{"start":{},"end":{}}],"line":129},"14":{"loc":{"start":{"line":143,"column":6},"end":{"line":146,"column":null}},"type":"if","locations":[{"start":{"line":143,"column":6},"end":{"line":146,"column":null}},{"start":{},"end":{}}],"line":143},"15":{"loc":{"start":{"line":164,"column":4},"end":{"line":164,"column":null}},"type":"if","locations":[{"start":{"line":164,"column":4},"end":{"line":164,"column":null}},{"start":{},"end":{}}],"line":164},"16":{"loc":{"start":{"line":166,"column":4},"end":{"line":176,"column":null}},"type":"if","locations":[{"start":{"line":166,"column":4},"end":{"line":176,"column":null}},{"start":{},"end":{}}],"line":166},"17":{"loc":{"start":{"line":175,"column":6},"end":{"line":175,"column":null}},"type":"if","locations":[{"start":{"line":175,"column":6},"end":{"line":175,"column":null}},{"start":{},"end":{}}],"line":175},"18":{"loc":{"start":{"line":180,"column":6},"end":{"line":182,"column":null}},"type":"if","locations":[{"start":{"line":180,"column":6},"end":{"line":182,"column":null}},{"start":{},"end":{}}],"line":180}},"s":{"0":0,"1":0,"2":0,"3":0,"4":0,"5":0,"6":0,"7":0,"8":0,"9":0,"10":0,"11":0,"12":0,"13":0,"14":0,"15":0,"16":0,"17":0,"18":0,"19":0,"20":0,"21":0,"22":0,"23":0,"24":0,"25":0,"26":0,"27":0,"28":0,"29":0,"30":0,"31":0,"32":0,"33":0,"34":0,"35":0,"36":0,"37":0,"38":0,"39":0,"40":0,"41":0,"42":0,"43":0,"44":0,"45":0,"46":0,"47":0,"48":0,"49":0,"50":0,"51":0,"52":0,"53":0,"54":0,"55":0,"56":0,"57":0,"58":0,"59":0,"60":0,"61":0,"62":0,"63":0,"64":0,"65":0,"66":0,"67":0,"68":0,"69":0,"70":0,"71":0,"72":0,"73":0,"74":0,"75":0,"76":0,"77":0,"78":0,"79":0,"80":0,"81":0},"f":{"0":0,"1":0,"2":0,"3":0,"4":0,"5":0,"6":0,"7":0,"8":0,"9":0,"10":0,"11":0,"12":0,"13":0,"14":0,"15":0,"16":0},"b":{"0":[0,0],"1":[0,0],"2":[0,0],"3":[0,0],"4":[0,0],"5":[0,0],"6":[0,0],"7":[0,0],"8":[0,0],"9":[0,0],"10":[0,0],"11":[0,0],"12":[0,0],"13":[0,0],"14":[0,0],"15":[0,0],"16":[0,0],"17":[0,0],"18":[0,0]},"meta":{"lastBranch":19,"lastFunction":17,"lastStatement":82,"seen":{"f:14:9:14:15":0,"s:15:24:15:Infinity":0,"s:16:38:16:Infinity":1,"s:17:36:17:Infinity":2,"s:18:34:18:Infinity":3,"s:19:34:19:Infinity":4,"s:21:26:29:Infinity":5,"s:31:22:44:Infinity":6,"f:31:22:31:34":1,"s:32:4:43:Infinity":7,"s:33:16:33:Infinity":8,"s:34:6:34:Infinity":9,"b:36:6:40:Infinity:38:6:40:Infinity":0,"s:36:6:40:Infinity":10,"b:36:10:36:26:36:26:36:53":1,"s:37:8:37:Infinity":11,"b:37:39:37:46:37:46:37:48":2,"b:38:6:40:Infinity:undefined:undefined:undefined:undefined":3,"s:38:6:40:Infinity":12,"b:38:17:38:33:38:33:38:48":4,"s:39:8:39:Infinity":13,"s:42:6:42:Infinity":14,"s:46:2:49:Infinity":15,"f:46:12:46:18":2,"s:47:4:47:Infinity":16,"s:52:2:74:Infinity":17,"f:52:12:52:18":3,"f:55:19:55:41":4,"s:56:6:66:Infinity":18,"f:58:8:58:9":5,"b:59:10:64:Infinity:undefined:undefined:undefined:undefined":5,"s:59:10:64:Infinity":19,"s:60:12:60:Infinity":20,"b:61:12:63:Infinity:undefined:undefined:undefined:undefined":6,"s:61:12:63:Infinity":21,"s:62:14:62:Infinity":22,"s:69:4:69:Infinity":23,"s:71:4:73:Infinity":24,"f:71:11:71:17":6,"b:72:6:72:Infinity:undefined:undefined:undefined:undefined":7,"s:72:6:72:Infinity":25,"s:72:20:72:Infinity":26,"s:76:2:90:Infinity":27,"f:76:12:76:18":7,"f:79:19:79:35":8,"s:80:6:82:Infinity":28,"f:80:64:80:65":9,"s:81:8:81:Infinity":29,"s:85:4:85:Infinity":30,"s:87:4:89:Infinity":31,"f:87:11:87:17":10,"b:88:6:88:Infinity:undefined:undefined:undefined:undefined":8,"s:88:6:88:Infinity":32,"s:88:20:88:Infinity":33,"s:93:2:97:Infinity":34,"f:93:12:93:18":11,"b:94:4:96:Infinity:undefined:undefined:undefined:undefined":9,"s:94:4:96:Infinity":35,"s:95:6:95:Infinity":36,"s:100:2:104:Infinity":37,"f:100:12:100:18":12,"b:101:4:103:Infinity:undefined:undefined:undefined:undefined":10,"s:101:4:103:Infinity":38,"s:102:6:102:Infinity":39,"f:106:17:106:42":13,"b:107:4:125:Infinity:115:11:125:Infinity":11,"s:107:4:125:Infinity":40,"s:108:6:114:Infinity":41,"s:109:8:109:Infinity":42,"s:110:8:110:Infinity":43,"s:112:8:112:Infinity":44,"s:113:8:113:Infinity":45,"b:116:6:116:Infinity:undefined:undefined:undefined:undefined":12,"s:116:6:116:Infinity":46,"s:116:25:116:Infinity":47,"s:117:6:124:Infinity":48,"s:118:8:118:Infinity":49,"s:119:8:119:Infinity":50,"s:120:8:120:Infinity":51,"s:122:8:122:Infinity":52,"s:123:8:123:Infinity":53,"f:128:17:128:32":14,"b:129:4:132:Infinity:undefined:undefined:undefined:undefined":13,"s:129:4:132:Infinity":54,"s:130:6:130:Infinity":55,"s:131:6:131:Infinity":56,"s:134:4:150:Infinity":57,"s:135:23:141:Infinity":58,"b:143:6:146:Infinity:undefined:undefined:undefined:undefined":14,"s:143:6:146:Infinity":59,"s:144:30:144:Infinity":60,"s:145:8:145:Infinity":61,"s:148:6:148:Infinity":62,"s:149:6:149:Infinity":63,"f:153:17:153:31":15,"s:154:4:160:Infinity":64,"s:155:6:155:Infinity":65,"s:156:6:156:Infinity":66,"s:158:6:158:Infinity":67,"s:159:6:159:Infinity":68,"f:163:17:163:28":16,"b:164:4:164:Infinity:undefined:undefined:undefined:undefined":15,"s:164:4:164:Infinity":69,"s:164:26:164:Infinity":70,"b:166:4:176:Infinity:undefined:undefined:undefined:undefined":16,"s:166:4:176:Infinity":71,"s:168:24:174:Infinity":72,"b:175:6:175:Infinity:undefined:undefined:undefined:undefined":17,"s:175:6:175:Infinity":73,"s:175:22:175:Infinity":74,"s:178:4:186:Infinity":75,"s:179:19:179:Infinity":76,"b:180:6:182:Infinity:undefined:undefined:undefined:undefined":18,"s:180:6:182:Infinity":77,"s:181:8:181:Infinity":78,"s:184:6:184:Infinity":79,"s:185:6:185:Infinity":80,"s:189:2:219:Infinity":81}}}
,"C:\\Users\\kazuki\\Documents\\SerialMonitorEssential\\src\\main.tsx": {"path":"C:\\Users\\kazuki\\Documents\\SerialMonitorEssential\\src\\main.tsx","statementMap":{"0":{"start":{"line":5,"column":0},"end":{"line":9,"column":null}}},"fnMap":{},"branchMap":{},"s":{"0":0},"f":{},"b":{},"meta":{"lastBranch":0,"lastFunction":0,"lastStatement":1,"seen":{"s:5:0:9:Infinity":0}}}
,"C:\\Users\\kazuki\\Documents\\SerialMonitorEssential\\src\\plotter.tsx": {"path":"C:\\Users\\kazuki\\Documents\\SerialMonitorEssential\\src\\plotter.tsx","statementMap":{"0":{"start":{"line":6,"column":0},"end":{"line":10,"column":null}}},"fnMap":{},"branchMap":{},"s":{"0":0},"f":{},"b":{},"meta":{"lastBranch":0,"lastFunction":0,"lastStatement":1,"seen":{"s:6:0:10:Infinity":0}}}
,"C:\\Users\\kazuki\\Documents\\SerialMonitorEssential\\src\\components\\ReceivePanel.tsx": {"path":"C:\\Users\\kazuki\\Documents\\SerialMonitorEssential\\src\\components\\ReceivePanel.tsx","statementMap":{"0":{"start":{"line":37,"column":30},"end":{"line":37,"column":null}},"1":{"start":{"line":40,"column":30},"end":{"line":40,"column":null}},"2":{"start":{"line":41,"column":40},"end":{"line":41,"column":null}},"3":{"start":{"line":42,"column":50},"end":{"line":42,"column":null}},"4":{"start":{"line":45,"column":38},"end":{"line":45,"column":null}},"5":{"start":{"line":48,"column":36},"end":{"line":48,"column":null}},"6":{"start":{"line":49,"column":40},"end":{"line":49,"column":null}},"7":{"start":{"line":51,"column":8},"end":{"line":53,"column":null}},"8":{"start":{"line":52,"column":4},"end":{"line":52,"column":null}},"9":{"start":{"line":55,"column":8},"end":{"line":63,"column":null}},"10":{"start":{"line":56,"column":4},"end":{"line":62,"column":null}},"11":{"start":{"line":57,"column":25},"end":{"line":57,"column":null}},"12":{"start":{"line":58,"column":6},"end":{"line":58,"column":null}},"13":{"start":{"line":60,"column":6},"end":{"line":60,"column":null}},"14":{"start":{"line":61,"column":6},"end":{"line":61,"column":null}},"15":{"start":{"line":65,"column":2},"end":{"line":206,"column":null}},"16":{"start":{"line":75,"column":27},"end":{"line":75,"column":null}},"17":{"start":{"line":80,"column":25},"end":{"line":80,"column":null}},"18":{"start":{"line":119,"column":33},"end":{"line":119,"column":null}},"19":{"start":{"line":137,"column":31},"end":{"line":137,"column":null}},"20":{"start":{"line":150,"column":31},"end":{"line":150,"column":null}},"21":{"start":{"line":156,"column":31},"end":{"line":156,"column":null}},"22":{"start":{"line":185,"column":31},"end":{"line":185,"column":null}}},"fnMap":{"0":{"name":"ReceivePanel","decl":{"start":{"line":28,"column":24},"end":{"line":28,"column":37}},"loc":{"start":{"line":35,"column":22},"end":{"line":208,"column":null}},"line":35},"1":{"name":"(anonymous_1)","decl":{"start":{"line":51,"column":33},"end":{"line":51,"column":39}},"loc":{"start":{"line":51,"column":39},"end":{"line":53,"column":5}},"line":51},"2":{"name":"(anonymous_2)","decl":{"start":{"line":55,"column":36},"end":{"line":55,"column":48}},"loc":{"start":{"line":55,"column":48},"end":{"line":63,"column":5}},"line":55},"3":{"name":"(anonymous_3)","decl":{"start":{"line":75,"column":20},"end":{"line":75,"column":21}},"loc":{"start":{"line":75,"column":27},"end":{"line":75,"column":null}},"line":75},"4":{"name":"(anonymous_4)","decl":{"start":{"line":80,"column":19},"end":{"line":80,"column":25}},"loc":{"start":{"line":80,"column":25},"end":{"line":80,"column":null}},"line":80},"5":{"name":"(anonymous_5)","decl":{"start":{"line":119,"column":26},"end":{"line":119,"column":27}},"loc":{"start":{"line":119,"column":33},"end":{"line":119,"column":null}},"line":119},"6":{"name":"(anonymous_6)","decl":{"start":{"line":137,"column":24},"end":{"line":137,"column":25}},"loc":{"start":{"line":137,"column":31},"end":{"line":137,"column":null}},"line":137},"7":{"name":"(anonymous_7)","decl":{"start":{"line":150,"column":24},"end":{"line":150,"column":25}},"loc":{"start":{"line":150,"column":31},"end":{"line":150,"column":null}},"line":150},"8":{"name":"(anonymous_8)","decl":{"start":{"line":156,"column":24},"end":{"line":156,"column":25}},"loc":{"start":{"line":156,"column":31},"end":{"line":156,"column":null}},"line":156},"9":{"name":"(anonymous_9)","decl":{"start":{"line":185,"column":24},"end":{"line":185,"column":25}},"loc":{"start":{"line":185,"column":31},"end":{"line":185,"column":null}},"line":185}},"branchMap":{"0":{"loc":{"start":{"line":73,"column":23},"end":{"line":73,"column":null}},"type":"cond-expr","locations":[{"start":{"line":73,"column":46},"end":{"line":73,"column":78}},{"start":{"line":73,"column":78},"end":{"line":73,"column":null}}],"line":73},"1":{"loc":{"start":{"line":79,"column":38},"end":{"line":79,"column":67}},"type":"cond-expr","locations":[{"start":{"line":79,"column":54},"end":{"line":79,"column":65}},{"start":{"line":79,"column":65},"end":{"line":79,"column":67}}],"line":79},"2":{"loc":{"start":{"line":83,"column":11},"end":{"line":83,"column":null}},"type":"cond-expr","locations":[{"start":{"line":83,"column":27},"end":{"line":83,"column":44}},{"start":{"line":83,"column":44},"end":{"line":83,"column":null}}],"line":83},"3":{"loc":{"start":{"line":89,"column":9},"end":{"line":105,"column":null}},"type":"cond-expr","locations":[{"start":{"line":90,"column":10},"end":{"line":95,"column":null}},{"start":{"line":97,"column":10},"end":{"line":105,"column":null}}],"line":89},"4":{"loc":{"start":{"line":114,"column":43},"end":{"line":114,"column":81}},"type":"cond-expr","locations":[{"start":{"line":114,"column":64},"end":{"line":114,"column":79}},{"start":{"line":114,"column":79},"end":{"line":114,"column":81}}],"line":114},"5":{"loc":{"start":{"line":119,"column":45},"end":{"line":119,"column":79}},"type":"cond-expr","locations":[{"start":{"line":119,"column":64},"end":{"line":119,"column":74}},{"start":{"line":119,"column":74},"end":{"line":119,"column":79}}],"line":119},"6":{"loc":{"start":{"line":123,"column":43},"end":{"line":123,"column":85}},"type":"cond-expr","locations":[{"start":{"line":123,"column":66},"end":{"line":123,"column":83}},{"start":{"line":123,"column":83},"end":{"line":123,"column":85}}],"line":123},"7":{"loc":{"start":{"line":131,"column":40},"end":{"line":131,"column":76}},"type":"cond-expr","locations":[{"start":{"line":131,"column":61},"end":{"line":131,"column":74}},{"start":{"line":131,"column":74},"end":{"line":131,"column":76}}],"line":131},"8":{"loc":{"start":{"line":144,"column":40},"end":{"line":144,"column":76}},"type":"cond-expr","locations":[{"start":{"line":144,"column":61},"end":{"line":144,"column":74}},{"start":{"line":144,"column":74},"end":{"line":144,"column":76}}],"line":144},"9":{"loc":{"start":{"line":157,"column":24},"end":{"line":157,"column":null}},"type":"binary-expr","locations":[{"start":{"line":157,"column":24},"end":{"line":157,"column":46}},{"start":{"line":157,"column":46},"end":{"line":157,"column":null}}],"line":157},"10":{"loc":{"start":{"line":170,"column":25},"end":{"line":170,"column":null}},"type":"cond-expr","locations":[{"start":{"line":170,"column":64},"end":{"line":170,"column":70}},{"start":{"line":170,"column":70},"end":{"line":170,"column":null}}],"line":170},"11":{"loc":{"start":{"line":170,"column":25},"end":{"line":170,"column":64}},"type":"binary-expr","locations":[{"start":{"line":170,"column":25},"end":{"line":170,"column":43}},{"start":{"line":170,"column":43},"end":{"line":170,"column":64}}],"line":170}},"s":{"0":0,"1":0,"2":0,"3":0,"4":0,"5":0,"6":0,"7":0,"8":0,"9":0,"10":0,"11":0,"12":0,"13":0,"14":0,"15":0,"16":0,"17":0,"18":0,"19":0,"20":0,"21":0,"22":0},"f":{"0":0,"1":0,"2":0,"3":0,"4":0,"5":0,"6":0,"7":0,"8":0,"9":0},"b":{"0":[0,0],"1":[0,0],"2":[0,0],"3":[0,0],"4":[0,0],"5":[0,0],"6":[0,0],"7":[0,0],"8":[0,0],"9":[0,0],"10":[0,0],"11":[0,0]},"meta":{"lastBranch":12,"lastFunction":10,"lastStatement":23,"seen":{"f:28:24:28:37":0,"s:37:30:37:Infinity":0,"s:40:30:40:Infinity":1,"s:41:40:41:Infinity":2,"s:42:50:42:Infinity":3,"s:45:38:45:Infinity":4,"s:48:36:48:Infinity":5,"s:49:40:49:Infinity":6,"s:51:8:53:Infinity":7,"f:51:33:51:39":1,"s:52:4:52:Infinity":8,"s:55:8:63:Infinity":9,"f:55:36:55:48":2,"s:56:4:62:Infinity":10,"s:57:25:57:Infinity":11,"s:58:6:58:Infinity":12,"s:60:6:60:Infinity":13,"s:61:6:61:Infinity":14,"s:65:2:206:Infinity":15,"b:73:46:73:78:73:78:73:Infinity":0,"f:75:20:75:21":3,"s:75:27:75:Infinity":16,"b:79:54:79:65:79:65:79:67":1,"f:80:19:80:25":4,"s:80:25:80:Infinity":17,"b:83:27:83:44:83:44:83:Infinity":2,"b:90:10:95:Infinity:97:10:105:Infinity":3,"b:114:64:114:79:114:79:114:81":4,"f:119:26:119:27":5,"s:119:33:119:Infinity":18,"b:119:64:119:74:119:74:119:79":5,"b:123:66:123:83:123:83:123:85":6,"b:131:61:131:74:131:74:131:76":7,"f:137:24:137:25":6,"s:137:31:137:Infinity":19,"b:144:61:144:74:144:74:144:76":8,"f:150:24:150:25":7,"s:150:31:150:Infinity":20,"f:156:24:156:25":8,"s:156:31:156:Infinity":21,"b:157:24:157:46:157:46:157:Infinity":9,"b:170:64:170:70:170:70:170:Infinity":10,"b:170:25:170:43:170:43:170:64":11,"f:185:24:185:25":9,"s:185:31:185:Infinity":22}}}
,"C:\\Users\\kazuki\\Documents\\SerialMonitorEssential\\src\\components\\SendPanel.tsx": {"path":"C:\\Users\\kazuki\\Documents\\SerialMonitorEssential\\src\\components\\SendPanel.tsx","statementMap":{"0":{"start":{"line":18,"column":32},"end":{"line":18,"column":null}},"1":{"start":{"line":19,"column":32},"end":{"line":19,"column":null}},"2":{"start":{"line":20,"column":34},"end":{"line":20,"column":null}},"3":{"start":{"line":21,"column":36},"end":{"line":21,"column":null}},"4":{"start":{"line":22,"column":34},"end":{"line":22,"column":null}},"5":{"start":{"line":25,"column":28},"end":{"line":25,"column":null}},"6":{"start":{"line":26,"column":38},"end":{"line":26,"column":null}},"7":{"start":{"line":28,"column":21},"end":{"line":63,"column":null}},"8":{"start":{"line":29,"column":4},"end":{"line":29,"column":null}},"9":{"start":{"line":29,"column":34},"end":{"line":29,"column":null}},"10":{"start":{"line":31,"column":31},"end":{"line":31,"column":null}},"11":{"start":{"line":33,"column":4},"end":{"line":62,"column":null}},"12":{"start":{"line":34,"column":6},"end":{"line":49,"column":null}},"13":{"start":{"line":36,"column":14},"end":{"line":36,"column":null}},"14":{"start":{"line":37,"column":8},"end":{"line":40,"column":null}},"15":{"start":{"line":38,"column":10},"end":{"line":38,"column":null}},"16":{"start":{"line":39,"column":10},"end":{"line":39,"column":null}},"17":{"start":{"line":41,"column":8},"end":{"line":41,"column":null}},"18":{"start":{"line":44,"column":24},"end":{"line":44,"column":null}},"19":{"start":{"line":45,"column":8},"end":{"line":45,"column":null}},"20":{"start":{"line":48,"column":8},"end":{"line":48,"column":null}},"21":{"start":{"line":51,"column":6},"end":{"line":51,"column":null}},"22":{"start":{"line":54,"column":6},"end":{"line":54,"column":null}},"23":{"start":{"line":54,"column":18},"end":{"line":54,"column":56}},"24":{"start":{"line":55,"column":6},"end":{"line":55,"column":null}},"25":{"start":{"line":56,"column":6},"end":{"line":56,"column":null}},"26":{"start":{"line":58,"column":6},"end":{"line":58,"column":null}},"27":{"start":{"line":58,"column":18},"end":{"line":58,"column":null}},"28":{"start":{"line":60,"column":6},"end":{"line":60,"column":null}},"29":{"start":{"line":61,"column":6},"end":{"line":61,"column":null}},"30":{"start":{"line":65,"column":24},"end":{"line":89,"column":null}},"31":{"start":{"line":66,"column":4},"end":{"line":88,"column":null}},"32":{"start":{"line":67,"column":6},"end":{"line":70,"column":null}},"33":{"start":{"line":68,"column":8},"end":{"line":68,"column":null}},"34":{"start":{"line":69,"column":8},"end":{"line":69,"column":null}},"35":{"start":{"line":71,"column":4},"end":{"line":88,"column":null}},"36":{"start":{"line":72,"column":6},"end":{"line":72,"column":null}},"37":{"start":{"line":73,"column":6},"end":{"line":77,"column":null}},"38":{"start":{"line":74,"column":26},"end":{"line":74,"column":null}},"39":{"start":{"line":75,"column":8},"end":{"line":75,"column":null}},"40":{"start":{"line":76,"column":8},"end":{"line":76,"column":null}},"41":{"start":{"line":78,"column":4},"end":{"line":88,"column":null}},"42":{"start":{"line":79,"column":6},"end":{"line":79,"column":null}},"43":{"start":{"line":80,"column":6},"end":{"line":87,"column":null}},"44":{"start":{"line":81,"column":26},"end":{"line":81,"column":null}},"45":{"start":{"line":82,"column":8},"end":{"line":82,"column":null}},"46":{"start":{"line":83,"column":8},"end":{"line":83,"column":null}},"47":{"start":{"line":84,"column":6},"end":{"line":87,"column":null}},"48":{"start":{"line":85,"column":8},"end":{"line":85,"column":null}},"49":{"start":{"line":86,"column":8},"end":{"line":86,"column":null}},"50":{"start":{"line":91,"column":2},"end":{"line":142,"column":null}},"51":{"start":{"line":98,"column":27},"end":{"line":98,"column":null}},"52":{"start":{"line":112,"column":33},"end":{"line":112,"column":null}},"53":{"start":{"line":121,"column":18},"end":{"line":121,"column":null}},"54":{"start":{"line":122,"column":18},"end":{"line":123,"column":null}},"55":{"start":{"line":122,"column":40},"end":{"line":122,"column":null}},"56":{"start":{"line":123,"column":23},"end":{"line":123,"column":null}},"57":{"start":{"line":131,"column":29},"end":{"line":131,"column":null}}},"fnMap":{"0":{"name":"SendPanel","decl":{"start":{"line":17,"column":24},"end":{"line":17,"column":34}},"loc":{"start":{"line":17,"column":73},"end":{"line":144,"column":null}},"line":17},"1":{"name":"(anonymous_1)","decl":{"start":{"line":28,"column":21},"end":{"line":28,"column":33}},"loc":{"start":{"line":28,"column":33},"end":{"line":63,"column":null}},"line":28},"2":{"name":"(anonymous_2)","decl":{"start":{"line":54,"column":17},"end":{"line":54,"column":18}},"loc":{"start":{"line":54,"column":18},"end":{"line":54,"column":56}},"line":54},"3":{"name":"(anonymous_3)","decl":{"start":{"line":65,"column":24},"end":{"line":65,"column":25}},"loc":{"start":{"line":65,"column":86},"end":{"line":89,"column":null}},"line":65},"4":{"name":"(anonymous_4)","decl":{"start":{"line":98,"column":20},"end":{"line":98,"column":21}},"loc":{"start":{"line":98,"column":27},"end":{"line":98,"column":null}},"line":98},"5":{"name":"(anonymous_5)","decl":{"start":{"line":112,"column":26},"end":{"line":112,"column":27}},"loc":{"start":{"line":112,"column":33},"end":{"line":112,"column":null}},"line":112},"6":{"name":"(anonymous_6)","decl":{"start":{"line":120,"column":26},"end":{"line":120,"column":27}},"loc":{"start":{"line":120,"column":33},"end":{"line":124,"column":null}},"line":120},"7":{"name":"(anonymous_7)","decl":{"start":{"line":131,"column":22},"end":{"line":131,"column":23}},"loc":{"start":{"line":131,"column":29},"end":{"line":131,"column":null}},"line":131}},"branchMap":{"0":{"loc":{"start":{"line":29,"column":4},"end":{"line":29,"column":null}},"type":"if","locations":[{"start":{"line":29,"column":4},"end":{"line":29,"column":null}},{"start":{},"end":{}}],"line":29},"1":{"loc":{"start":{"line":29,"column":8},"end":{"line":29,"column":34}},"type":"binary-expr","locations":[{"start":{"line":29,"column":8},"end":{"line":29,"column":22}},{"start":{"line":29,"column":22},"end":{"line":29,"column":34}}],"line":29},"2":{"loc":{"start":{"line":34,"column":6},"end":{"line":49,"column":null}},"type":"if","locations":[{"start":{"line":34,"column":6},"end":{"line":49,"column":null}},{"start":{"line":42,"column":13},"end":{"line":49,"column":null}}],"line":34},"3":{"loc":{"start":{"line":34,"column":10},"end":{"line":34,"column":45}},"type":"binary-expr","locations":[{"start":{"line":34,"column":10},"end":{"line":34,"column":33}},{"start":{"line":34,"column":33},"end":{"line":34,"column":45}}],"line":34},"4":{"loc":{"start":{"line":37,"column":8},"end":{"line":40,"column":null}},"type":"if","locations":[{"start":{"line":37,"column":8},"end":{"line":40,"column":null}},{"start":{},"end":{}}],"line":37},"5":{"loc":{"start":{"line":58,"column":6},"end":{"line":58,"column":null}},"type":"if","locations":[{"start":{"line":58,"column":6},"end":{"line":58,"column":null}},{"start":{},"end":{}}],"line":58},"6":{"loc":{"start":{"line":66,"column":4},"end":{"line":88,"column":null}},"type":"if","locations":[{"start":{"line":66,"column":4},"end":{"line":88,"column":null}},{"start":{"line":71,"column":4},"end":{"line":88,"column":null}}],"line":66},"7":{"loc":{"start":{"line":67,"column":6},"end":{"line":70,"column":null}},"type":"if","locations":[{"start":{"line":67,"column":6},"end":{"line":70,"column":null}},{"start":{},"end":{}}],"line":67},"8":{"loc":{"start":{"line":67,"column":10},"end":{"line":67,"column":38}},"type":"binary-expr","locations":[{"start":{"line":67,"column":10},"end":{"line":67,"column":25}},{"start":{"line":67,"column":25},"end":{"line":67,"column":38}}],"line":67},"9":{"loc":{"start":{"line":71,"column":4},"end":{"line":88,"column":null}},"type":"if","locations":[{"start":{"line":71,"column":4},"end":{"line":88,"column":null}},{"start":{"line":78,"column":4},"end":{"line":88,"column":null}}],"line":71},"10":{"loc":{"start":{"line":73,"column":6},"end":{"line":77,"column":null}},"type":"if","locations":[{"start":{"line":73,"column":6},"end":{"line":77,"column":null}},{"start":{},"end":{}}],"line":73},"11":{"loc":{"start":{"line":78,"column":4},"end":{"line":88,"column":null}},"type":"if","locations":[{"start":{"line":78,"column":4},"end":{"line":88,"column":null}},{"start":{},"end":{}}],"line":78},"12":{"loc":{"start":{"line":80,"column":6},"end":{"line":87,"column":null}},"type":"if","locations":[{"start":{"line":80,"column":6},"end":{"line":87,"column":null}},{"start":{"line":84,"column":6},"end":{"line":87,"column":null}}],"line":80},"13":{"loc":{"start":{"line":84,"column":6},"end":{"line":87,"column":null}},"type":"if","locations":[{"start":{"line":84,"column":6},"end":{"line":87,"column":null}},{"start":{},"end":{}}],"line":84},"14":{"loc":{"start":{"line":101,"column":23},"end":{"line":101,"column":null}},"type":"cond-expr","locations":[{"start":{"line":101,"column":59},"end":{"line":101,"column":83}},{"start":{"line":101,"column":83},"end":{"line":101,"column":null}}],"line":101},"15":{"loc":{"start":{"line":101,"column":23},"end":{"line":101,"column":59}},"type":"binary-expr","locations":[{"start":{"line":101,"column":23},"end":{"line":101,"column":46}},{"start":{"line":101,"column":46},"end":{"line":101,"column":59}}],"line":101},"16":{"loc":{"start":{"line":104,"column":49},"end":{"line":104,"column":75}},"type":"binary-expr","locations":[{"start":{"line":104,"column":49},"end":{"line":104,"column":63}},{"start":{"line":104,"column":63},"end":{"line":104,"column":75}}],"line":104},"17":{"loc":{"start":{"line":122,"column":18},"end":{"line":123,"column":null}},"type":"if","locations":[{"start":{"line":122,"column":18},"end":{"line":123,"column":null}},{"start":{"line":123,"column":23},"end":{"line":123,"column":null}}],"line":122}},"s":{"0":0,"1":0,"2":0,"3":0,"4":0,"5":0,"6":0,"7":0,"8":0,"9":0,"10":0,"11":0,"12":0,"13":0,"14":0,"15":0,"16":0,"17":0,"18":0,"19":0,"20":0,"21":0,"22":0,"23":0,"24":0,"25":0,"26":0,"27":0,"28":0,"29":0,"30":0,"31":0,"32":0,"33":0,"34":0,"35":0,"36":0,"37":0,"38":0,"39":0,"40":0,"41":0,"42":0,"43":0,"44":0,"45":0,"46":0,"47":0,"48":0,"49":0,"50":0,"51":0,"52":0,"53":0,"54":0,"55":0,"56":0,"57":0},"f":{"0":0,"1":0,"2":0,"3":0,"4":0,"5":0,"6":0,"7":0},"b":{"0":[0,0],"1":[0,0],"2":[0,0],"3":[0,0],"4":[0,0],"5":[0,0],"6":[0,0],"7":[0,0],"8":[0,0],"9":[0,0],"10":[0,0],"11":[0,0],"12":[0,0],"13":[0,0],"14":[0,0],"15":[0,0],"16":[0,0],"17":[0,0]},"meta":{"lastBranch":18,"lastFunction":8,"lastStatement":58,"seen":{"f:17:24:17:34":0,"s:18:32:18:Infinity":0,"s:19:32:19:Infinity":1,"s:20:34:20:Infinity":2,"s:21:36:21:Infinity":3,"s:22:34:22:Infinity":4,"s:25:28:25:Infinity":5,"s:26:38:26:Infinity":6,"s:28:21:63:Infinity":7,"f:28:21:28:33":1,"b:29:4:29:Infinity:undefined:undefined:undefined:undefined":0,"s:29:4:29:Infinity":8,"b:29:8:29:22:29:22:29:34":1,"s:29:34:29:Infinity":9,"s:31:31:31:Infinity":10,"s:33:4:62:Infinity":11,"b:34:6:49:Infinity:42:13:49:Infinity":2,"s:34:6:49:Infinity":12,"b:34:10:34:33:34:33:34:45":3,"s:36:14:36:Infinity":13,"b:37:8:40:Infinity:undefined:undefined:undefined:undefined":4,"s:37:8:40:Infinity":14,"s:38:10:38:Infinity":15,"s:39:10:39:Infinity":16,"s:41:8:41:Infinity":17,"s:44:24:44:Infinity":18,"s:45:8:45:Infinity":19,"s:48:8:48:Infinity":20,"s:51:6:51:Infinity":21,"s:54:6:54:Infinity":22,"f:54:17:54:18":2,"s:54:18:54:56":23,"s:55:6:55:Infinity":24,"s:56:6:56:Infinity":25,"b:58:6:58:Infinity:undefined:undefined:undefined:undefined":5,"s:58:6:58:Infinity":26,"s:58:18:58:Infinity":27,"s:60:6:60:Infinity":28,"s:61:6:61:Infinity":29,"s:65:24:89:Infinity":30,"f:65:24:65:25":3,"b:66:4:88:Infinity:71:4:88:Infinity":6,"s:66:4:88:Infinity":31,"b:67:6:70:Infinity:undefined:undefined:undefined:undefined":7,"s:67:6:70:Infinity":32,"b:67:10:67:25:67:25:67:38":8,"s:68:8:68:Infinity":33,"s:69:8:69:Infinity":34,"b:71:4:88:Infinity:78:4:88:Infinity":9,"s:71:4:88:Infinity":35,"s:72:6:72:Infinity":36,"b:73:6:77:Infinity:undefined:undefined:undefined:undefined":10,"s:73:6:77:Infinity":37,"s:74:26:74:Infinity":38,"s:75:8:75:Infinity":39,"s:76:8:76:Infinity":40,"b:78:4:88:Infinity:undefined:undefined:undefined:undefined":11,"s:78:4:88:Infinity":41,"s:79:6:79:Infinity":42,"b:80:6:87:Infinity:84:6:87:Infinity":12,"s:80:6:87:Infinity":43,"s:81:26:81:Infinity":44,"s:82:8:82:Infinity":45,"s:83:8:83:Infinity":46,"b:84:6:87:Infinity:undefined:undefined:undefined:undefined":13,"s:84:6:87:Infinity":47,"s:85:8:85:Infinity":48,"s:86:8:86:Infinity":49,"s:91:2:142:Infinity":50,"f:98:20:98:21":4,"s:98:27:98:Infinity":51,"b:101:59:101:83:101:83:101:Infinity":14,"b:101:23:101:46:101:46:101:59":15,"b:104:49:104:63:104:63:104:75":16,"f:112:26:112:27":5,"s:112:33:112:Infinity":52,"f:120:26:120:27":6,"s:121:18:121:Infinity":53,"b:122:18:123:Infinity:123:23:123:Infinity":17,"s:122:18:123:Infinity":54,"s:122:40:122:Infinity":55,"s:123:23:123:Infinity":56,"f:131:22:131:23":7,"s:131:29:131:Infinity":57}}}
,"C:\\Users\\kazuki\\Documents\\SerialMonitorEssential\\src\\components\\SettingsPanel.tsx": {"path":"C:\\Users\\kazuki\\Documents\\SerialMonitorEssential\\src\\components\\SettingsPanel.tsx","statementMap":{"0":{"start":{"line":37,"column":44},"end":{"line":37,"column":null}},"1":{"start":{"line":38,"column":46},"end":{"line":38,"column":null}},"2":{"start":{"line":40,"column":23},"end":{"line":42,"column":null}},"3":{"start":{"line":41,"column":4},"end":{"line":41,"column":null}},"4":{"start":{"line":44,"column":2},"end":{"line":213,"column":null}},"5":{"start":{"line":50,"column":27},"end":{"line":50,"column":null}},"6":{"start":{"line":56,"column":12},"end":{"line":58,"column":null}},"7":{"start":{"line":68,"column":31},"end":{"line":68,"column":null}},"8":{"start":{"line":69,"column":28},"end":{"line":69,"column":null}},"9":{"start":{"line":70,"column":32},"end":{"line":70,"column":null}},"10":{"start":{"line":79,"column":16},"end":{"line":79,"column":null}},"11":{"start":{"line":79,"column":33},"end":{"line":79,"column":null}},"12":{"start":{"line":80,"column":16},"end":{"line":80,"column":null}},"13":{"start":{"line":90,"column":68},"end":{"line":90,"column":96}},"14":{"start":{"line":96,"column":18},"end":{"line":105,"column":null}},"15":{"start":{"line":100,"column":22},"end":{"line":100,"column":null}},"16":{"start":{"line":101,"column":22},"end":{"line":101,"column":null}},"17":{"start":{"line":110,"column":20},"end":{"line":110,"column":null}},"18":{"start":{"line":111,"column":20},"end":{"line":111,"column":null}},"19":{"start":{"line":139,"column":29},"end":{"line":139,"column":null}},"20":{"start":{"line":143,"column":14},"end":{"line":145,"column":null}},"21":{"start":{"line":154,"column":29},"end":{"line":154,"column":null}},"22":{"start":{"line":158,"column":14},"end":{"line":160,"column":null}},"23":{"start":{"line":170,"column":31},"end":{"line":170,"column":null}},"24":{"start":{"line":178,"column":31},"end":{"line":178,"column":null}},"25":{"start":{"line":188,"column":29},"end":{"line":188,"column":null}},"26":{"start":{"line":201,"column":14},"end":{"line":201,"column":null}},"27":{"start":{"line":206,"column":14},"end":{"line":208,"column":null}}},"fnMap":{"0":{"name":"SettingsPanel","decl":{"start":{"line":26,"column":24},"end":{"line":26,"column":38}},"loc":{"start":{"line":36,"column":23},"end":{"line":215,"column":null}},"line":36},"1":{"name":"(anonymous_1)","decl":{"start":{"line":40,"column":23},"end":{"line":40,"column":54}},"loc":{"start":{"line":40,"column":89},"end":{"line":42,"column":null}},"line":40},"2":{"name":"(anonymous_2)","decl":{"start":{"line":50,"column":20},"end":{"line":50,"column":21}},"loc":{"start":{"line":50,"column":27},"end":{"line":50,"column":null}},"line":50},"3":{"name":"(anonymous_3)","decl":{"start":{"line":55,"column":21},"end":{"line":55,"column":22}},"loc":{"start":{"line":56,"column":12},"end":{"line":58,"column":null}},"line":56},"4":{"name":"(anonymous_4)","decl":{"start":{"line":68,"column":24},"end":{"line":68,"column":25}},"loc":{"start":{"line":68,"column":31},"end":{"line":68,"column":null}},"line":68},"5":{"name":"(anonymous_5)","decl":{"start":{"line":69,"column":22},"end":{"line":69,"column":28}},"loc":{"start":{"line":69,"column":28},"end":{"line":69,"column":null}},"line":69},"6":{"name":"(anonymous_6)","decl":{"start":{"line":70,"column":25},"end":{"line":70,"column":26}},"loc":{"start":{"line":70,"column":32},"end":{"line":70,"column":null}},"line":70},"7":{"name":"(anonymous_7)","decl":{"start":{"line":78,"column":23},"end":{"line":78,"column":29}},"loc":{"start":{"line":78,"column":29},"end":{"line":81,"column":null}},"line":78},"8":{"name":"(anonymous_8)","decl":{"start":{"line":90,"column":62},"end":{"line":90,"column":68}},"loc":{"start":{"line":90,"column":68},"end":{"line":90,"column":96}},"line":90},"9":{"name":"(anonymous_9)","decl":{"start":{"line":95,"column":22},"end":{"line":95,"column":23}},"loc":{"start":{"line":96,"column":18},"end":{"line":105,"column":null}},"line":96},"10":{"name":"(anonymous_10)","decl":{"start":{"line":99,"column":29},"end":{"line":99,"column":35}},"loc":{"start":{"line":99,"column":35},"end":{"line":102,"column":null}},"line":99},"11":{"name":"(anonymous_11)","decl":{"start":{"line":109,"column":27},"end":{"line":109,"column":33}},"loc":{"start":{"line":109,"column":33},"end":{"line":112,"column":null}},"line":109},"12":{"name":"(anonymous_12)","decl":{"start":{"line":139,"column":22},"end":{"line":139,"column":23}},"loc":{"start":{"line":139,"column":29},"end":{"line":139,"column":null}},"line":139},"13":{"name":"(anonymous_13)","decl":{"start":{"line":142,"column":30},"end":{"line":142,"column":31}},"loc":{"start":{"line":143,"column":14},"end":{"line":145,"column":null}},"line":143},"14":{"name":"(anonymous_14)","decl":{"start":{"line":154,"column":22},"end":{"line":154,"column":23}},"loc":{"start":{"line":154,"column":29},"end":{"line":154,"column":null}},"line":154},"15":{"name":"(anonymous_15)","decl":{"start":{"line":157,"column":41},"end":{"line":157,"column":42}},"loc":{"start":{"line":158,"column":14},"end":{"line":160,"column":null}},"line":158},"16":{"name":"(anonymous_16)","decl":{"start":{"line":170,"column":24},"end":{"line":170,"column":25}},"loc":{"start":{"line":170,"column":31},"end":{"line":170,"column":null}},"line":170},"17":{"name":"(anonymous_17)","decl":{"start":{"line":178,"column":24},"end":{"line":178,"column":25}},"loc":{"start":{"line":178,"column":31},"end":{"line":178,"column":null}},"line":178},"18":{"name":"(anonymous_18)","decl":{"start":{"line":188,"column":22},"end":{"line":188,"column":23}},"loc":{"start":{"line":188,"column":29},"end":{"line":188,"column":null}},"line":188},"19":{"name":"(anonymous_19)","decl":{"start":{"line":200,"column":22},"end":{"line":200,"column":23}},"loc":{"start":{"line":201,"column":14},"end":{"line":201,"column":null}},"line":201},"20":{"name":"(anonymous_20)","decl":{"start":{"line":205,"column":50},"end":{"line":205,"column":51}},"loc":{"start":{"line":206,"column":14},"end":{"line":208,"column":null}},"line":206}},"branchMap":{"0":{"loc":{"start":{"line":60,"column":11},"end":{"line":60,"column":null}},"type":"binary-expr","locations":[{"start":{"line":60,"column":11},"end":{"line":60,"column":33}},{"start":{"line":60,"column":33},"end":{"line":60,"column":null}}],"line":60},"1":{"loc":{"start":{"line":64,"column":11},"end":{"line":85,"column":null}},"type":"cond-expr","locations":[{"start":{"line":65,"column":12},"end":{"line":74,"column":null}},{"start":{"line":76,"column":12},"end":{"line":85,"column":null}}],"line":64},"2":{"loc":{"start":{"line":70,"column":32},"end":{"line":70,"column":null}},"type":"binary-expr","locations":[{"start":{"line":70,"column":32},"end":{"line":70,"column":53}},{"start":{"line":70,"column":53},"end":{"line":70,"column":null}}],"line":70},"3":{"loc":{"start":{"line":77,"column":41},"end":{"line":77,"column":70}},"type":"cond-expr","locations":[{"start":{"line":77,"column":55},"end":{"line":77,"column":68}},{"start":{"line":77,"column":68},"end":{"line":77,"column":70}}],"line":77},"4":{"loc":{"start":{"line":79,"column":16},"end":{"line":79,"column":null}},"type":"if","locations":[{"start":{"line":79,"column":16},"end":{"line":79,"column":null}},{"start":{},"end":{}}],"line":79},"5":{"loc":{"start":{"line":88,"column":11},"end":{"line":117,"column":null}},"type":"binary-expr","locations":[{"start":{"line":88,"column":11},"end":{"line":88,"column":31}},{"start":{"line":88,"column":31},"end":{"line":88,"column":51}},{"start":{"line":88,"column":51},"end":{"line":88,"column":null}},{"start":{"line":89,"column":12},"end":{"line":117,"column":null}}],"line":88},"6":{"loc":{"start":{"line":122,"column":19},"end":{"line":122,"column":null}},"type":"cond-expr","locations":[{"start":{"line":122,"column":33},"end":{"line":122,"column":48}},{"start":{"line":122,"column":48},"end":{"line":122,"column":null}}],"line":122},"7":{"loc":{"start":{"line":123,"column":39},"end":{"line":123,"column":69}},"type":"cond-expr","locations":[{"start":{"line":123,"column":53},"end":{"line":123,"column":67}},{"start":{"line":123,"column":67},"end":{"line":123,"column":69}}],"line":123},"8":{"loc":{"start":{"line":125,"column":11},"end":{"line":125,"column":null}},"type":"cond-expr","locations":[{"start":{"line":125,"column":25},"end":{"line":125,"column":40}},{"start":{"line":125,"column":40},"end":{"line":125,"column":null}}],"line":125}},"s":{"0":0,"1":0,"2":0,"3":0,"4":0,"5":0,"6":0,"7":0,"8":0,"9":0,"10":0,"11":0,"12":0,"13":0,"14":0,"15":0,"16":0,"17":0,"18":0,"19":0,"20":0,"21":0,"22":0,"23":0,"24":0,"25":0,"26":0,"27":0},"f":{"0":0,"1":0,"2":0,"3":0,"4":0,"5":0,"6":0,"7":0,"8":0,"9":0,"10":0,"11":0,"12":0,"13":0,"14":0,"15":0,"16":0,"17":0,"18":0,"19":0,"20":0},"b":{"0":[0,0],"1":[0,0],"2":[0,0],"3":[0,0],"4":[0,0],"5":[0,0,0,0],"6":[0,0],"7":[0,0],"8":[0,0]},"meta":{"lastBranch":9,"lastFunction":21,"lastStatement":28,"seen":{"f:26:24:26:38":0,"s:37:44:37:Infinity":0,"s:38:46:38:Infinity":1,"s:40:23:42:Infinity":2,"f:40:23:40:54":1,"s:41:4:41:Infinity":3,"s:44:2:213:Infinity":4,"f:50:20:50:21":2,"s:50:27:50:Infinity":5,"f:55:21:55:22":3,"s:56:12:58:Infinity":6,"b:60:11:60:33:60:33:60:Infinity":0,"b:65:12:74:Infinity:76:12:85:Infinity":1,"f:68:24:68:25":4,"s:68:31:68:Infinity":7,"f:69:22:69:28":5,"s:69:28:69:Infinity":8,"f:70:25:70:26":6,"s:70:32:70:Infinity":9,"b:70:32:70:53:70:53:70:Infinity":2,"b:77:55:77:68:77:68:77:70":3,"f:78:23:78:29":7,"b:79:16:79:Infinity:undefined:undefined:undefined:undefined":4,"s:79:16:79:Infinity":10,"s:79:33:79:Infinity":11,"s:80:16:80:Infinity":12,"b:88:11:88:31:88:31:88:51:88:51:88:Infinity:89:12:117:Infinity":5,"f:90:62:90:68":8,"s:90:68:90:96":13,"f:95:22:95:23":9,"s:96:18:105:Infinity":14,"f:99:29:99:35":10,"s:100:22:100:Infinity":15,"s:101:22:101:Infinity":16,"f:109:27:109:33":11,"s:110:20:110:Infinity":17,"s:111:20:111:Infinity":18,"b:122:33:122:48:122:48:122:Infinity":6,"b:123:53:123:67:123:67:123:69":7,"b:125:25:125:40:125:40:125:Infinity":8,"f:139:22:139:23":12,"s:139:29:139:Infinity":19,"f:142:30:142:31":13,"s:143:14:145:Infinity":20,"f:154:22:154:23":14,"s:154:29:154:Infinity":21,"f:157:41:157:42":15,"s:158:14:160:Infinity":22,"f:170:24:170:25":16,"s:170:31:170:Infinity":23,"f:178:24:178:25":17,"s:178:31:178:Infinity":24,"f:188:22:188:23":18,"s:188:29:188:Infinity":25,"f:200:22:200:23":19,"s:201:14:201:Infinity":26,"f:205:50:205:51":20,"s:206:14:208:Infinity":27}}}
,"C:\\Users\\kazuki\\Documents\\SerialMonitorEssential\\src\\components\\plotter\\LineChart.tsx": {"path":"C:\\Users\\kazuki\\Documents\\SerialMonitorEssential\\src\\components\\plotter\\LineChart.tsx","statementMap":{"0":{"start":{"line":7,"column":15},"end":{"line":24,"column":null}},"1":{"start":{"line":36,"column":8},"end":{"line":36,"column":null}},"2":{"start":{"line":37,"column":8},"end":{"line":37,"column":null}},"3":{"start":{"line":38,"column":8},"end":{"line":38,"column":null}},"4":{"start":{"line":39,"column":8},"end":{"line":39,"column":null}},"5":{"start":{"line":40,"column":8},"end":{"line":40,"column":null}},"6":{"start":{"line":41,"column":8},"end":{"line":41,"column":null}},"7":{"start":{"line":44,"column":8},"end":{"line":80,"column":null}},"8":{"start":{"line":46,"column":21},"end":{"line":46,"column":null}},"9":{"start":{"line":47,"column":4},"end":{"line":49,"column":null}},"10":{"start":{"line":48,"column":6},"end":{"line":48,"column":null}},"11":{"start":{"line":52,"column":25},"end":{"line":52,"column":null}},"12":{"start":{"line":53,"column":4},"end":{"line":58,"column":null}},"13":{"start":{"line":54,"column":21},"end":{"line":54,"column":null}},"14":{"start":{"line":55,"column":6},"end":{"line":57,"column":null}},"15":{"start":{"line":56,"column":8},"end":{"line":56,"column":null}},"16":{"start":{"line":59,"column":23},"end":{"line":59,"column":null}},"17":{"start":{"line":59,"column":63},"end":{"line":59,"column":68}},"18":{"start":{"line":61,"column":4},"end":{"line":63,"column":null}},"19":{"start":{"line":62,"column":6},"end":{"line":62,"column":null}},"20":{"start":{"line":66,"column":43},"end":{"line":66,"column":null}},"21":{"start":{"line":66,"column":66},"end":{"line":66,"column":74}},"22":{"start":{"line":68,"column":4},"end":{"line":77,"column":null}},"23":{"start":{"line":69,"column":21},"end":{"line":69,"column":null}},"24":{"start":{"line":70,"column":23},"end":{"line":70,"column":null}},"25":{"start":{"line":71,"column":6},"end":{"line":73,"column":null}},"26":{"start":{"line":72,"column":8},"end":{"line":72,"column":null}},"27":{"start":{"line":75,"column":21},"end":{"line":75,"column":null}},"28":{"start":{"line":75,"column":43},"end":{"line":75,"column":66}},"29":{"start":{"line":76,"column":6},"end":{"line":76,"column":null}},"30":{"start":{"line":79,"column":4},"end":{"line":79,"column":null}},"31":{"start":{"line":83,"column":2},"end":{"line":308,"column":null}},"32":{"start":{"line":84,"column":4},"end":{"line":84,"column":null}},"33":{"start":{"line":84,"column":31},"end":{"line":84,"column":null}},"34":{"start":{"line":86,"column":42},"end":{"line":86,"column":null}},"35":{"start":{"line":89,"column":4},"end":{"line":95,"column":null}},"36":{"start":{"line":90,"column":6},"end":{"line":93,"column":null}},"37":{"start":{"line":91,"column":8},"end":{"line":91,"column":null}},"38":{"start":{"line":92,"column":8},"end":{"line":92,"column":null}},"39":{"start":{"line":94,"column":6},"end":{"line":94,"column":null}},"40":{"start":{"line":99,"column":6},"end":{"line":100,"column":null}},"41":{"start":{"line":100,"column":31},"end":{"line":100,"column":60}},"42":{"start":{"line":102,"column":4},"end":{"line":303,"column":null}},"43":{"start":{"line":104,"column":6},"end":{"line":106,"column":null}},"44":{"start":{"line":105,"column":8},"end":{"line":105,"column":null}},"45":{"start":{"line":108,"column":37},"end":{"line":116,"column":null}},"46":{"start":{"line":110,"column":36},"end":{"line":115,"column":10}},"47":{"start":{"line":118,"column":34},"end":{"line":245,"column":null}},"48":{"start":{"line":158,"column":14},"end":{"line":158,"column":null}},"49":{"start":{"line":163,"column":14},"end":{"line":192,"column":null}},"50":{"start":{"line":165,"column":16},"end":{"line":165,"column":null}},"51":{"start":{"line":166,"column":16},"end":{"line":166,"column":null}},"52":{"start":{"line":167,"column":16},"end":{"line":167,"column":null}},"53":{"start":{"line":168,"column":29},"end":{"line":168,"column":null}},"54":{"start":{"line":169,"column":16},"end":{"line":191,"column":null}},"55":{"start":{"line":170,"column":32},"end":{"line":170,"column":null}},"56":{"start":{"line":171,"column":31},"end":{"line":171,"column":null}},"57":{"start":{"line":172,"column":31},"end":{"line":172,"column":null}},"58":{"start":{"line":173,"column":18},"end":{"line":173,"column":null}},"59":{"start":{"line":176,"column":29},"end":{"line":176,"column":null}},"60":{"start":{"line":177,"column":29},"end":{"line":177,"column":null}},"61":{"start":{"line":178,"column":18},"end":{"line":186,"column":null}},"62":{"start":{"line":178,"column":31},"end":{"line":178,"column":34}},"63":{"start":{"line":179,"column":34},"end":{"line":179,"column":null}},"64":{"start":{"line":180,"column":20},"end":{"line":185,"column":null}},"65":{"start":{"line":181,"column":22},"end":{"line":184,"column":null}},"66":{"start":{"line":182,"column":24},"end":{"line":182,"column":null}},"67":{"start":{"line":183,"column":24},"end":{"line":183,"column":null}},"68":{"start":{"line":187,"column":18},"end":{"line":190,"column":null}},"69":{"start":{"line":188,"column":26},"end":{"line":188,"column":null}},"70":{"start":{"line":189,"column":20},"end":{"line":189,"column":null}},"71":{"start":{"line":195,"column":14},"end":{"line":241,"column":null}},"72":{"start":{"line":196,"column":16},"end":{"line":196,"column":null}},"73":{"start":{"line":198,"column":31},"end":{"line":198,"column":null}},"74":{"start":{"line":199,"column":29},"end":{"line":199,"column":null}},"75":{"start":{"line":200,"column":29},"end":{"line":200,"column":null}},"76":{"start":{"line":201,"column":29},"end":{"line":201,"column":null}},"77":{"start":{"line":204,"column":31},"end":{"line":204,"column":null}},"78":{"start":{"line":205,"column":31},"end":{"line":205,"column":null}},"79":{"start":{"line":208,"column":16},"end":{"line":214,"column":null}},"80":{"start":{"line":214,"column":18},"end":{"line":214,"column":null}},"81":{"start":{"line":217,"column":29},"end":{"line":217,"column":null}},"82":{"start":{"line":218,"column":29},"end":{"line":218,"column":null}},"83":{"start":{"line":220,"column":16},"end":{"line":240,"column":null}},"84":{"start":{"line":222,"column":33},"end":{"line":222,"column":null}},"85":{"start":{"line":223,"column":35},"end":{"line":223,"column":null}},"86":{"start":{"line":224,"column":24},"end":{"line":224,"column":null}},"87":{"start":{"line":225,"column":33},"end":{"line":225,"column":null}},"88":{"start":{"line":226,"column":33},"end":{"line":226,"column":null}},"89":{"start":{"line":227,"column":18},"end":{"line":227,"column":null}},"90":{"start":{"line":229,"column":18},"end":{"line":229,"column":null}},"91":{"start":{"line":232,"column":33},"end":{"line":232,"column":null}},"92":{"start":{"line":233,"column":35},"end":{"line":233,"column":null}},"93":{"start":{"line":234,"column":24},"end":{"line":234,"column":null}},"94":{"start":{"line":235,"column":33},"end":{"line":235,"column":null}},"95":{"start":{"line":236,"column":33},"end":{"line":236,"column":null}},"96":{"start":{"line":237,"column":18},"end":{"line":237,"column":null}},"97":{"start":{"line":239,"column":18},"end":{"line":239,"column":null}},"98":{"start":{"line":247,"column":6},"end":{"line":247,"column":null}},"99":{"start":{"line":248,"column":6},"end":{"line":248,"column":null}},"100":{"start":{"line":251,"column":20},"end":{"line":251,"column":null}},"101":{"start":{"line":252,"column":25},"end":{"line":252,"column":null}},"102":{"start":{"line":253,"column":25},"end":{"line":253,"column":null}},"103":{"start":{"line":255,"column":6},"end":{"line":255,"column":null}},"104":{"start":{"line":257,"column":6},"end":{"line":302,"column":null}},"105":{"start":{"line":259,"column":8},"end":{"line":261,"column":null}},"106":{"start":{"line":260,"column":10},"end":{"line":260,"column":null}},"107":{"start":{"line":262,"column":8},"end":{"line":264,"column":null}},"108":{"start":{"line":263,"column":10},"end":{"line":263,"column":null}},"109":{"start":{"line":267,"column":8},"end":{"line":301,"column":null}},"110":{"start":{"line":268,"column":24},"end":{"line":268,"column":null}},"111":{"start":{"line":269,"column":23},"end":{"line":269,"column":null}},"112":{"start":{"line":270,"column":23},"end":{"line":270,"column":null}},"113":{"start":{"line":273,"column":10},"end":{"line":279,"column":null}},"114":{"start":{"line":274,"column":26},"end":{"line":274,"column":null}},"115":{"start":{"line":276,"column":12},"end":{"line":276,"column":null}},"116":{"start":{"line":278,"column":12},"end":{"line":278,"column":null}},"117":{"start":{"line":281,"column":21},"end":{"line":281,"column":null}},"118":{"start":{"line":282,"column":21},"end":{"line":282,"column":null}},"119":{"start":{"line":283,"column":10},"end":{"line":291,"column":null}},"120":{"start":{"line":283,"column":23},"end":{"line":283,"column":26}},"121":{"start":{"line":284,"column":26},"end":{"line":284,"column":null}},"122":{"start":{"line":285,"column":12},"end":{"line":290,"column":null}},"123":{"start":{"line":286,"column":14},"end":{"line":289,"column":null}},"124":{"start":{"line":287,"column":16},"end":{"line":287,"column":null}},"125":{"start":{"line":288,"column":16},"end":{"line":288,"column":null}},"126":{"start":{"line":292,"column":10},"end":{"line":300,"column":null}},"127":{"start":{"line":294,"column":12},"end":{"line":299,"column":null}},"128":{"start":{"line":295,"column":14},"end":{"line":295,"column":null}},"129":{"start":{"line":297,"column":20},"end":{"line":297,"column":null}},"130":{"start":{"line":298,"column":14},"end":{"line":298,"column":null}},"131":{"start":{"line":305,"column":4},"end":{"line":307,"column":null}},"132":{"start":{"line":311,"column":2},"end":{"line":326,"column":null}},"133":{"start":{"line":312,"column":4},"end":{"line":312,"column":null}},"134":{"start":{"line":312,"column":31},"end":{"line":312,"column":null}},"135":{"start":{"line":314,"column":27},"end":{"line":319,"column":null}},"136":{"start":{"line":315,"column":6},"end":{"line":318,"column":null}},"137":{"start":{"line":316,"column":34},"end":{"line":316,"column":null}},"138":{"start":{"line":317,"column":8},"end":{"line":317,"column":null}},"139":{"start":{"line":321,"column":4},"end":{"line":321,"column":null}},"140":{"start":{"line":323,"column":4},"end":{"line":325,"column":null}},"141":{"start":{"line":324,"column":6},"end":{"line":324,"column":null}},"142":{"start":{"line":329,"column":2},"end":{"line":336,"column":null}},"143":{"start":{"line":330,"column":4},"end":{"line":335,"column":null}},"144":{"start":{"line":331,"column":6},"end":{"line":334,"column":null}},"145":{"start":{"line":332,"column":8},"end":{"line":332,"column":null}},"146":{"start":{"line":333,"column":8},"end":{"line":333,"column":null}},"147":{"start":{"line":338,"column":2},"end":{"line":338,"column":null}}},"fnMap":{"0":{"name":"LineChart","decl":{"start":{"line":35,"column":24},"end":{"line":35,"column":34}},"loc":{"start":{"line":35,"column":78},"end":{"line":339,"column":null}},"line":35},"1":{"name":"(anonymous_1)","decl":{"start":{"line":44,"column":37},"end":{"line":44,"column":43}},"loc":{"start":{"line":44,"column":43},"end":{"line":80,"column":5}},"line":44},"2":{"name":"(anonymous_2)","decl":{"start":{"line":59,"column":53},"end":{"line":59,"column":54}},"loc":{"start":{"line":59,"column":63},"end":{"line":59,"column":68}},"line":59},"3":{"name":"(anonymous_3)","decl":{"start":{"line":66,"column":59},"end":{"line":66,"column":60}},"loc":{"start":{"line":66,"column":66},"end":{"line":66,"column":74}},"line":66},"4":{"name":"(anonymous_4)","decl":{"start":{"line":75,"column":36},"end":{"line":75,"column":37}},"loc":{"start":{"line":75,"column":43},"end":{"line":75,"column":66}},"line":75},"5":{"name":"(anonymous_5)","decl":{"start":{"line":83,"column":12},"end":{"line":83,"column":18}},"loc":{"start":{"line":83,"column":18},"end":{"line":308,"column":5}},"line":83},"6":{"name":"(anonymous_6)","decl":{"start":{"line":100,"column":20},"end":{"line":100,"column":21}},"loc":{"start":{"line":100,"column":31},"end":{"line":100,"column":60}},"line":100},"7":{"name":"(anonymous_7)","decl":{"start":{"line":110,"column":24},"end":{"line":110,"column":25}},"loc":{"start":{"line":110,"column":36},"end":{"line":115,"column":10}},"line":110},"8":{"name":"(anonymous_8)","decl":{"start":{"line":157,"column":12},"end":{"line":157,"column":18}},"loc":{"start":{"line":157,"column":18},"end":{"line":159,"column":null}},"line":157},"9":{"name":"(anonymous_9)","decl":{"start":{"line":162,"column":12},"end":{"line":162,"column":13}},"loc":{"start":{"line":162,"column":19},"end":{"line":242,"column":null}},"line":162},"10":{"name":"(anonymous_10)","decl":{"start":{"line":163,"column":50},"end":{"line":163,"column":56}},"loc":{"start":{"line":163,"column":56},"end":{"line":192,"column":15}},"line":163},"11":{"name":"(anonymous_11)","decl":{"start":{"line":195,"column":47},"end":{"line":195,"column":48}},"loc":{"start":{"line":195,"column":54},"end":{"line":241,"column":15}},"line":195},"12":{"name":"(anonymous_12)","decl":{"start":{"line":305,"column":11},"end":{"line":305,"column":17}},"loc":{"start":{"line":305,"column":17},"end":{"line":307,"column":null}},"line":305},"13":{"name":"(anonymous_13)","decl":{"start":{"line":311,"column":12},"end":{"line":311,"column":18}},"loc":{"start":{"line":311,"column":18},"end":{"line":326,"column":5}},"line":311},"14":{"name":"(anonymous_14)","decl":{"start":{"line":314,"column":46},"end":{"line":314,"column":47}},"loc":{"start":{"line":314,"column":59},"end":{"line":319,"column":5}},"line":314},"15":{"name":"(anonymous_15)","decl":{"start":{"line":323,"column":11},"end":{"line":323,"column":17}},"loc":{"start":{"line":323,"column":17},"end":{"line":325,"column":null}},"line":323},"16":{"name":"(anonymous_16)","decl":{"start":{"line":329,"column":12},"end":{"line":329,"column":18}},"loc":{"start":{"line":329,"column":18},"end":{"line":336,"column":5}},"line":329},"17":{"name":"(anonymous_17)","decl":{"start":{"line":330,"column":11},"end":{"line":330,"column":17}},"loc":{"start":{"line":330,"column":17},"end":{"line":335,"column":null}},"line":330}},"branchMap":{"0":{"loc":{"start":{"line":35,"column":42},"end":{"line":35,"column":59}},"type":"default-arg","locations":[{"start":{"line":35,"column":53},"end":{"line":35,"column":59}}],"line":35},"1":{"loc":{"start":{"line":47,"column":4},"end":{"line":49,"column":null}},"type":"if","locations":[{"start":{"line":47,"column":4},"end":{"line":49,"column":null}},{"start":{},"end":{}}],"line":47},"2":{"loc":{"start":{"line":61,"column":4},"end":{"line":63,"column":null}},"type":"if","locations":[{"start":{"line":61,"column":4},"end":{"line":63,"column":null}},{"start":{},"end":{}}],"line":61},"3":{"loc":{"start":{"line":75,"column":43},"end":{"line":75,"column":66}},"type":"binary-expr","locations":[{"start":{"line":75,"column":43},"end":{"line":75,"column":62}},{"start":{"line":75,"column":62},"end":{"line":75,"column":66}}],"line":75},"4":{"loc":{"start":{"line":84,"column":4},"end":{"line":84,"column":null}},"type":"if","locations":[{"start":{"line":84,"column":4},"end":{"line":84,"column":null}},{"start":{},"end":{}}],"line":84},"5":{"loc":{"start":{"line":89,"column":4},"end":{"line":95,"column":null}},"type":"if","locations":[{"start":{"line":89,"column":4},"end":{"line":95,"column":null}},{"start":{},"end":{}}],"line":89},"6":{"loc":{"start":{"line":89,"column":8},"end":{"line":89,"column":60}},"type":"binary-expr","locations":[{"start":{"line":89,"column":8},"end":{"line":89,"column":33}},{"start":{"line":89,"column":33},"end":{"line":89,"column":60}}],"line":89},"7":{"loc":{"start":{"line":90,"column":6},"end":{"line":93,"column":null}},"type":"if","locations":[{"start":{"line":90,"column":6},"end":{"line":93,"column":null}},{"start":{},"end":{}}],"line":90},"8":{"loc":{"start":{"line":99,"column":6},"end":{"line":100,"column":null}},"type":"binary-expr","locations":[{"start":{"line":99,"column":6},"end":{"line":99,"column":null}},{"start":{"line":100,"column":6},"end":{"line":100,"column":null}}],"line":99},"9":{"loc":{"start":{"line":102,"column":4},"end":{"line":303,"column":null}},"type":"if","locations":[{"start":{"line":102,"column":4},"end":{"line":303,"column":null}},{"start":{"line":249,"column":11},"end":{"line":303,"column":null}}],"line":102},"10":{"loc":{"start":{"line":102,"column":8},"end":{"line":102,"column":46}},"type":"binary-expr","locations":[{"start":{"line":102,"column":8},"end":{"line":102,"column":27}},{"start":{"line":102,"column":27},"end":{"line":102,"column":46}}],"line":102},"11":{"loc":{"start":{"line":104,"column":6},"end":{"line":106,"column":null}},"type":"if","locations":[{"start":{"line":104,"column":6},"end":{"line":106,"column":null}},{"start":{},"end":{}}],"line":104},"12":{"loc":{"start":{"line":169,"column":16},"end":{"line":191,"column":null}},"type":"if","locations":[{"start":{"line":169,"column":16},"end":{"line":191,"column":null}},{"start":{},"end":{}}],"line":169},"13":{"loc":{"start":{"line":169,"column":20},"end":{"line":169,"column":59}},"type":"binary-expr","locations":[{"start":{"line":169,"column":20},"end":{"line":169,"column":28}},{"start":{"line":169,"column":28},"end":{"line":169,"column":39}},{"start":{"line":169,"column":39},"end":{"line":169,"column":59}}],"line":169},"14":{"loc":{"start":{"line":181,"column":22},"end":{"line":184,"column":null}},"type":"if","locations":[{"start":{"line":181,"column":22},"end":{"line":184,"column":null}},{"start":{},"end":{}}],"line":181},"15":{"loc":{"start":{"line":187,"column":18},"end":{"line":190,"column":null}},"type":"if","locations":[{"start":{"line":187,"column":18},"end":{"line":190,"column":null}},{"start":{},"end":{}}],"line":187},"16":{"loc":{"start":{"line":187,"column":22},"end":{"line":187,"column":63}},"type":"binary-expr","locations":[{"start":{"line":187,"column":22},"end":{"line":187,"column":43}},{"start":{"line":187,"column":43},"end":{"line":187,"column":63}}],"line":187},"17":{"loc":{"start":{"line":198,"column":31},"end":{"line":198,"column":null}},"type":"cond-expr","locations":[{"start":{"line":198,"column":46},"end":{"line":198,"column":52}},{"start":{"line":198,"column":52},"end":{"line":198,"column":null}}],"line":198},"18":{"loc":{"start":{"line":208,"column":16},"end":{"line":214,"column":null}},"type":"if","locations":[{"start":{"line":208,"column":16},"end":{"line":214,"column":null}},{"start":{},"end":{}}],"line":208},"19":{"loc":{"start":{"line":209,"column":18},"end":{"line":212,"column":null}},"type":"binary-expr","locations":[{"start":{"line":209,"column":18},"end":{"line":209,"column":null}},{"start":{"line":210,"column":18},"end":{"line":210,"column":null}},{"start":{"line":211,"column":18},"end":{"line":211,"column":null}},{"start":{"line":212,"column":18},"end":{"line":212,"column":null}}],"line":209},"20":{"loc":{"start":{"line":220,"column":16},"end":{"line":240,"column":null}},"type":"if","locations":[{"start":{"line":220,"column":16},"end":{"line":240,"column":null}},{"start":{"line":230,"column":23},"end":{"line":240,"column":null}}],"line":220},"21":{"loc":{"start":{"line":257,"column":6},"end":{"line":302,"column":null}},"type":"if","locations":[{"start":{"line":257,"column":6},"end":{"line":302,"column":null}},{"start":{"line":265,"column":13},"end":{"line":302,"column":null}}],"line":257},"22":{"loc":{"start":{"line":259,"column":8},"end":{"line":261,"column":null}},"type":"if","locations":[{"start":{"line":259,"column":8},"end":{"line":261,"column":null}},{"start":{},"end":{}}],"line":259},"23":{"loc":{"start":{"line":259,"column":12},"end":{"line":259,"column":74}},"type":"binary-expr","locations":[{"start":{"line":259,"column":12},"end":{"line":259,"column":44}},{"start":{"line":259,"column":44},"end":{"line":259,"column":74}}],"line":259},"24":{"loc":{"start":{"line":262,"column":8},"end":{"line":264,"column":null}},"type":"if","locations":[{"start":{"line":262,"column":8},"end":{"line":264,"column":null}},{"start":{},"end":{}}],"line":262},"25":{"loc":{"start":{"line":262,"column":12},"end":{"line":262,"column":74}},"type":"binary-expr","locations":[{"start":{"line":262,"column":12},"end":{"line":262,"column":44}},{"start":{"line":262,"column":44},"end":{"line":262,"column":74}}],"line":262},"26":{"loc":{"start":{"line":267,"column":8},"end":{"line":301,"column":null}},"type":"if","locations":[{"start":{"line":267,"column":8},"end":{"line":301,"column":null}},{"start":{},"end":{}}],"line":267},"27":{"loc":{"start":{"line":267,"column":12},"end":{"line":267,"column":53}},"type":"binary-expr","locations":[{"start":{"line":267,"column":12},"end":{"line":267,"column":28}},{"start":{"line":267,"column":28},"end":{"line":267,"column":53}}],"line":267},"28":{"loc":{"start":{"line":273,"column":10},"end":{"line":279,"column":null}},"type":"if","locations":[{"start":{"line":273,"column":10},"end":{"line":279,"column":null}},{"start":{"line":277,"column":17},"end":{"line":279,"column":null}}],"line":273},"29":{"loc":{"start":{"line":286,"column":14},"end":{"line":289,"column":null}},"type":"if","locations":[{"start":{"line":286,"column":14},"end":{"line":289,"column":null}},{"start":{},"end":{}}],"line":286},"30":{"loc":{"start":{"line":292,"column":10},"end":{"line":300,"column":null}},"type":"if","locations":[{"start":{"line":292,"column":10},"end":{"line":300,"column":null}},{"start":{},"end":{}}],"line":292},"31":{"loc":{"start":{"line":292,"column":14},"end":{"line":292,"column":55}},"type":"binary-expr","locations":[{"start":{"line":292,"column":14},"end":{"line":292,"column":35}},{"start":{"line":292,"column":35},"end":{"line":292,"column":55}}],"line":292},"32":{"loc":{"start":{"line":294,"column":12},"end":{"line":299,"column":null}},"type":"if","locations":[{"start":{"line":294,"column":12},"end":{"line":299,"column":null}},{"start":{"line":296,"column":19},"end":{"line":299,"column":null}}],"line":294},"33":{"loc":{"start":{"line":297,"column":20},"end":{"line":297,"column":null}},"type":"binary-expr","locations":[{"start":{"line":297,"column":20},"end":{"line":297,"column":53}},{"start":{"line":297,"column":53},"end":{"line":297,"column":null}}],"line":297},"34":{"loc":{"start":{"line":312,"column":4},"end":{"line":312,"column":null}},"type":"if","locations":[{"start":{"line":312,"column":4},"end":{"line":312,"column":null}},{"start":{},"end":{}}],"line":312},"35":{"loc":{"start":{"line":315,"column":6},"end":{"line":318,"column":null}},"type":"if","locations":[{"start":{"line":315,"column":6},"end":{"line":318,"column":null}},{"start":{},"end":{}}],"line":315},"36":{"loc":{"start":{"line":315,"column":10},"end":{"line":315,"column":42}},"type":"binary-expr","locations":[{"start":{"line":315,"column":10},"end":{"line":315,"column":30}},{"start":{"line":315,"column":30},"end":{"line":315,"column":42}}],"line":315},"37":{"loc":{"start":{"line":331,"column":6},"end":{"line":334,"column":null}},"type":"if","locations":[{"start":{"line":331,"column":6},"end":{"line":334,"column":null}},{"start":{},"end":{}}],"line":331},"38":{"loc":{"start":{"line":338,"column":68},"end":{"line":338,"column":92}},"type":"cond-expr","locations":[{"start":{"line":338,"column":79},"end":{"line":338,"column":90}},{"start":{"line":338,"column":90},"end":{"line":338,"column":92}}],"line":338}},"s":{"0":0,"1":0,"2":0,"3":0,"4":0,"5":0,"6":0,"7":0,"8":0,"9":0,"10":0,"11":0,"12":0,"13":0,"14":0,"15":0,"16":0,"17":0,"18":0,"19":0,"20":0,"21":0,"22":0,"23":0,"24":0,"25":0,"26":0,"27":0,"28":0,"29":0,"30":0,"31":0,"32":0,"33":0,"34":0,"35":0,"36":0,"37":0,"38":0,"39":0,"40":0,"41":0,"42":0,"43":0,"44":0,"45":0,"46":0,"47":0,"48":0,"49":0,"50":0,"51":0,"52":0,"53":0,"54":0,"55":0,"56":0,"57":0,"58":0,"59":0,"60":0,"61":0,"62":0,"63":0,"64":0,"65":0,"66":0,"67":0,"68":0,"69":0,"70":0,"71":0,"72":0,"73":0,"74":0,"75":0,"76":0,"77":0,"78":0,"79":0,"80":0,"81":0,"82":0,"83":0,"84":0,"85":0,"86":0,"87":0,"88":0,"89":0,"90":0,"91":0,"92":0,"93":0,"94":0,"95":0,"96":0,"97":0,"98":0,"99":0,"100":0,"101":0,"102":0,"103":0,"104":0,"105":0,"106":0,"107":0,"108":0,"109":0,"110":0,"111":0,"112":0,"113":0,"114":0,"115":0,"116":0,"117":0,"118":0,"119":0,"120":0,"121":0,"122":0,"123":0,"124":0,"125":0,"126":0,"127":0,"128":0,"129":0,"130":0,"131":0,"132":0,"133":0,"134":0,"135":0,"136":0,"137":0,"138":0,"139":0,"140":0,"141":0,"142":0,"143":0,"144":0,"145":0,"146":0,"147":0},"f":{"0":0,"1":0,"2":0,"3":0,"4":0,"5":0,"6":0,"7":0,"8":0,"9":0,"10":0,"11":0,"12":0,"13":0,"14":0,"15":0,"16":0,"17":0},"b":{"0":[0],"1":[0,0],"2":[0,0],"3":[0,0],"4":[0,0],"5":[0,0],"6":[0,0],"7":[0,0],"8":[0,0],"9":[0,0],"10":[0,0],"11":[0,0],"12":[0,0],"13":[0,0,0],"14":[0,0],"15":[0,0],"16":[0,0],"17":[0,0],"18":[0,0],"19":[0,0,0,0],"20":[0,0],"21":[0,0],"22":[0,0],"23":[0,0],"24":[0,0],"25":[0,0],"26":[0,0],"27":[0,0],"28":[0,0],"29":[0,0],"30":[0,0],"31":[0,0],"32":[0,0],"33":[0,0],"34":[0,0],"35":[0,0],"36":[0,0],"37":[0,0],"38":[0,0]},"meta":{"lastBranch":39,"lastFunction":18,"lastStatement":148,"seen":{"s:7:15:24:Infinity":0,"f:35:24:35:34":0,"b:35:53:35:59":0,"s:36:8:36:Infinity":1,"s:37:8:37:Infinity":2,"s:38:8:38:Infinity":3,"s:39:8:39:Infinity":4,"s:40:8:40:Infinity":5,"s:41:8:41:Infinity":6,"s:44:8:80:Infinity":7,"f:44:37:44:43":1,"s:46:21:46:Infinity":8,"b:47:4:49:Infinity:undefined:undefined:undefined:undefined":1,"s:47:4:49:Infinity":9,"s:48:6:48:Infinity":10,"s:52:25:52:Infinity":11,"s:53:4:58:Infinity":12,"s:54:21:54:Infinity":13,"s:55:6:57:Infinity":14,"s:56:8:56:Infinity":15,"s:59:23:59:Infinity":16,"f:59:53:59:54":2,"s:59:63:59:68":17,"b:61:4:63:Infinity:undefined:undefined:undefined:undefined":2,"s:61:4:63:Infinity":18,"s:62:6:62:Infinity":19,"s:66:43:66:Infinity":20,"f:66:59:66:60":3,"s:66:66:66:74":21,"s:68:4:77:Infinity":22,"s:69:21:69:Infinity":23,"s:70:23:70:Infinity":24,"s:71:6:73:Infinity":25,"s:72:8:72:Infinity":26,"s:75:21:75:Infinity":27,"f:75:36:75:37":4,"s:75:43:75:66":28,"b:75:43:75:62:75:62:75:66":3,"s:76:6:76:Infinity":29,"s:79:4:79:Infinity":30,"s:83:2:308:Infinity":31,"f:83:12:83:18":5,"b:84:4:84:Infinity:undefined:undefined:undefined:undefined":4,"s:84:4:84:Infinity":32,"s:84:31:84:Infinity":33,"s:86:42:86:Infinity":34,"b:89:4:95:Infinity:undefined:undefined:undefined:undefined":5,"s:89:4:95:Infinity":35,"b:89:8:89:33:89:33:89:60":6,"b:90:6:93:Infinity:undefined:undefined:undefined:undefined":7,"s:90:6:93:Infinity":36,"s:91:8:91:Infinity":37,"s:92:8:92:Infinity":38,"s:94:6:94:Infinity":39,"s:99:6:100:Infinity":40,"b:99:6:99:Infinity:100:6:100:Infinity":8,"f:100:20:100:21":6,"s:100:31:100:60":41,"b:102:4:303:Infinity:249:11:303:Infinity":9,"s:102:4:303:Infinity":42,"b:102:8:102:27:102:27:102:46":10,"b:104:6:106:Infinity:undefined:undefined:undefined:undefined":11,"s:104:6:106:Infinity":43,"s:105:8:105:Infinity":44,"s:108:37:116:Infinity":45,"f:110:24:110:25":7,"s:110:36:115:10":46,"s:118:34:245:Infinity":47,"f:157:12:157:18":8,"s:158:14:158:Infinity":48,"f:162:12:162:13":9,"s:163:14:192:Infinity":49,"f:163:50:163:56":10,"s:165:16:165:Infinity":50,"s:166:16:166:Infinity":51,"s:167:16:167:Infinity":52,"s:168:29:168:Infinity":53,"b:169:16:191:Infinity:undefined:undefined:undefined:undefined":12,"s:169:16:191:Infinity":54,"b:169:20:169:28:169:28:169:39:169:39:169:59":13,"s:170:32:170:Infinity":55,"s:171:31:171:Infinity":56,"s:172:31:172:Infinity":57,"s:173:18:173:Infinity":58,"s:176:29:176:Infinity":59,"s:177:29:177:Infinity":60,"s:178:18:186:Infinity":61,"s:178:31:178:34":62,"s:179:34:179:Infinity":63,"s:180:20:185:Infinity":64,"b:181:22:184:Infinity:undefined:undefined:undefined:undefined":14,"s:181:22:184:Infinity":65,"s:182:24:182:Infinity":66,"s:183:24:183:Infinity":67,"b:187:18:190:Infinity:undefined:undefined:undefined:undefined":15,"s:187:18:190:Infinity":68,"b:187:22:187:43:187:43:187:63":16,"s:188:26:188:Infinity":69,"s:189:20:189:Infinity":70,"s:195:14:241:Infinity":71,"f:195:47:195:48":11,"s:196:16:196:Infinity":72,"s:198:31:198:Infinity":73,"b:198:46:198:52:198:52:198:Infinity":17,"s:199:29:199:Infinity":74,"s:200:29:200:Infinity":75,"s:201:29:201:Infinity":76,"s:204:31:204:Infinity":77,"s:205:31:205:Infinity":78,"b:208:16:214:Infinity:undefined:undefined:undefined:undefined":18,"s:208:16:214:Infinity":79,"b:209:18:209:Infinity:210:18:210:Infinity:211:18:211:Infinity:212:18:212:Infinity":19,"s:214:18:214:Infinity":80,"s:217:29:217:Infinity":81,"s:218:29:218:Infinity":82,"b:220:16:240:Infinity:230:23:240:Infinity":20,"s:220:16:240:Infinity":83,"s:222:33:222:Infinity":84,"s:223:35:223:Infinity":85,"s:224:24:224:Infinity":86,"s:225:33:225:Infinity":87,"s:226:33:226:Infinity":88,"s:227:18:227:Infinity":89,"s:229:18:229:Infinity":90,"s:232:33:232:Infinity":91,"s:233:35:233:Infinity":92,"s:234:24:234:Infinity":93,"s:235:33:235:Infinity":94,"s:236:33:236:Infinity":95,"s:237:18:237:Infinity":96,"s:239:18:239:Infinity":97,"s:247:6:247:Infinity":98,"s:248:6:248:Infinity":99,"s:251:20:251:Infinity":100,"s:252:25:252:Infinity":101,"s:253:25:253:Infinity":102,"s:255:6:255:Infinity":103,"b:257:6:302:Infinity:265:13:302:Infinity":21,"s:257:6:302:Infinity":104,"b:259:8:261:Infinity:undefined:undefined:undefined:undefined":22,"s:259:8:261:Infinity":105,"b:259:12:259:44:259:44:259:74":23,"s:260:10:260:Infinity":106,"b:262:8:264:Infinity:undefined:undefined:undefined:undefined":24,"s:262:8:264:Infinity":107,"b:262:12:262:44:262:44:262:74":25,"s:263:10:263:Infinity":108,"b:267:8:301:Infinity:undefined:undefined:undefined:undefined":26,"s:267:8:301:Infinity":109,"b:267:12:267:28:267:28:267:53":2
[...]
2:Infinity":10,"s:64:8:64:Infinity":11,"s:67:8:67:Infinity":12,"s:70:8:83:Infinity":13,"f:71:4:71:5":1,"b:72:6:72:Infinity:undefined:undefined:undefined:undefined":0,"s:72:6:72:Infinity":14,"s:72:29:72:Infinity":15,"s:73:20:73:Infinity":16,"b:74:6:80:Infinity:77:13:80:Infinity":1,"s:74:6:80:Infinity":17,"s:76:8:76:Infinity":18,"s:79:8:79:Infinity":19,"s:86:8:106:Infinity":20,"f:87:4:87:Infinity":2,"s:93:20:93:Infinity":21,"b:93:20:93:40:93:40:93:Infinity":2,"s:94:21:94:Infinity":22,"b:94:21:94:42:94:42:94:Infinity":3,"s:95:22:95:Infinity":23,"b:95:22:95:45:95:45:95:Infinity":4,"b:97:6:99:Infinity:undefined:undefined:undefined:undefined":5,"s:97:6:99:Infinity":24,"b:97:10:97:33:97:33:97:44":6,"s:98:8:98:Infinity":25,"b:100:6:102:Infinity:undefined:undefined:undefined:undefined":7,"s:100:6:102:Infinity":26,"b:100:10:100:34:100:34:100:46":8,"s:101:8:101:Infinity":27,"s:103:6:103:Infinity":28,"s:109:2:116:Infinity":29,"f:109:12:109:18":3,"b:110:4:115:Infinity:undefined:undefined:undefined:undefined":9,"s:110:4:115:Infinity":30,"s:111:21:111:Infinity":31,"b:112:6:114:Infinity:undefined:undefined:undefined:undefined":10,"s:112:6:114:Infinity":32,"s:113:8:113:Infinity":33,"s:119:2:152:Infinity":34,"f:119:18:119:24":4,"b:121:4:145:Infinity:undefined:undefined:undefined:undefined":11,"s:121:4:145:Infinity":35,"b:121:8:121:23:121:23:121:45":12,"s:123:27:123:Infinity":36,"s:124:28:124:Infinity":37,"b:127:6:144:Infinity:undefined:undefined:undefined:undefined":13,"s:127:6:144:Infinity":38,"b:127:10:127:44:127:44:127:60:127:60:127:76":14,"s:129:29:134:Infinity":39,"b:137:8:143:Infinity:undefined:undefined:undefined:undefined":15,"s:137:8:143:Infinity":40,"s:138:10:138:Infinity":41,"s:139:10:139:Infinity":42,"s:142:10:142:Infinity":43,"s:148:4:148:Infinity":44,"s:149:4:149:Infinity":45,"s:155:2:182:Infinity":46,"f:155:18:155:24":5,"b:156:4:181:Infinity:undefined:undefined:undefined:undefined":16,"s:156:4:181:Infinity":47,"b:156:8:156:23:156:23:156:44:156:44:156:62:156:62:156:96":17,"s:157:6:157:Infinity":48,"s:160:12:160:Infinity":49,"b:167:6:173:Infinity:171:13:173:Infinity":18,"s:167:6:173:Infinity":50,"s:169:22:169:Infinity":51,"s:170:8:170:Infinity":52,"s:172:8:172:Infinity":53,"b:175:6:180:Infinity:undefined:undefined:undefined:undefined":19,"s:175:6:180:Infinity":54,"s:176:8:176:Infinity":55,"s:178:8:178:Infinity":56,"s:179:8:179:Infinity":57,"s:185:8:185:Infinity":58,"s:187:2:222:Infinity":59,"f:187:12:187:18":6,"s:189:23:189:Infinity":60,"s:190:31:190:Infinity":61,"b:192:4:217:Infinity:undefined:undefined:undefined:undefined":20,"s:192:4:217:Infinity":62,"b:193:6:193:Infinity:194:6:194:Infinity:195:6:195:Infinity:196:7:196:21:196:21:196:Infinity":21,"s:198:6:198:Infinity":63,"s:199:6:199:Infinity":64,"s:201:6:201:Infinity":65,"s:203:29:203:Infinity":66,"s:204:12:204:Infinity":67,"s:205:12:205:Infinity":68,"s:207:6:207:Infinity":69,"s:208:6:208:Infinity":70,"s:209:6:209:Infinity":71,"s:212:6:212:Infinity":72,"s:214:6:216:Infinity":73,"f:214:28:214:34":7,"s:215:8:215:Infinity":74,"s:220:4:220:Infinity":75,"s:221:4:221:Infinity":76,"s:225:2:230:Infinity":77,"f:225:12:225:18":8,"b:226:4:229:Infinity:undefined:undefined:undefined:undefined":22,"s:226:4:229:Infinity":78,"b:226:8:226:23:226:23:226:45":23,"s:228:6:228:Infinity":79,"s:233:8:274:Infinity":80,"f:234:4:234:5":9,"s:235:27:235:Infinity":81,"s:236:6:236:Infinity":82,"b:239:6:244:Infinity:undefined:undefined:undefined:undefined":24,"s:239:6:244:Infinity":83,"b:240:8:242:Infinity:undefined:undefined:undefined:undefined":25,"s:240:8:242:Infinity":84,"s:241:10:241:Infinity":85,"s:243:8:243:Infinity":86,"b:246:6:246:Infinity:undefined:undefined:undefined:undefined":26,"s:246:6:246:Infinity":87,"s:246:38:246:Infinity":88,"s:248:18:248:Infinity":89,"b:249:6:249:Infinity:undefined:undefined:undefined:undefined":27,"s:249:6:249:Infinity":90,"s:249:53:249:Infinity":91,"s:250:6:250:Infinity":92,"s:253:6:253:Infinity":93,"s:256:12:256:Infinity":94,"s:257:6:257:Infinity":95,"b:260:6:262:Infinity:undefined:undefined:undefined:undefined":28,"s:260:6:262:Infinity":96,"s:261:8:261:Infinity":97,"s:265:6:271:Infinity":98,"f:265:39:265:45":10,"b:266:8:270:Infinity:undefined:undefined:undefined:undefined":29,"s:266:8:270:Infinity":99,"s:267:33:267:Infinity":100,"s:268:10:268:Infinity":101,"s:269:10:269:Infinity":102,"s:277:8:279:Infinity":103,"f:277:36:277:42":11,"s:278:4:278:Infinity":104,"s:282:8:323:Infinity":105,"f:283:4:283:5":12,"b:284:6:320:Infinity:undefined:undefined:undefined:undefined":30,"s:284:6:320:Infinity":106,"s:285:8:285:Infinity":107,"s:286:8:286:Infinity":108,"s:287:8:287:Infinity":109,"b:289:8:319:Infinity:undefined:undefined:undefined:undefined":31,"s:289:8:319:Infinity":110,"s:315:10:315:Infinity":111,"s:316:10:316:Infinity":112,"s:325:2:333:Infinity":113}}}
,"C:\\Users\\kazuki\\Documents\\SerialMonitorEssential\\src\\components\\viewers\\viewerConstants.ts": {"path":"C:\\Users\\kazuki\\Documents\\SerialMonitorEssential\\src\\components\\viewers\\viewerConstants.ts","statementMap":{"0":{"start":{"line":4,"column":26},"end":{"line":4,"column":null}},"1":{"start":{"line":5,"column":27},"end":{"line":5,"column":null}},"2":{"start":{"line":6,"column":29},"end":{"line":6,"column":null}},"3":{"start":{"line":9,"column":33},"end":{"line":9,"column":null}},"4":{"start":{"line":12,"column":27},"end":{"line":12,"column":null}}},"fnMap":{},"branchMap":{},"s":{"0":3,"1":3,"2":3,"3":3,"4":3},"f":{},"b":{},"meta":{"lastBranch":0,"lastFunction":0,"lastStatement":5,"seen":{"s:4:26:4:Infinity":0,"s:5:27:5:Infinity":1,"s:6:29:6:Infinity":2,"s:9:33:9:Infinity":3,"s:12:27:12:Infinity":4}}}
,"C:\\Users\\kazuki\\Documents\\SerialMonitorEssential\\src\\utils\\hexUtils.tsx": {"path":"C:\\Users\\kazuki\\Documents\\SerialMonitorEssential\\src\\utils\\hexUtils.tsx","statementMap":{"0":{"start":{"line":13,"column":2},"end":{"line":15,"column":null}},"1":{"start":{"line":14,"column":16},"end":{"line":14,"column":61}},"2":{"start":{"line":21,"column":54},"end":{"line":55,"column":null}},"3":{"start":{"line":58,"column":56},"end":{"line":92,"column":null}},"4":{"start":{"line":95,"column":26},"end":{"line":95,"column":null}},"5":{"start":{"line":102,"column":38},"end":{"line":102,"column":null}},"6":{"start":{"line":103,"column":10},"end":{"line":103,"column":null}},"7":{"start":{"line":105,"column":2},"end":{"line":134,"column":null}},"8":{"start":{"line":106,"column":17},"end":{"line":106,"column":null}},"9":{"start":{"line":107,"column":18},"end":{"line":107,"column":null}},"10":{"start":{"line":109,"column":4},"end":{"line":133,"column":null}},"11":{"start":{"line":111,"column":6},"end":{"line":115,"column":null}},"12":{"start":{"line":116,"column":6},"end":{"line":116,"column":null}},"13":{"start":{"line":117,"column":4},"end":{"line":133,"column":null}},"14":{"start":{"line":119,"column":6},"end":{"line":123,"column":null}},"15":{"start":{"line":124,"column":6},"end":{"line":124,"column":null}},"16":{"start":{"line":127,"column":6},"end":{"line":131,"column":null}},"17":{"start":{"line":132,"column":6},"end":{"line":132,"column":null}},"18":{"start":{"line":135,"column":2},"end":{"line":135,"column":null}},"19":{"start":{"line":143,"column":38},"end":{"line":143,"column":null}},"20":{"start":{"line":144,"column":10},"end":{"line":144,"column":null}},"21":{"start":{"line":146,"column":2},"end":{"line":174,"column":null}},"22":{"start":{"line":147,"column":17},"end":{"line":147,"column":null}},"23":{"start":{"line":148,"column":18},"end":{"line":148,"column":null}},"24":{"start":{"line":149,"column":23},"end":{"line":149,"column":null}},"25":{"start":{"line":151,"column":4},"end":{"line":172,"column":null}},"26":{"start":{"line":153,"column":6},"end":{"line":157,"column":null}},"27":{"start":{"line":158,"column":4},"end":{"line":172,"column":null}},"28":{"start":{"line":160,"column":6},"end":{"line":160,"column":null}},"29":{"start":{"line":163,"column":16},"end":{"line":163,"column":null}},"30":{"start":{"line":164,"column":6},"end":{"line":168,"column":null}},"31":{"start":{"line":165,"column":25},"end":{"line":165,"column":null}},"32":{"start":{"line":166,"column":8},"end":{"line":166,"column":null}},"33":{"start":{"line":166,"column":66},"end":{"line":166,"column":null}},"34":{"start":{"line":167,"column":8},"end":{"line":167,"column":null}},"35":{"start":{"line":169,"column":6},"end":{"line":169,"column":null}},"36":{"start":{"line":170,"column":6},"end":{"line":170,"column":null}},"37":{"start":{"line":171,"column":6},"end":{"line":171,"column":null}},"38":{"start":{"line":173,"column":4},"end":{"line":173,"column":null}},"39":{"start":{"line":175,"column":2},"end":{"line":175,"column":null}},"40":{"start":{"line":185,"column":2},"end":{"line":185,"column":null}},"41":{"start":{"line":198,"column":55},"end":{"line":198,"column":null}},"42":{"start":{"line":200,"column":2},"end":{"line":205,"column":null}},"43":{"start":{"line":200,"column":15},"end":{"line":200,"column":18}},"44":{"start":{"line":201,"column":4},"end":{"line":204,"column":null}},"45":{"start":{"line":207,"column":2},"end":{"line":207,"column":null}},"46":{"start":{"line":217,"column":2},"end":{"line":217,"column":null}}},"fnMap":{"0":{"name":"bytesToHex","decl":{"start":{"line":12,"column":16},"end":{"line":12,"column":27}},"loc":{"start":{"line":12,"column":54},"end":{"line":16,"column":null}},"line":12},"1":{"name":"(anonymous_1)","decl":{"start":{"line":14,"column":9},"end":{"line":14,"column":10}},"loc":{"start":{"line":14,"column":16},"end":{"line":14,"column":61}},"line":14},"2":{"name":"renderAsciiColumn","decl":{"start":{"line":101,"column":16},"end":{"line":101,"column":34}},"loc":{"start":{"line":101,"column":65},"end":{"line":136,"column":null}},"line":101},"3":{"name":"renderAsciiLine","decl":{"start":{"line":142,"column":16},"end":{"line":142,"column":32}},"loc":{"start":{"line":142,"column":63},"end":{"line":176,"column":null}},"line":142},"4":{"name":"formatOffset","decl":{"start":{"line":184,"column":16},"end":{"line":184,"column":29}},"loc":{"start":{"line":184,"column":76},"end":{"line":186,"column":null}},"line":184},"5":{"name":"splitIntoRows","decl":{"start":{"line":194,"column":16},"end":{"line":194,"column":null}},"loc":{"start":{"line":197,"column":42},"end":{"line":208,"column":null}},"line":197},"6":{"name":"calculateRowCount","decl":{"start":{"line":216,"column":16},"end":{"line":216,"column":34}},"loc":{"start":{"line":216,"column":88},"end":{"line":218,"column":null}},"line":216}},"branchMap":{"0":{"loc":{"start":{"line":109,"column":4},"end":{"line":133,"column":null}},"type":"if","locations":[{"start":{"line":109,"column":4},"end":{"line":133,"column":null}},{"start":{"line":117,"column":4},"end":{"line":133,"column":null}}],"line":109},"1":{"loc":{"start":{"line":117,"column":4},"end":{"line":133,"column":null}},"type":"if","locations":[{"start":{"line":117,"column":4},"end":{"line":133,"column":null}},{"start":{"line":125,"column":11},"end":{"line":133,"column":null}}],"line":117},"2":{"loc":{"start":{"line":151,"column":4},"end":{"line":172,"column":null}},"type":"if","locations":[{"start":{"line":151,"column":4},"end":{"line":172,"column":null}},{"start":{"line":158,"column":4},"end":{"line":172,"column":null}}],"line":151},"3":{"loc":{"start":{"line":151,"column":8},"end":{"line":151,"column":29}},"type":"binary-expr","locations":[{"start":{"line":151,"column":8},"end":{"line":151,"column":17}},{"start":{"line":151,"column":17},"end":{"line":151,"column":29}}],"line":151},"4":{"loc":{"start":{"line":158,"column":4},"end":{"line":172,"column":null}},"type":"if","locations":[{"start":{"line":158,"column":4},"end":{"line":172,"column":null}},{"start":{"line":161,"column":11},"end":{"line":172,"column":null}}],"line":158},"5":{"loc":{"start":{"line":166,"column":8},"end":{"line":166,"column":null}},"type":"if","locations":[{"start":{"line":166,"column":8},"end":{"line":166,"column":null}},{"start":{},"end":{}}],"line":166},"6":{"loc":{"start":{"line":166,"column":12},"end":{"line":166,"column":66}},"type":"binary-expr","locations":[{"start":{"line":166,"column":12},"end":{"line":166,"column":40}},{"start":{"line":166,"column":40},"end":{"line":166,"column":66}}],"line":166},"7":{"loc":{"start":{"line":184,"column":45},"end":{"line":184,"column":76}},"type":"default-arg","locations":[{"start":{"line":184,"column":65},"end":{"line":184,"column":76}}],"line":184},"8":{"loc":{"start":{"line":196,"column":2},"end":{"line":196,"column":null}},"type":"default-arg","locations":[{"start":{"line":196,"column":24},"end":{"line":196,"column":null}}],"line":196},"9":{"loc":{"start":{"line":216,"column":54},"end":{"line":216,"column":88}},"type":"default-arg","locations":[{"start":{"line":216,"column":76},"end":{"line":216,"column":88}}],"line":216}},"s":{"0":0,"1":0,"2":0,"3":0,"4":0,"5":0,"6":0,"7":0,"8":0,"9":0,"10":0,"11":0,"12":0,"13":0,"14":0,"15":0,"16":0,"17":0,"18":0,"19":0,"20":0,"21":0,"22":0,"23":0,"24":0,"25":0,"26":0,"27":0,"28":0,"29":0,"30":0,"31":0,"32":0,"33":0,"34":0,"35":0,"36":0,"37":0,"38":0,"39":0,"40":0,"41":0,"42":0,"43":0,"44":0,"45":0,"46":0},"f":{"0":0,"1":0,"2":0,"3":0,"4":0,"5":0,"6":0},"b":{"0":[0,0],"1":[0,0],"2":[0,0],"3":[0,0],"4":[0,0],"5":[0,0],"6":[0,0],"7":[0],"8":[0],"9":[0]},"meta":{"lastBranch":10,"lastFunction":7,"lastStatement":47,"seen":{"f:12:16:12:27":0,"s:13:2:15:Infinity":0,"f:14:9:14:10":1,"s:14:16:14:61":1,"s:21:54:55:Infinity":2,"s:58:56:92:Infinity":3,"s:95:26:95:Infinity":4,"f:101:16:101:34":2,"s:102:38:102:Infinity":5,"s:103:10:103:Infinity":6,"s:105:2:134:Infinity":7,"s:106:17:106:Infinity":8,"s:107:18:107:Infinity":9,"b:109:4:133:Infinity:117:4:133:Infinity":0,"s:109:4:133:Infinity":10,"s:111:6:115:Infinity":11,"s:116:6:116:Infinity":12,"b:117:4:133:Infinity:125:11:133:Infinity":1,"s:117:4:133:Infinity":13,"s:119:6:123:Infinity":14,"s:124:6:124:Infinity":15,"s:127:6:131:Infinity":16,"s:132:6:132:Infinity":17,"s:135:2:135:Infinity":18,"f:142:16:142:32":3,"s:143:38:143:Infinity":19,"s:144:10:144:Infinity":20,"s:146:2:174:Infinity":21,"s:147:17:147:Infinity":22,"s:148:18:148:Infinity":23,"s:149:23:149:Infinity":24,"b:151:4:172:Infinity:158:4:172:Infinity":2,"s:151:4:172:Infinity":25,"b:151:8:151:17:151:17:151:29":3,"s:153:6:157:Infinity":26,"b:158:4:172:Infinity:161:11:172:Infinity":4,"s:158:4:172:Infinity":27,"s:160:6:160:Infinity":28,"s:163:16:163:Infinity":29,"s:164:6:168:Infinity":30,"s:165:25:165:Infinity":31,"b:166:8:166:Infinity:undefined:undefined:undefined:undefined":5,"s:166:8:166:Infinity":32,"b:166:12:166:40:166:40:166:66":6,"s:166:66:166:Infinity":33,"s:167:8:167:Infinity":34,"s:169:6:169:Infinity":35,"s:170:6:170:Infinity":36,"s:171:6:171:Infinity":37,"s:173:4:173:Infinity":38,"s:175:2:175:Infinity":39,"f:184:16:184:29":4,"b:184:65:184:76":7,"s:185:2:185:Infinity":40,"f:194:16:194:Infinity":5,"b:196:24:196:Infinity":8,"s:198:55:198:Infinity":41,"s:200:2:205:Infinity":42,"s:200:15:200:18":43,"s:201:4:204:Infinity":44,"s:207:2:207:Infinity":45,"f:216:16:216:34":6,"b:216:76:216:88":9,"s:217:2:217:Infinity":46}}}
,"C:\\Users\\kazuki\\Documents\\SerialMonitorEssential\\src\\utils\\sendUtils.ts": {"path":"C:\\Users\\kazuki\\Documents\\SerialMonitorEssential\\src\\utils\\sendUtils.ts","statementMap":{"0":{"start":{"line":16,"column":19},"end":{"line":16,"column":null}},"1":{"start":{"line":17,"column":2},"end":{"line":19,"column":null}},"2":{"start":{"line":18,"column":4},"end":{"line":18,"column":null}},"3":{"start":{"line":20,"column":27},"end":{"line":20,"column":null}},"4":{"start":{"line":21,"column":2},"end":{"line":25,"column":null}},"5":{"start":{"line":21,"column":15},"end":{"line":21,"column":18}},"6":{"start":{"line":22,"column":17},"end":{"line":22,"column":null}},"7":{"start":{"line":23,"column":4},"end":{"line":23,"column":null}},"8":{"start":{"line":23,"column":21},"end":{"line":23,"column":null}},"9":{"start":{"line":24,"column":4},"end":{"line":24,"column":null}},"10":{"start":{"line":26,"column":2},"end":{"line":26,"column":null}},"11":{"start":{"line":37,"column":17},"end":{"line":37,"column":null}},"12":{"start":{"line":38,"column":2},"end":{"line":48,"column":null}},"13":{"start":{"line":40,"column":6},"end":{"line":40,"column":null}},"14":{"start":{"line":41,"column":6},"end":{"line":41,"column":null}},"15":{"start":{"line":43,"column":6},"end":{"line":43,"column":null}},"16":{"start":{"line":44,"column":6},"end":{"line":44,"column":null}},"17":{"start":{"line":46,"column":6},"end":{"line":46,"column":null}},"18":{"start":{"line":47,"column":6},"end":{"line":47,"column":null}},"19":{"start":{"line":49,"column":2},"end":{"line":49,"column":null}},"20":{"start":{"line":62,"column":2},"end":{"line":64,"column":null}},"21":{"start":{"line":63,"column":4},"end":{"line":63,"column":null}},"22":{"start":{"line":65,"column":2},"end":{"line":65,"column":null}}},"fnMap":{"0":{"name":"parseHexString","decl":{"start":{"line":15,"column":16},"end":{"line":15,"column":31}},"loc":{"start":{"line":15,"column":63},"end":{"line":27,"column":null}},"line":15},"1":{"name":"appendLineEnding","decl":{"start":{"line":36,"column":16},"end":{"line":36,"column":33}},"loc":{"start":{"line":36,"column":83},"end":{"line":50,"column":null}},"line":36},"2":{"name":"addToHistory","decl":{"start":{"line":60,"column":16},"end":{"line":60,"column":29}},"loc":{"start":{"line":60,"column":97},"end":{"line":66,"column":null}},"line":60}},"branchMap":{"0":{"loc":{"start":{"line":17,"column":2},"end":{"line":19,"column":null}},"type":"if","locations":[{"start":{"line":17,"column":2},"end":{"line":19,"column":null}},{"start":{},"end":{}}],"line":17},"1":{"loc":{"start":{"line":23,"column":4},"end":{"line":23,"column":null}},"type":"if","locations":[{"start":{"line":23,"column":4},"end":{"line":23,"column":null}},{"start":{},"end":{}}],"line":23},"2":{"loc":{"start":{"line":38,"column":2},"end":{"line":48,"column":null}},"type":"switch","locations":[{"start":{"line":39,"column":4},"end":{"line":41,"column":null}},{"start":{"line":42,"column":4},"end":{"line":44,"column":null}},{"start":{"line":45,"column":4},"end":{"line":47,"column":null}}],"line":38},"3":{"loc":{"start":{"line":60,"column":65},"end":{"line":60,"column":97}},"type":"default-arg","locations":[{"start":{"line":60,"column":83},"end":{"line":60,"column":97}}],"line":60},"4":{"loc":{"start":{"line":62,"column":2},"end":{"line":64,"column":null}},"type":"if","locations":[{"start":{"line":62,"column":2},"end":{"line":64,"column":null}},{"start":{},"end":{}}],"line":62},"5":{"loc":{"start":{"line":62,"column":6},"end":{"line":62,"column":52}},"type":"binary-expr","locations":[{"start":{"line":62,"column":6},"end":{"line":62,"column":28}},{"start":{"line":62,"column":28},"end":{"line":62,"column":52}}],"line":62}},"s":{"0":8,"1":8,"2":1,"3":7,"4":7,"5":7,"6":19,"7":19,"8":1,"9":18,"10":6,"11":5,"12":5,"13":1,"14":1,"15":2,"16":2,"17":1,"18":1,"19":5,"20":6,"21":1,"22":5},"f":{"0":8,"1":5,"2":6},"b":{"0":[1,7],"1":[1,18],"2":[1,2,1],"3":[6],"4":[1,5],"5":[6,5]},"meta":{"lastBranch":6,"lastFunction":3,"lastStatement":23,"seen":{"f:15:16:15:31":0,"s:16:19:16:Infinity":0,"b:17:2:19:Infinity:undefined:undefined:undefined:undefined":0,"s:17:2:19:Infinity":1,"s:18:4:18:Infinity":2,"s:20:27:20:Infinity":3,"s:21:2:25:Infinity":4,"s:21:15:21:18":5,"s:22:17:22:Infinity":6,"b:23:4:23:Infinity:undefined:undefined:undefined:undefined":1,"s:23:4:23:Infinity":7,"s:23:21:23:Infinity":8,"s:24:4:24:Infinity":9,"s:26:2:26:Infinity":10,"f:36:16:36:33":1,"s:37:17:37:Infinity":11,"b:39:4:41:Infinity:42:4:44:Infinity:45:4:47:Infinity":2,"s:38:2:48:Infinity":12,"s:40:6:40:Infinity":13,"s:41:6:41:Infinity":14,"s:43:6:43:Infinity":15,"s:44:6:44:Infinity":16,"s:46:6:46:Infinity":17,"s:47:6:47:Infinity":18,"s:49:2:49:Infinity":19,"f:60:16:60:29":2,"b:60:83:60:97":3,"b:62:2:64:Infinity:undefined:undefined:undefined:undefined":4,"s:62:2:64:Infinity":20,"b:62:6:62:28:62:28:62:52":5,"s:63:4:63:Infinity":21,"s:65:2:65:Infinity":22}}}
}
