{"C:\\Users\\kazuki\\Documents\\SerialMonitorEssential\\src\\App.tsx": {"path":"C:\\Users\\kazuki\\Documents\\SerialMonitorEssential\\src\\App.tsx","statementMap":{"0":{"start":{"line":15,"column":24},"end":{"line":15,"column":null}},"1":{"start":{"line":16,"column":38},"end":{"line":16,"column":null}},"2":{"start":{"line":17,"column":36},"end":{"line":17,"column":null}},"3":{"start":{"line":18,"column":34},"end":{"line":18,"column":null}},"4":{"start":{"line":19,"column":34},"end":{"line":19,"column":null}},"5":{"start":{"line":21,"column":26},"end":{"line":29,"column":null}},"6":{"start":{"line":31,"column":22},"end":{"line":44,"column":null}},"7":{"start":{"line":32,"column":4},"end":{"line":43,"column":null}},"8":{"start":{"line":33,"column":16},"end":{"line":33,"column":null}},"9":{"start":{"line":34,"column":6},"end":{"line":34,"column":null}},"10":{"start":{"line":36,"column":6},"end":{"line":40,"column":null}},"11":{"start":{"line":37,"column":8},"end":{"line":37,"column":null}},"12":{"start":{"line":38,"column":6},"end":{"line":40,"column":null}},"13":{"start":{"line":39,"column":8},"end":{"line":39,"column":null}},"14":{"start":{"line":42,"column":6},"end":{"line":42,"column":null}},"15":{"start":{"line":46,"column":2},"end":{"line":49,"column":null}},"16":{"start":{"line":47,"column":4},"end":{"line":47,"column":null}},"17":{"start":{"line":52,"column":2},"end":{"line":74,"column":null}},"18":{"start":{"line":56,"column":6},"end":{"line":66,"column":null}},"19":{"start":{"line":59,"column":10},"end":{"line":64,"column":null}},"20":{"start":{"line":60,"column":12},"end":{"line":60,"column":null}},"21":{"start":{"line":61,"column":12},"end":{"line":63,"column":null}},"22":{"start":{"line":62,"column":14},"end":{"line":62,"column":null}},"23":{"start":{"line":69,"column":4},"end":{"line":69,"column":null}},"24":{"start":{"line":71,"column":4},"end":{"line":73,"column":null}},"25":{"start":{"line":72,"column":6},"end":{"line":72,"column":null}},"26":{"start":{"line":72,"column":20},"end":{"line":72,"column":null}},"27":{"start":{"line":76,"column":2},"end":{"line":90,"column":null}},"28":{"start":{"line":80,"column":6},"end":{"line":82,"column":null}},"29":{"start":{"line":81,"column":8},"end":{"line":81,"column":null}},"30":{"start":{"line":85,"column":4},"end":{"line":85,"column":null}},"31":{"start":{"line":87,"column":4},"end":{"line":89,"column":null}},"32":{"start":{"line":88,"column":6},"end":{"line":88,"column":null}},"33":{"start":{"line":88,"column":20},"end":{"line":88,"column":null}},"34":{"start":{"line":93,"column":2},"end":{"line":97,"column":null}},"35":{"start":{"line":94,"column":4},"end":{"line":96,"column":null}},"36":{"start":{"line":95,"column":6},"end":{"line":95,"column":null}},"37":{"start":{"line":100,"column":2},"end":{"line":104,"column":null}},"38":{"start":{"line":101,"column":4},"end":{"line":103,"column":null}},"39":{"start":{"line":102,"column":6},"end":{"line":102,"column":null}},"40":{"start":{"line":107,"column":4},"end":{"line":125,"column":null}},"41":{"start":{"line":108,"column":6},"end":{"line":114,"column":null}},"42":{"start":{"line":109,"column":8},"end":{"line":109,"column":null}},"43":{"start":{"line":110,"column":8},"end":{"line":110,"column":null}},"44":{"start":{"line":112,"column":8},"end":{"line":112,"column":null}},"45":{"start":{"line":113,"column":8},"end":{"line":113,"column":null}},"46":{"start":{"line":116,"column":6},"end":{"line":116,"column":null}},"47":{"start":{"line":116,"column":25},"end":{"line":116,"column":null}},"48":{"start":{"line":117,"column":6},"end":{"line":124,"column":null}},"49":{"start":{"line":118,"column":8},"end":{"line":118,"column":null}},"50":{"start":{"line":119,"column":8},"end":{"line":119,"column":null}},"51":{"start":{"line":120,"column":8},"end":{"line":120,"column":null}},"52":{"start":{"line":122,"column":8},"end":{"line":122,"column":null}},"53":{"start":{"line":123,"column":8},"end":{"line":123,"column":null}},"54":{"start":{"line":129,"column":4},"end":{"line":132,"column":null}},"55":{"start":{"line":130,"column":6},"end":{"line":130,"column":null}},"56":{"start":{"line":131,"column":6},"end":{"line":131,"column":null}},"57":{"start":{"line":134,"column":4},"end":{"line":150,"column":null}},"58":{"start":{"line":135,"column":23},"end":{"line":141,"column":null}},"59":{"start":{"line":143,"column":6},"end":{"line":146,"column":null}},"60":{"start":{"line":144,"column":30},"end":{"line":144,"column":null}},"61":{"start":{"line":145,"column":8},"end":{"line":145,"column":null}},"62":{"start":{"line":148,"column":6},"end":{"line":148,"column":null}},"63":{"start":{"line":149,"column":6},"end":{"line":149,"column":null}},"64":{"start":{"line":154,"column":4},"end":{"line":160,"column":null}},"65":{"start":{"line":155,"column":6},"end":{"line":155,"column":null}},"66":{"start":{"line":156,"column":6},"end":{"line":156,"column":null}},"67":{"start":{"line":158,"column":6},"end":{"line":158,"column":null}},"68":{"start":{"line":159,"column":6},"end":{"line":159,"column":null}},"69":{"start":{"line":164,"column":4},"end":{"line":164,"column":null}},"70":{"start":{"line":164,"column":26},"end":{"line":164,"column":null}},"71":{"start":{"line":166,"column":4},"end":{"line":176,"column":null}},"72":{"start":{"line":168,"column":24},"end":{"line":174,"column":null}},"73":{"start":{"line":175,"column":6},"end":{"line":175,"column":null}},"74":{"start":{"line":175,"column":22},"end":{"line":175,"column":null}},"75":{"start":{"line":178,"column":4},"end":{"line":186,"column":null}},"76":{"start":{"line":179,"column":19},"end":{"line":179,"column":null}},"77":{"start":{"line":180,"column":6},"end":{"line":182,"column":null}},"78":{"start":{"line":181,"column":8},"end":{"line":181,"column":null}},"79":{"start":{"line":184,"column":6},"end":{"line":184,"column":null}},"80":{"start":{"line":185,"column":6},"end":{"line":185,"column":null}},"81":{"start":{"line":189,"column":2},"end":{"line":219,"column":null}}},"fnMap":{"0":{"name":"App","decl":{"start":{"line":14,"column":9},"end":{"line":14,"column":15}},"loc":{"start":{"line":14,"column":15},"end":{"line":221,"column":null}},"line":14},"1":{"name":"(anonymous_1)","decl":{"start":{"line":31,"column":22},"end":{"line":31,"column":34}},"loc":{"start":{"line":31,"column":34},"end":{"line":44,"column":null}},"line":31},"2":{"name":"(anonymous_2)","decl":{"start":{"line":46,"column":12},"end":{"line":46,"column":18}},"loc":{"start":{"line":46,"column":18},"end":{"line":49,"column":5}},"line":46},"3":{"name":"(anonymous_3)","decl":{"start":{"line":52,"column":12},"end":{"line":52,"column":18}},"loc":{"start":{"line":52,"column":18},"end":{"line":74,"column":5}},"line":52},"4":{"name":"setupStatusListener","decl":{"start":{"line":55,"column":19},"end":{"line":55,"column":41}},"loc":{"start":{"line":55,"column":41},"end":{"line":67,"column":null}},"line":55},"5":{"name":"(anonymous_5)","decl":{"start":{"line":58,"column":8},"end":{"line":58,"column":9}},"loc":{"start":{"line":58,"column":19},"end":{"line":65,"column":null}},"line":58},"6":{"name":"(anonymous_6)","decl":{"start":{"line":71,"column":11},"end":{"line":71,"column":17}},"loc":{"start":{"line":71,"column":17},"end":{"line":73,"column":null}},"line":71},"7":{"name":"(anonymous_7)","decl":{"start":{"line":76,"column":12},"end":{"line":76,"column":18}},"loc":{"start":{"line":76,"column":18},"end":{"line":90,"column":5}},"line":76},"8":{"name":"setupListener","decl":{"start":{"line":79,"column":19},"end":{"line":79,"column":35}},"loc":{"start":{"line":79,"column":35},"end":{"line":83,"column":null}},"line":79},"9":{"name":"(anonymous_9)","decl":{"start":{"line":80,"column":64},"end":{"line":80,"column":65}},"loc":{"start":{"line":80,"column":75},"end":{"line":82,"column":7}},"line":80},"10":{"name":"(anonymous_10)","decl":{"start":{"line":87,"column":11},"end":{"line":87,"column":17}},"loc":{"start":{"line":87,"column":17},"end":{"line":89,"column":null}},"line":87},"11":{"name":"(anonymous_11)","decl":{"start":{"line":93,"column":12},"end":{"line":93,"column":18}},"loc":{"start":{"line":93,"column":18},"end":{"line":97,"column":5}},"line":93},"12":{"name":"(anonymous_12)","decl":{"start":{"line":100,"column":12},"end":{"line":100,"column":18}},"loc":{"start":{"line":100,"column":18},"end":{"line":104,"column":5}},"line":100},"13":{"name":"handleToggleConnection","decl":{"start":{"line":106,"column":17},"end":{"line":106,"column":42}},"loc":{"start":{"line":106,"column":42},"end":{"line":126,"column":null}},"line":106},"14":{"name":"handleExport","decl":{"start":{"line":128,"column":17},"end":{"line":128,"column":32}},"loc":{"start":{"line":128,"column":32},"end":{"line":151,"column":null}},"line":128},"15":{"name":"handleClear","decl":{"start":{"line":153,"column":17},"end":{"line":153,"column":31}},"loc":{"start":{"line":153,"column":31},"end":{"line":161,"column":null}},"line":153},"16":{"name":"handleCopy","decl":{"start":{"line":163,"column":17},"end":{"line":163,"column":28}},"loc":{"start":{"line":163,"column":44},"end":{"line":187,"column":null}},"line":163}},"branchMap":{"0":{"loc":{"start":{"line":36,"column":6},"end":{"line":40,"column":null}},"type":"if","locations":[{"start":{"line":36,"column":6},"end":{"line":40,"column":null}},{"start":{"line":38,"column":6},"end":{"line":40,"column":null}}],"line":36},"1":{"loc":{"start":{"line":36,"column":10},"end":{"line":36,"column":53}},"type":"binary-expr","locations":[{"start":{"line":36,"column":10},"end":{"line":36,"column":26}},{"start":{"line":36,"column":26},"end":{"line":36,"column":53}}],"line":36},"2":{"loc":{"start":{"line":37,"column":24},"end":{"line":37,"column":48}},"type":"cond-expr","locations":[{"start":{"line":37,"column":39},"end":{"line":37,"column":46}},{"start":{"line":37,"column":46},"end":{"line":37,"column":48}}],"line":37},"3":{"loc":{"start":{"line":38,"column":6},"end":{"line":40,"column":null}},"type":"if","locations":[{"start":{"line":38,"column":6},"end":{"line":40,"column":null}},{"start":{},"end":{}}],"line":38},"4":{"loc":{"start":{"line":38,"column":17},"end":{"line":38,"column":48}},"type":"binary-expr","locations":[{"start":{"line":38,"column":17},"end":{"line":38,"column":33}},{"start":{"line":38,"column":33},"end":{"line":38,"column":48}}],"line":38},"5":{"loc":{"start":{"line":59,"column":10},"end":{"line":64,"column":null}},"type":"if","locations":[{"start":{"line":59,"column":10},"end":{"line":64,"column":null}},{"start":{},"end":{}}],"line":59},"6":{"loc":{"start":{"line":61,"column":12},"end":{"line":63,"column":null}},"type":"if","locations":[{"start":{"line":61,"column":12},"end":{"line":63,"column":null}},{"start":{},"end":{}}],"line":61},"7":{"loc":{"start":{"line":72,"column":6},"end":{"line":72,"column":null}},"type":"if","locations":[{"start":{"line":72,"column":6},"end":{"line":72,"column":null}},{"start":{},"end":{}}],"line":72},"8":{"loc":{"start":{"line":88,"column":6},"end":{"line":88,"column":null}},"type":"if","locations":[{"start":{"line":88,"column":6},"end":{"line":88,"column":null}},{"start":{},"end":{}}],"line":88},"9":{"loc":{"start":{"line":94,"column":4},"end":{"line":96,"column":null}},"type":"if","locations":[{"start":{"line":94,"column":4},"end":{"line":96,"column":null}},{"start":{},"end":{}}],"line":94},"10":{"loc":{"start":{"line":101,"column":4},"end":{"line":103,"column":null}},"type":"if","locations":[{"start":{"line":101,"column":4},"end":{"line":103,"column":null}},{"start":{},"end":{}}],"line":101},"11":{"loc":{"start":{"line":107,"column":4},"end":{"line":125,"column":null}},"type":"if","locations":[{"start":{"line":107,"column":4},"end":{"line":125,"column":null}},{"start":{"line":115,"column":11},"end":{"line":125,"column":null}}],"line":107},"12":{"loc":{"start":{"line":116,"column":6},"end":{"line":116,"column":null}},"type":"if","locations":[{"start":{"line":116,"column":6},"end":{"line":116,"column":null}},{"start":{},"end":{}}],"line":116},"13":{"loc":{"start":{"line":129,"column":4},"end":{"line":132,"column":null}},"type":"if","locations":[{"start":{"line":129,"column":4},"end":{"line":132,"column":null}},{"start":{},"end":{}}],"line":129},"14":{"loc":{"start":{"line":143,"column":6},"end":{"line":146,"column":null}},"type":"if","locations":[{"start":{"line":143,"column":6},"end":{"line":146,"column":null}},{"start":{},"end":{}}],"line":143},"15":{"loc":{"start":{"line":164,"column":4},"end":{"line":164,"column":null}},"type":"if","locations":[{"start":{"line":164,"column":4},"end":{"line":164,"column":null}},{"start":{},"end":{}}],"line":164},"16":{"loc":{"start":{"line":166,"column":4},"end":{"line":176,"column":null}},"type":"if","locations":[{"start":{"line":166,"column":4},"end":{"line":176,"column":null}},{"start":{},"end":{}}],"line":166},"17":{"loc":{"start":{"line":175,"column":6},"end":{"line":175,"column":null}},"type":"if","locations":[{"start":{"line":175,"column":6},"end":{"line":175,"column":null}},{"start":{},"end":{}}],"line":175},"18":{"loc":{"start":{"line":180,"column":6},"end":{"line":182,"column":null}},"type":"if","locations":[{"start":{"line":180,"column":6},"end":{"line":182,"column":null}},{"start":{},"end":{}}],"line":180}},"s":{"0":0,"1":0,"2":0,"3":0,"4":0,"5":0,"6":0,"7":0,"8":0,"9":0,"10":0,"11":0,"12":0,"13":0,"14":0,"15":0,"16":0,"17":0,"18":0,"19":0,"20":0,"21":0,"22":0,"23":0,"24":0,"25":0,"26":0,"27":0,"28":0,"29":0,"30":0,"31":0,"32":0,"33":0,"34":0,"35":0,"36":0,"37":0,"38":0,"39":0,"40":0,"41":0,"42":0,"43":0,"44":0,"45":0,"46":0,"47":0,"48":0,"49":0,"50":0,"51":0,"52":0,"53":0,"54":0,"55":0,"56":0,"57":0,"58":0,"59":0,"60":0,"61":0,"62":0,"63":0,"64":0,"65":0,"66":0,"67":0,"68":0,"69":0,"70":0,"71":0,"72":0,"73":0,"74":0,"75":0,"76":0,"77":0,"78":0,"79":0,"80":0,"81":0},"f":{"0":0,"1":0,"2":0,"3":0,"4":0,"5":0,"6":0,"7":0,"8":0,"9":0,"10":0,"11":0,"12":0,"13":0,"14":0,"15":0,"16":0},"b":{"0":[0,0],"1":[0,0],"2":[0,0],"3":[0,0],"4":[0,0],"5":[0,0],"6":[0,0],"7":[0,0],"8":[0,0],"9":[0,0],"10":[0,0],"11":[0,0],"12":[0,0],"13":[0,0],"14":[0,0],"15":[0,0],"16":[0,0],"17":[0,0],"18":[0,0]},"meta":{"lastBranch":19,"lastFunction":17,"lastStatement":82,"seen":{"f:14:9:14:15":0,"s:15:24:15:Infinity":0,"s:16:38:16:Infinity":1,"s:17:36:17:Infinity":2,"s:18:34:18:Infinity":3,"s:19:34:19:Infinity":4,"s:21:26:29:Infinity":5,"s:31:22:44:Infinity":6,"f:31:22:31:34":1,"s:32:4:43:Infinity":7,"s:33:16:33:Infinity":8,"s:34:6:34:Infinity":9,"b:36:6:40:Infinity:38:6:40:Infinity":0,"s:36:6:40:Infinity":10,"b:36:10:36:26:36:26:36:53":1,"s:37:8:37:Infinity":11,"b:37:39:37:46:37:46:37:48":2,"b:38:6:40:Infinity:undefined:undefined:undefined:undefined":3,"s:38:6:40:Infinity":12,"b:38:17:38:33:38:33:38:48":4,"s:39:8:39:Infinity":13,"s:42:6:42:Infinity":14,"s:46:2:49:Infinity":15,"f:46:12:46:18":2,"s:47:4:47:Infinity":16,"s:52:2:74:Infinity":17,"f:52:12:52:18":3,"f:55:19:55:41":4,"s:56:6:66:Infinity":18,"f:58:8:58:9":5,"b:59:10:64:Infinity:undefined:undefined:undefined:undefined":5,"s:59:10:64:Infinity":19,"s:60:12:60:Infinity":20,"b:61:12:63:Infinity:undefined:undefined:undefined:undefined":6,"s:61:12:63:Infinity":21,"s:62:14:62:Infinity":22,"s:69:4:69:Infinity":23,"s:71:4:73:Infinity":24,"f:71:11:71:17":6,"b:72:6:72:Infinity:undefined:undefined:undefined:undefined":7,"s:72:6:72:Infinity":25,"s:72:20:72:Infinity":26,"s:76:2:90:Infinity":27,"f:76:12:76:18":7,"f:79:19:79:35":8,"s:80:6:82:Infinity":28,"f:80:64:80:65":9,"s:81:8:81:Infinity":29,"s:85:4:85:Infinity":30,"s:87:4:89:Infinity":31,"f:87:11:87:17":10,"b:88:6:88:Infinity:undefined:undefined:undefined:undefined":8,"s:88:6:88:Infinity":32,"s:88:20:88:Infinity":33,"s:93:2:97:Infinity":34,"f:93:12:93:18":11,"b:94:4:96:Infinity:undefined:undefined:undefined:undefined":9,"s:94:4:96:Infinity":35,"s:95:6:95:Infinity":36,"s:100:2:104:Infinity":37,"f:100:12:100:18":12,"b:101:4:103:Infinity:undefined:undefined:undefined:undefined":10,"s:101:4:103:Infinity":38,"s:102:6:102:Infinity":39,"f:106:17:106:42":13,"b:107:4:125:Infinity:115:11:125:Infinity":11,"s:107:4:125:Infinity":40,"s:108:6:114:Infinity":41,"s:109:8:109:Infinity":42,"s:110:8:110:Infinity":43,"s:112:8:112:Infinity":44,"s:113:8:113:Infinity":45,"b:116:6:116:Infinity:undefined:undefined:undefined:undefined":12,"s:116:6:116:Infinity":46,"s:116:25:116:Infinity":47,"s:117:6:124:Infinity":48,"s:118:8:118:Infinity":49,"s:119:8:119:Infinity":50,"s:120:8:120:Infinity":51,"s:122:8:122:Infinity":52,"s:123:8:123:Infinity":53,"f:128:17:128:32":14,"b:129:4:132:Infinity:undefined:undefined:undefined:undefined":13,"s:129:4:132:Infinity":54,"s:130:6:130:Infinity":55,"s:131:6:131:Infinity":56,"s:134:4:150:Infinity":57,"s:135:23:141:Infinity":58,"b:143:6:146:Infinity:undefined:undefined:undefined:undefined":14,"s:143:6:146:Infinity":59,"s:144:30:144:Infinity":60,"s:145:8:145:Infinity":61,"s:148:6:148:Infinity":62,"s:149:6:149:Infinity":63,"f:153:17:153:31":15,"s:154:4:160:Infinity":64,"s:155:6:155:Infinity":65,"s:156:6:156:Infinity":66,"s:158:6:158:Infinity":67,"s:159:6:159:Infinity":68,"f:163:17:163:28":16,"b:164:4:164:Infinity:undefined:undefined:undefined:undefined":15,"s:164:4:164:Infinity":69,"s:164:26:164:Infinity":70,"b:166:4:176:Infinity:undefined:undefined:undefined:undefined":16,"s:166:4:176:Infinity":71,"s:168:24:174:Infinity":72,"b:175:6:175:Infinity:undefined:undefined:undefined:undefined":17,"s:175:6:175:Infinity":73,"s:175:22:175:Infinity":74,"s:178:4:186:Infinity":75,"s:179:19:179:Infinity":76,"b:180:6:182:Infinity:undefined:undefined:undefined:undefined":18,"s:180:6:182:Infinity":77,"s:181:8:181:Infinity":78,"s:184:6:184:Infinity":79,"s:185:6:185:Infinity":80,"s:189:2:219:Infinity":81}}}
,"C:\\Users\\kazuki\\Documents\\SerialMonitorEssential\\src\\main.tsx": {"path":"C:\\Users\\kazuki\\Documents\\SerialMonitorEssential\\src\\main.tsx","statementMap":{"0":{"start":{"line":5,"column":0},"end":{"line":9,"column":null}}},"fnMap":{},"branchMap":{},"s":{"0":0},"f":{},"b":{},"meta":{"lastBranch":0,"lastFunction":0,"lastStatement":1,"seen":{"s:5:0:9:Infinity":0}}}
,"C:\\Users\\kazuki\\Documents\\SerialMonitorEssential\\src\\components\\ReceivePanel.tsx": {"path":"C:\\Users\\kazuki\\Documents\\SerialMonitorEssential\\src\\components\\ReceivePanel.tsx","statementMap":{"0":{"start":{"line":36,"column":30},"end":{"line":36,"column":null}},"1":{"start":{"line":39,"column":30},"end":{"line":39,"column":null}},"2":{"start":{"line":40,"column":40},"end":{"line":40,"column":null}},"3":{"start":{"line":43,"column":38},"end":{"line":43,"column":null}},"4":{"start":{"line":46,"column":36},"end":{"line":46,"column":null}},"5":{"start":{"line":47,"column":40},"end":{"line":47,"column":null}},"6":{"start":{"line":49,"column":8},"end":{"line":51,"column":null}},"7":{"start":{"line":50,"column":4},"end":{"line":50,"column":null}},"8":{"start":{"line":53,"column":8},"end":{"line":56,"column":null}},"9":{"start":{"line":55,"column":4},"end":{"line":55,"column":null}},"10":{"start":{"line":58,"column":2},"end":{"line":175,"column":null}},"11":{"start":{"line":68,"column":27},"end":{"line":68,"column":null}},"12":{"start":{"line":73,"column":25},"end":{"line":73,"column":null}},"13":{"start":{"line":111,"column":33},"end":{"line":111,"column":null}},"14":{"start":{"line":129,"column":31},"end":{"line":129,"column":null}},"15":{"start":{"line":142,"column":31},"end":{"line":142,"column":null}},"16":{"start":{"line":154,"column":31},"end":{"line":154,"column":null}}},"fnMap":{"0":{"name":"ReceivePanel","decl":{"start":{"line":27,"column":24},"end":{"line":27,"column":37}},"loc":{"start":{"line":34,"column":22},"end":{"line":177,"column":null}},"line":34},"1":{"name":"(anonymous_1)","decl":{"start":{"line":49,"column":33},"end":{"line":49,"column":39}},"loc":{"start":{"line":49,"column":39},"end":{"line":51,"column":5}},"line":49},"2":{"name":"(anonymous_2)","decl":{"start":{"line":53,"column":36},"end":{"line":53,"column":42}},"loc":{"start":{"line":53,"column":42},"end":{"line":56,"column":5}},"line":53},"3":{"name":"(anonymous_3)","decl":{"start":{"line":68,"column":20},"end":{"line":68,"column":21}},"loc":{"start":{"line":68,"column":27},"end":{"line":68,"column":null}},"line":68},"4":{"name":"(anonymous_4)","decl":{"start":{"line":73,"column":19},"end":{"line":73,"column":25}},"loc":{"start":{"line":73,"column":25},"end":{"line":73,"column":null}},"line":73},"5":{"name":"(anonymous_5)","decl":{"start":{"line":111,"column":26},"end":{"line":111,"column":27}},"loc":{"start":{"line":111,"column":33},"end":{"line":111,"column":null}},"line":111},"6":{"name":"(anonymous_6)","decl":{"start":{"line":129,"column":24},"end":{"line":129,"column":25}},"loc":{"start":{"line":129,"column":31},"end":{"line":129,"column":null}},"line":129},"7":{"name":"(anonymous_7)","decl":{"start":{"line":142,"column":24},"end":{"line":142,"column":25}},"loc":{"start":{"line":142,"column":31},"end":{"line":142,"column":null}},"line":142},"8":{"name":"(anonymous_8)","decl":{"start":{"line":154,"column":24},"end":{"line":154,"column":25}},"loc":{"start":{"line":154,"column":31},"end":{"line":154,"column":null}},"line":154}},"branchMap":{"0":{"loc":{"start":{"line":66,"column":23},"end":{"line":66,"column":null}},"type":"cond-expr","locations":[{"start":{"line":66,"column":46},"end":{"line":66,"column":78}},{"start":{"line":66,"column":78},"end":{"line":66,"column":null}}],"line":66},"1":{"loc":{"start":{"line":72,"column":38},"end":{"line":72,"column":67}},"type":"cond-expr","locations":[{"start":{"line":72,"column":54},"end":{"line":72,"column":65}},{"start":{"line":72,"column":65},"end":{"line":72,"column":67}}],"line":72},"2":{"loc":{"start":{"line":76,"column":11},"end":{"line":76,"column":null}},"type":"cond-expr","locations":[{"start":{"line":76,"column":27},"end":{"line":76,"column":44}},{"start":{"line":76,"column":44},"end":{"line":76,"column":null}}],"line":76},"3":{"loc":{"start":{"line":82,"column":9},"end":{"line":97,"column":null}},"type":"cond-expr","locations":[{"start":{"line":83,"column":10},"end":{"line":88,"column":null}},{"start":{"line":90,"column":10},"end":{"line":97,"column":null}}],"line":82},"4":{"loc":{"start":{"line":106,"column":43},"end":{"line":106,"column":81}},"type":"cond-expr","locations":[{"start":{"line":106,"column":64},"end":{"line":106,"column":79}},{"start":{"line":106,"column":79},"end":{"line":106,"column":81}}],"line":106},"5":{"loc":{"start":{"line":111,"column":45},"end":{"line":111,"column":79}},"type":"cond-expr","locations":[{"start":{"line":111,"column":64},"end":{"line":111,"column":74}},{"start":{"line":111,"column":74},"end":{"line":111,"column":79}}],"line":111},"6":{"loc":{"start":{"line":115,"column":43},"end":{"line":115,"column":85}},"type":"cond-expr","locations":[{"start":{"line":115,"column":66},"end":{"line":115,"column":83}},{"start":{"line":115,"column":83},"end":{"line":115,"column":85}}],"line":115},"7":{"loc":{"start":{"line":123,"column":40},"end":{"line":123,"column":76}},"type":"cond-expr","locations":[{"start":{"line":123,"column":61},"end":{"line":123,"column":74}},{"start":{"line":123,"column":74},"end":{"line":123,"column":76}}],"line":123},"8":{"loc":{"start":{"line":136,"column":40},"end":{"line":136,"column":76}},"type":"cond-expr","locations":[{"start":{"line":136,"column":61},"end":{"line":136,"column":74}},{"start":{"line":136,"column":74},"end":{"line":136,"column":76}}],"line":136}},"s":{"0":0,"1":0,"2":0,"3":0,"4":0,"5":0,"6":0,"7":0,"8":0,"9":0,"10":0,"11":0,"12":0,"13":0,"14":0,"15":0,"16":0},"f":{"0":0,"1":0,"2":0,"3":0,"4":0,"5":0,"6":0,"7":0,"8":0},"b":{"0":[0,0],"1":[0,0],"2":[0,0],"3":[0,0],"4":[0,0],"5":[0,0],"6":[0,0],"7":[0,0],"8":[0,0]},"meta":{"lastBranch":9,"lastFunction":9,"lastStatement":17,"seen":{"f:27:24:27:37":0,"s:36:30:36:Infinity":0,"s:39:30:39:Infinity":1,"s:40:40:40:Infinity":2,"s:43:38:43:Infinity":3,"s:46:36:46:Infinity":4,"s:47:40:47:Infinity":5,"s:49:8:51:Infinity":6,"f:49:33:49:39":1,"s:50:4:50:Infinity":7,"s:53:8:56:Infinity":8,"f:53:36:53:42":2,"s:55:4:55:Infinity":9,"s:58:2:175:Infinity":10,"b:66:46:66:78:66:78:66:Infinity":0,"f:68:20:68:21":3,"s:68:27:68:Infinity":11,"b:72:54:72:65:72:65:72:67":1,"f:73:19:73:25":4,"s:73:25:73:Infinity":12,"b:76:27:76:44:76:44:76:Infinity":2,"b:83:10:88:Infinity:90:10:97:Infinity":3,"b:106:64:106:79:106:79:106:81":4,"f:111:26:111:27":5,"s:111:33:111:Infinity":13,"b:111:64:111:74:111:74:111:79":5,"b:115:66:115:83:115:83:115:85":6,"b:123:61:123:74:123:74:123:76":7,"f:129:24:129:25":6,"s:129:31:129:Infinity":14,"b:136:61:136:74:136:74:136:76":8,"f:142:24:142:25":7,"s:142:31:142:Infinity":15,"f:154:24:154:25":8,"s:154:31:154:Infinity":16}}}
,"C:\\Users\\kazuki\\Documents\\SerialMonitorEssential\\src\\components\\SendPanel.tsx": {"path":"C:\\Users\\kazuki\\Documents\\SerialMonitorEssential\\src\\components\\SendPanel.tsx","statementMap":{"0":{"start":{"line":18,"column":32},"end":{"line":18,"column":null}},"1":{"start":{"line":19,"column":32},"end":{"line":19,"column":null}},"2":{"start":{"line":20,"column":34},"end":{"line":20,"column":null}},"3":{"start":{"line":21,"column":36},"end":{"line":21,"column":null}},"4":{"start":{"line":22,"column":34},"end":{"line":22,"column":null}},"5":{"start":{"line":25,"column":28},"end":{"line":25,"column":null}},"6":{"start":{"line":26,"column":38},"end":{"line":26,"column":null}},"7":{"start":{"line":28,"column":21},"end":{"line":63,"column":null}},"8":{"start":{"line":29,"column":4},"end":{"line":29,"column":null}},"9":{"start":{"line":29,"column":34},"end":{"line":29,"column":null}},"10":{"start":{"line":31,"column":31},"end":{"line":31,"column":null}},"11":{"start":{"line":33,"column":4},"end":{"line":62,"column":null}},"12":{"start":{"line":34,"column":6},"end":{"line":49,"column":null}},"13":{"start":{"line":36,"column":14},"end":{"line":36,"column":null}},"14":{"start":{"line":37,"column":8},"end":{"line":40,"column":null}},"15":{"start":{"line":38,"column":10},"end":{"line":38,"column":null}},"16":{"start":{"line":39,"column":10},"end":{"line":39,"column":null}},"17":{"start":{"line":41,"column":8},"end":{"line":41,"column":null}},"18":{"start":{"line":44,"column":24},"end":{"line":44,"column":null}},"19":{"start":{"line":45,"column":8},"end":{"line":45,"column":null}},"20":{"start":{"line":48,"column":8},"end":{"line":48,"column":null}},"21":{"start":{"line":51,"column":6},"end":{"line":51,"column":null}},"22":{"start":{"line":54,"column":6},"end":{"line":54,"column":null}},"23":{"start":{"line":54,"column":18},"end":{"line":54,"column":56}},"24":{"start":{"line":55,"column":6},"end":{"line":55,"column":null}},"25":{"start":{"line":56,"column":6},"end":{"line":56,"column":null}},"26":{"start":{"line":58,"column":6},"end":{"line":58,"column":null}},"27":{"start":{"line":58,"column":18},"end":{"line":58,"column":null}},"28":{"start":{"line":60,"column":6},"end":{"line":60,"column":null}},"29":{"start":{"line":61,"column":6},"end":{"line":61,"column":null}},"30":{"start":{"line":65,"column":24},"end":{"line":89,"column":null}},"31":{"start":{"line":66,"column":4},"end":{"line":88,"column":null}},"32":{"start":{"line":67,"column":6},"end":{"line":70,"column":null}},"33":{"start":{"line":68,"column":8},"end":{"line":68,"column":null}},"34":{"start":{"line":69,"column":8},"end":{"line":69,"column":null}},"35":{"start":{"line":71,"column":4},"end":{"line":88,"column":null}},"36":{"start":{"line":72,"column":6},"end":{"line":72,"column":null}},"37":{"start":{"line":73,"column":6},"end":{"line":77,"column":null}},"38":{"start":{"line":74,"column":26},"end":{"line":74,"column":null}},"39":{"start":{"line":75,"column":8},"end":{"line":75,"column":null}},"40":{"start":{"line":76,"column":8},"end":{"line":76,"column":null}},"41":{"start":{"line":78,"column":4},"end":{"line":88,"column":null}},"42":{"start":{"line":79,"column":6},"end":{"line":79,"column":null}},"43":{"start":{"line":80,"column":6},"end":{"line":87,"column":null}},"44":{"start":{"line":81,"column":26},"end":{"line":81,"column":null}},"45":{"start":{"line":82,"column":8},"end":{"line":82,"column":null}},"46":{"start":{"line":83,"column":8},"end":{"line":83,"column":null}},"47":{"start":{"line":84,"column":6},"end":{"line":87,"column":null}},"48":{"start":{"line":85,"column":8},"end":{"line":85,"column":null}},"49":{"start":{"line":86,"column":8},"end":{"line":86,"column":null}},"50":{"start":{"line":91,"column":2},"end":{"line":142,"column":null}},"51":{"start":{"line":98,"column":27},"end":{"line":98,"column":null}},"52":{"start":{"line":112,"column":33},"end":{"line":112,"column":null}},"53":{"start":{"line":121,"column":18},"end":{"line":121,"column":null}},"54":{"start":{"line":122,"column":18},"end":{"line":123,"column":null}},"55":{"start":{"line":122,"column":40},"end":{"line":122,"column":null}},"56":{"start":{"line":123,"column":23},"end":{"line":123,"column":null}},"57":{"start":{"line":131,"column":29},"end":{"line":131,"column":null}}},"fnMap":{"0":{"name":"SendPanel","decl":{"start":{"line":17,"column":24},"end":{"line":17,"column":34}},"loc":{"start":{"line":17,"column":73},"end":{"line":144,"column":null}},"line":17},"1":{"name":"(anonymous_1)","decl":{"start":{"line":28,"column":21},"end":{"line":28,"column":33}},"loc":{"start":{"line":28,"column":33},"end":{"line":63,"column":null}},"line":28},"2":{"name":"(anonymous_2)","decl":{"start":{"line":54,"column":17},"end":{"line":54,"column":18}},"loc":{"start":{"line":54,"column":18},"end":{"line":54,"column":56}},"line":54},"3":{"name":"(anonymous_3)","decl":{"start":{"line":65,"column":24},"end":{"line":65,"column":25}},"loc":{"start":{"line":65,"column":86},"end":{"line":89,"column":null}},"line":65},"4":{"name":"(anonymous_4)","decl":{"start":{"line":98,"column":20},"end":{"line":98,"column":21}},"loc":{"start":{"line":98,"column":27},"end":{"line":98,"column":null}},"line":98},"5":{"name":"(anonymous_5)","decl":{"start":{"line":112,"column":26},"end":{"line":112,"column":27}},"loc":{"start":{"line":112,"column":33},"end":{"line":112,"column":null}},"line":112},"6":{"name":"(anonymous_6)","decl":{"start":{"line":120,"column":26},"end":{"line":120,"column":27}},"loc":{"start":{"line":120,"column":33},"end":{"line":124,"column":null}},"line":120},"7":{"name":"(anonymous_7)","decl":{"start":{"line":131,"column":22},"end":{"line":131,"column":23}},"loc":{"start":{"line":131,"column":29},"end":{"line":131,"column":null}},"line":131}},"branchMap":{"0":{"loc":{"start":{"line":29,"column":4},"end":{"line":29,"column":null}},"type":"if","locations":[{"start":{"line":29,"column":4},"end":{"line":29,"column":null}},{"start":{},"end":{}}],"line":29},"1":{"loc":{"start":{"line":29,"column":8},"end":{"line":29,"column":34}},"type":"binary-expr","locations":[{"start":{"line":29,"column":8},"end":{"line":29,"column":22}},{"start":{"line":29,"column":22},"end":{"line":29,"column":34}}],"line":29},"2":{"loc":{"start":{"line":34,"column":6},"end":{"line":49,"column":null}},"type":"if","locations":[{"start":{"line":34,"column":6},"end":{"line":49,"column":null}},{"start":{"line":42,"column":13},"end":{"line":49,"column":null}}],"line":34},"3":{"loc":{"start":{"line":34,"column":10},"end":{"line":34,"column":45}},"type":"binary-expr","locations":[{"start":{"line":34,"column":10},"end":{"line":34,"column":33}},{"start":{"line":34,"column":33},"end":{"line":34,"column":45}}],"line":34},"4":{"loc":{"start":{"line":37,"column":8},"end":{"line":40,"column":null}},"type":"if","locations":[{"start":{"line":37,"column":8},"end":{"line":40,"column":null}},{"start":{},"end":{}}],"line":37},"5":{"loc":{"start":{"line":58,"column":6},"end":{"line":58,"column":null}},"type":"if","locations":[{"start":{"line":58,"column":6},"end":{"line":58,"column":null}},{"start":{},"end":{}}],"line":58},"6":{"loc":{"start":{"line":66,"column":4},"end":{"line":88,"column":null}},"type":"if","locations":[{"start":{"line":66,"column":4},"end":{"line":88,"column":null}},{"start":{"line":71,"column":4},"end":{"line":88,"column":null}}],"line":66},"7":{"loc":{"start":{"line":67,"column":6},"end":{"line":70,"column":null}},"type":"if","locations":[{"start":{"line":67,"column":6},"end":{"line":70,"column":null}},{"start":{},"end":{}}],"line":67},"8":{"loc":{"start":{"line":67,"column":10},"end":{"line":67,"column":38}},"type":"binary-expr","locations":[{"start":{"line":67,"column":10},"end":{"line":67,"column":25}},{"start":{"line":67,"column":25},"end":{"line":67,"column":38}}],"line":67},"9":{"loc":{"start":{"line":71,"column":4},"end":{"line":88,"column":null}},"type":"if","locations":[{"start":{"line":71,"column":4},"end":{"line":88,"column":null}},{"start":{"line":78,"column":4},"end":{"line":88,"column":null}}],"line":71},"10":{"loc":{"start":{"line":73,"column":6},"end":{"line":77,"column":null}},"type":"if","locations":[{"start":{"line":73,"column":6},"end":{"line":77,"column":null}},{"start":{},"end":{}}],"line":73},"11":{"loc":{"start":{"line":78,"column":4},"end":{"line":88,"column":null}},"type":"if","locations":[{"start":{"line":78,"column":4},"end":{"line":88,"column":null}},{"start":{},"end":{}}],"line":78},"12":{"loc":{"start":{"line":80,"column":6},"end":{"line":87,"column":null}},"type":"if","locations":[{"start":{"line":80,"column":6},"end":{"line":87,"column":null}},{"start":{"line":84,"column":6},"end":{"line":87,"column":null}}],"line":80},"13":{"loc":{"start":{"line":84,"column":6},"end":{"line":87,"column":null}},"type":"if","locations":[{"start":{"line":84,"column":6},"end":{"line":87,"column":null}},{"start":{},"end":{}}],"line":84},"14":{"loc":{"start":{"line":101,"column":23},"end":{"line":101,"column":null}},"type":"cond-expr","locations":[{"start":{"line":101,"column":59},"end":{"line":101,"column":83}},{"start":{"line":101,"column":83},"end":{"line":101,"column":null}}],"line":101},"15":{"loc":{"start":{"line":101,"column":23},"end":{"line":101,"column":59}},"type":"binary-expr","locations":[{"start":{"line":101,"column":23},"end":{"line":101,"column":46}},{"start":{"line":101,"column":46},"end":{"line":101,"column":59}}],"line":101},"16":{"loc":{"start":{"line":104,"column":49},"end":{"line":104,"column":75}},"type":"binary-expr","locations":[{"start":{"line":104,"column":49},"end":{"line":104,"column":63}},{"start":{"line":104,"column":63},"end":{"line":104,"column":75}}],"line":104},"17":{"loc":{"start":{"line":122,"column":18},"end":{"line":123,"column":null}},"type":"if","locations":[{"start":{"line":122,"column":18},"end":{"line":123,"column":null}},{"start":{"line":123,"column":23},"end":{"line":123,"column":null}}],"line":122}},"s":{"0":0,"1":0,"2":0,"3":0,"4":0,"5":0,"6":0,"7":0,"8":0,"9":0,"10":0,"11":0,"12":0,"13":0,"14":0,"15":0,"16":0,"17":0,"18":0,"19":0,"20":0,"21":0,"22":0,"23":0,"24":0,"25":0,"26":0,"27":0,"28":0,"29":0,"30":0,"31":0,"32":0,"33":0,"34":0,"35":0,"36":0,"37":0,"38":0,"39":0,"40":0,"41":0,"42":0,"43":0,"44":0,"45":0,"46":0,"47":0,"48":0,"49":0,"50":0,"51":0,"52":0,"53":0,"54":0,"55":0,"56":0,"57":0},"f":{"0":0,"1":0,"2":0,"3":0,"4":0,"5":0,"6":0,"7":0},"b":{"0":[0,0],"1":[0,0],"2":[0,0],"3":[0,0],"4":[0,0],"5":[0,0],"6":[0,0],"7":[0,0],"8":[0,0],"9":[0,0],"10":[0,0],"11":[0,0],"12":[0,0],"13":[0,0],"14":[0,0],"15":[0,0],"16":[0,0],"17":[0,0]},"meta":{"lastBranch":18,"lastFunction":8,"lastStatement":58,"seen":{"f:17:24:17:34":0,"s:18:32:18:Infinity":0,"s:19:32:19:Infinity":1,"s:20:34:20:Infinity":2,"s:21:36:21:Infinity":3,"s:22:34:22:Infinity":4,"s:25:28:25:Infinity":5,"s:26:38:26:Infinity":6,"s:28:21:63:Infinity":7,"f:28:21:28:33":1,"b:29:4:29:Infinity:undefined:undefined:undefined:undefined":0,"s:29:4:29:Infinity":8,"b:29:8:29:22:29:22:29:34":1,"s:29:34:29:Infinity":9,"s:31:31:31:Infinity":10,"s:33:4:62:Infinity":11,"b:34:6:49:Infinity:42:13:49:Infinity":2,"s:34:6:49:Infinity":12,"b:34:10:34:33:34:33:34:45":3,"s:36:14:36:Infinity":13,"b:37:8:40:Infinity:undefined:undefined:undefined:undefined":4,"s:37:8:40:Infinity":14,"s:38:10:38:Infinity":15,"s:39:10:39:Infinity":16,"s:41:8:41:Infinity":17,"s:44:24:44:Infinity":18,"s:45:8:45:Infinity":19,"s:48:8:48:Infinity":20,"s:51:6:51:Infinity":21,"s:54:6:54:Infinity":22,"f:54:17:54:18":2,"s:54:18:54:56":23,"s:55:6:55:Infinity":24,"s:56:6:56:Infinity":25,"b:58:6:58:Infinity:undefined:undefined:undefined:undefined":5,"s:58:6:58:Infinity":26,"s:58:18:58:Infinity":27,"s:60:6:60:Infinity":28,"s:61:6:61:Infinity":29,"s:65:24:89:Infinity":30,"f:65:24:65:25":3,"b:66:4:88:Infinity:71:4:88:Infinity":6,"s:66:4:88:Infinity":31,"b:67:6:70:Infinity:undefined:undefined:undefined:undefined":7,"s:67:6:70:Infinity":32,"b:67:10:67:25:67:25:67:38":8,"s:68:8:68:Infinity":33,"s:69:8:69:Infinity":34,"b:71:4:88:Infinity:78:4:88:Infinity":9,"s:71:4:88:Infinity":35,"s:72:6:72:Infinity":36,"b:73:6:77:Infinity:undefined:undefined:undefined:undefined":10,"s:73:6:77:Infinity":37,"s:74:26:74:Infinity":38,"s:75:8:75:Infinity":39,"s:76:8:76:Infinity":40,"b:78:4:88:Infinity:undefined:undefined:undefined:undefined":11,"s:78:4:88:Infinity":41,"s:79:6:79:Infinity":42,"b:80:6:87:Infinity:84:6:87:Infinity":12,"s:80:6:87:Infinity":43,"s:81:26:81:Infinity":44,"s:82:8:82:Infinity":45,"s:83:8:83:Infinity":46,"b:84:6:87:Infinity:undefined:undefined:undefined:undefined":13,"s:84:6:87:Infinity":47,"s:85:8:85:Infinity":48,"s:86:8:86:Infinity":49,"s:91:2:142:Infinity":50,"f:98:20:98:21":4,"s:98:27:98:Infinity":51,"b:101:59:101:83:101:83:101:Infinity":14,"b:101:23:101:46:101:46:101:59":15,"b:104:49:104:63:104:63:104:75":16,"f:112:26:112:27":5,"s:112:33:112:Infinity":52,"f:120:26:120:27":6,"s:121:18:121:Infinity":53,"b:122:18:123:Infinity:123:23:123:Infinity":17,"s:122:18:123:Infinity":54,"s:122:40:122:Infinity":55,"s:123:23:123:Infinity":56,"f:131:22:131:23":7,"s:131:29:131:Infinity":57}}}
,"C:\\Users\\kazuki\\Documents\\SerialMonitorEssential\\src\\components\\SettingsPanel.tsx": {"path":"C:\\Users\\kazuki\\Documents\\SerialMonitorEssential\\src\\components\\SettingsPanel.tsx","statementMap":{"0":{"start":{"line":37,"column":44},"end":{"line":37,"column":null}},"1":{"start":{"line":38,"column":46},"end":{"line":38,"column":null}},"2":{"start":{"line":40,"column":23},"end":{"line":42,"column":null}},"3":{"start":{"line":41,"column":4},"end":{"line":41,"column":null}},"4":{"start":{"line":44,"column":2},"end":{"line":213,"column":null}},"5":{"start":{"line":50,"column":27},"end":{"line":50,"column":null}},"6":{"start":{"line":56,"column":12},"end":{"line":58,"column":null}},"7":{"start":{"line":68,"column":31},"end":{"line":68,"column":null}},"8":{"start":{"line":69,"column":28},"end":{"line":69,"column":null}},"9":{"start":{"line":70,"column":32},"end":{"line":70,"column":null}},"10":{"start":{"line":79,"column":16},"end":{"line":79,"column":null}},"11":{"start":{"line":79,"column":33},"end":{"line":79,"column":null}},"12":{"start":{"line":80,"column":16},"end":{"line":80,"column":null}},"13":{"start":{"line":90,"column":68},"end":{"line":90,"column":96}},"14":{"start":{"line":96,"column":18},"end":{"line":105,"column":null}},"15":{"start":{"line":100,"column":22},"end":{"line":100,"column":null}},"16":{"start":{"line":101,"column":22},"end":{"line":101,"column":null}},"17":{"start":{"line":110,"column":20},"end":{"line":110,"column":null}},"18":{"start":{"line":111,"column":20},"end":{"line":111,"column":null}},"19":{"start":{"line":139,"column":29},"end":{"line":139,"column":null}},"20":{"start":{"line":143,"column":14},"end":{"line":145,"column":null}},"21":{"start":{"line":154,"column":29},"end":{"line":154,"column":null}},"22":{"start":{"line":158,"column":14},"end":{"line":160,"column":null}},"23":{"start":{"line":170,"column":31},"end":{"line":170,"column":null}},"24":{"start":{"line":178,"column":31},"end":{"line":178,"column":null}},"25":{"start":{"line":188,"column":29},"end":{"line":188,"column":null}},"26":{"start":{"line":201,"column":14},"end":{"line":201,"column":null}},"27":{"start":{"line":206,"column":14},"end":{"line":208,"column":null}}},"fnMap":{"0":{"name":"SettingsPanel","decl":{"start":{"line":26,"column":24},"end":{"line":26,"column":38}},"loc":{"start":{"line":36,"column":23},"end":{"line":215,"column":null}},"line":36},"1":{"name":"(anonymous_1)","decl":{"start":{"line":40,"column":23},"end":{"line":40,"column":54}},"loc":{"start":{"line":40,"column":89},"end":{"line":42,"column":null}},"line":40},"2":{"name":"(anonymous_2)","decl":{"start":{"line":50,"column":20},"end":{"line":50,"column":21}},"loc":{"start":{"line":50,"column":27},"end":{"line":50,"column":null}},"line":50},"3":{"name":"(anonymous_3)","decl":{"start":{"line":55,"column":21},"end":{"line":55,"column":22}},"loc":{"start":{"line":56,"column":12},"end":{"line":58,"column":null}},"line":56},"4":{"name":"(anonymous_4)","decl":{"start":{"line":68,"column":24},"end":{"line":68,"column":25}},"loc":{"start":{"line":68,"column":31},"end":{"line":68,"column":null}},"line":68},"5":{"name":"(anonymous_5)","decl":{"start":{"line":69,"column":22},"end":{"line":69,"column":28}},"loc":{"start":{"line":69,"column":28},"end":{"line":69,"column":null}},"line":69},"6":{"name":"(anonymous_6)","decl":{"start":{"line":70,"column":25},"end":{"line":70,"column":26}},"loc":{"start":{"line":70,"column":32},"end":{"line":70,"column":null}},"line":70},"7":{"name":"(anonymous_7)","decl":{"start":{"line":78,"column":23},"end":{"line":78,"column":29}},"loc":{"start":{"line":78,"column":29},"end":{"line":81,"column":null}},"line":78},"8":{"name":"(anonymous_8)","decl":{"start":{"line":90,"column":62},"end":{"line":90,"column":68}},"loc":{"start":{"line":90,"column":68},"end":{"line":90,"column":96}},"line":90},"9":{"name":"(anonymous_9)","decl":{"start":{"line":95,"column":22},"end":{"line":95,"column":23}},"loc":{"start":{"line":96,"column":18},"end":{"line":105,"column":null}},"line":96},"10":{"name":"(anonymous_10)","decl":{"start":{"line":99,"column":29},"end":{"line":99,"column":35}},"loc":{"start":{"line":99,"column":35},"end":{"line":102,"column":null}},"line":99},"11":{"name":"(anonymous_11)","decl":{"start":{"line":109,"column":27},"end":{"line":109,"column":33}},"loc":{"start":{"line":109,"column":33},"end":{"line":112,"column":null}},"line":109},"12":{"name":"(anonymous_12)","decl":{"start":{"line":139,"column":22},"end":{"line":139,"column":23}},"loc":{"start":{"line":139,"column":29},"end":{"line":139,"column":null}},"line":139},"13":{"name":"(anonymous_13)","decl":{"start":{"line":142,"column":30},"end":{"line":142,"column":31}},"loc":{"start":{"line":143,"column":14},"end":{"line":145,"column":null}},"line":143},"14":{"name":"(anonymous_14)","decl":{"start":{"line":154,"column":22},"end":{"line":154,"column":23}},"loc":{"start":{"line":154,"column":29},"end":{"line":154,"column":null}},"line":154},"15":{"name":"(anonymous_15)","decl":{"start":{"line":157,"column":41},"end":{"line":157,"column":42}},"loc":{"start":{"line":158,"column":14},"end":{"line":160,"column":null}},"line":158},"16":{"name":"(anonymous_16)","decl":{"start":{"line":170,"column":24},"end":{"line":170,"column":25}},"loc":{"start":{"line":170,"column":31},"end":{"line":170,"column":null}},"line":170},"17":{"name":"(anonymous_17)","decl":{"start":{"line":178,"column":24},"end":{"line":178,"column":25}},"loc":{"start":{"line":178,"column":31},"end":{"line":178,"column":null}},"line":178},"18":{"name":"(anonymous_18)","decl":{"start":{"line":188,"column":22},"end":{"line":188,"column":23}},"loc":{"start":{"line":188,"column":29},"end":{"line":188,"column":null}},"line":188},"19":{"name":"(anonymous_19)","decl":{"start":{"line":200,"column":22},"end":{"line":200,"column":23}},"loc":{"start":{"line":201,"column":14},"end":{"line":201,"column":null}},"line":201},"20":{"name":"(anonymous_20)","decl":{"start":{"line":205,"column":50},"end":{"line":205,"column":51}},"loc":{"start":{"line":206,"column":14},"end":{"line":208,"column":null}},"line":206}},"branchMap":{"0":{"loc":{"start":{"line":60,"column":11},"end":{"line":60,"column":null}},"type":"binary-expr","locations":[{"start":{"line":60,"column":11},"end":{"line":60,"column":33}},{"start":{"line":60,"column":33},"end":{"line":60,"column":null}}],"line":60},"1":{"loc":{"start":{"line":64,"column":11},"end":{"line":85,"column":null}},"type":"cond-expr","locations":[{"start":{"line":65,"column":12},"end":{"line":74,"column":null}},{"start":{"line":76,"column":12},"end":{"line":85,"column":null}}],"line":64},"2":{"loc":{"start":{"line":70,"column":32},"end":{"line":70,"column":null}},"type":"binary-expr","locations":[{"start":{"line":70,"column":32},"end":{"line":70,"column":53}},{"start":{"line":70,"column":53},"end":{"line":70,"column":null}}],"line":70},"3":{"loc":{"start":{"line":77,"column":41},"end":{"line":77,"column":70}},"type":"cond-expr","locations":[{"start":{"line":77,"column":55},"end":{"line":77,"column":68}},{"start":{"line":77,"column":68},"end":{"line":77,"column":70}}],"line":77},"4":{"loc":{"start":{"line":79,"column":16},"end":{"line":79,"column":null}},"type":"if","locations":[{"start":{"line":79,"column":16},"end":{"line":79,"column":null}},{"start":{},"end":{}}],"line":79},"5":{"loc":{"start":{"line":88,"column":11},"end":{"line":117,"column":null}},"type":"binary-expr","locations":[{"start":{"line":88,"column":11},"end":{"line":88,"column":31}},{"start":{"line":88,"column":31},"end":{"line":88,"column":51}},{"start":{"line":88,"column":51},"end":{"line":88,"column":null}},{"start":{"line":89,"column":12},"end":{"line":117,"column":null}}],"line":88},"6":{"loc":{"start":{"line":122,"column":19},"end":{"line":122,"column":null}},"type":"cond-expr","locations":[{"start":{"line":122,"column":33},"end":{"line":122,"column":48}},{"start":{"line":122,"column":48},"end":{"line":122,"column":null}}],"line":122},"7":{"loc":{"start":{"line":123,"column":39},"end":{"line":123,"column":69}},"type":"cond-expr","locations":[{"start":{"line":123,"column":53},"end":{"line":123,"column":67}},{"start":{"line":123,"column":67},"end":{"line":123,"column":69}}],"line":123},"8":{"loc":{"start":{"line":125,"column":11},"end":{"line":125,"column":null}},"type":"cond-expr","locations":[{"start":{"line":125,"column":25},"end":{"line":125,"column":40}},{"start":{"line":125,"column":40},"end":{"line":125,"column":null}}],"line":125}},"s":{"0":0,"1":0,"2":0,"3":0,"4":0,"5":0,"6":0,"7":0,"8":0,"9":0,"10":0,"11":0,"12":0,"13":0,"14":0,"15":0,"16":0,"17":0,"18":0,"19":0,"20":0,"21":0,"22":0,"23":0,"24":0,"25":0,"26":0,"27":0},"f":{"0":0,"1":0,"2":0,"3":0,"4":0,"5":0,"6":0,"7":0,"8":0,"9":0,"10":0,"11":0,"12":0,"13":0,"14":0,"15":0,"16":0,"17":0,"18":0,"19":0,"20":0},"b":{"0":[0,0],"1":[0,0],"2":[0,0],"3":[0,0],"4":[0,0],"5":[0,0,0,0],"6":[0,0],"7":[0,0],"8":[0,0]},"meta":{"lastBranch":9,"lastFunction":21,"lastStatement":28,"seen":{"f:26:24:26:38":0,"s:37:44:37:Infinity":0,"s:38:46:38:Infinity":1,"s:40:23:42:Infinity":2,"f:40:23:40:54":1,"s:41:4:41:Infinity":3,"s:44:2:213:Infinity":4,"f:50:20:50:21":2,"s:50:27:50:Infinity":5,"f:55:21:55:22":3,"s:56:12:58:Infinity":6,"b:60:11:60:33:60:33:60:Infinity":0,"b:65:12:74:Infinity:76:12:85:Infinity":1,"f:68:24:68:25":4,"s:68:31:68:Infinity":7,"f:69:22:69:28":5,"s:69:28:69:Infinity":8,"f:70:25:70:26":6,"s:70:32:70:Infinity":9,"b:70:32:70:53:70:53:70:Infinity":2,"b:77:55:77:68:77:68:77:70":3,"f:78:23:78:29":7,"b:79:16:79:Infinity:undefined:undefined:undefined:undefined":4,"s:79:16:79:Infinity":10,"s:79:33:79:Infinity":11,"s:80:16:80:Infinity":12,"b:88:11:88:31:88:31:88:51:88:51:88:Infinity:89:12:117:Infinity":5,"f:90:62:90:68":8,"s:90:68:90:96":13,"f:95:22:95:23":9,"s:96:18:105:Infinity":14,"f:99:29:99:35":10,"s:100:22:100:Infinity":15,"s:101:22:101:Infinity":16,"f:109:27:109:33":11,"s:110:20:110:Infinity":17,"s:111:20:111:Infinity":18,"b:122:33:122:48:122:48:122:Infinity":6,"b:123:53:123:67:123:67:123:69":7,"b:125:25:125:40:125:40:125:Infinity":8,"f:139:22:139:23":12,"s:139:29:139:Infinity":19,"f:142:30:142:31":13,"s:143:14:145:Infinity":20,"f:154:22:154:23":14,"s:154:29:154:Infinity":21,"f:157:41:157:42":15,"s:158:14:160:Infinity":22,"f:170:24:170:25":16,"s:170:31:170:Infinity":23,"f:178:24:178:25":17,"s:178:31:178:Infinity":24,"f:188:22:188:23":18,"s:188:29:188:Infinity":25,"f:200:22:200:23":19,"s:201:14:201:Infinity":26,"f:205:50:205:51":20,"s:206:14:208:Infinity":27}}}
,"C:\\Users\\kazuki\\Documents\\SerialMonitorEssential\\src\\components\\viewers\\AsciiViewer.tsx": {"path":"C:\\Users\\kazuki\\Documents\\SerialMonitorEssential\\src\\components\\viewers\\AsciiViewer.tsx","statementMap":{"0":{"start":{"line":36,"column":24},"end":{"line":36,"column":null}},"1":{"start":{"line":37,"column":34},"end":{"line":37,"column":null}},"2":{"start":{"line":38,"column":46},"end":{"line":38,"column":null}},"3":{"start":{"line":41,"column":8},"end":{"line":41,"column":null}},"4":{"start":{"line":42,"column":8},"end":{"line":42,"column":null}},"5":{"start":{"line":43,"column":8},"end":{"line":43,"column":null}},"6":{"start":{"line":46,"column":8},"end":{"line":46,"column":null}},"7":{"start":{"line":47,"column":8},"end":{"line":47,"column":null}},"8":{"start":{"line":50,"column":8},"end":{"line":50,"column":null}},"9":{"start":{"line":53,"column":42},"end":{"line":53,"column":null}},"10":{"start":{"line":57,"column":4},"end":{"line":57,"column":null}},"11":{"start":{"line":68,"column":2},"end":{"line":74,"column":null}},"12":{"start":{"line":78,"column":28},"end":{"line":78,"column":null}},"13":{"start":{"line":81,"column":2},"end":{"line":112,"column":null}},"14":{"start":{"line":87,"column":30},"end":{"line":87,"column":null}},"15":{"start":{"line":89,"column":4},"end":{"line":111,"column":null}},"16":{"start":{"line":90,"column":6},"end":{"line":110,"column":null}},"17":{"start":{"line":91,"column":8},"end":{"line":106,"column":null}},"18":{"start":{"line":94,"column":36},"end":{"line":94,"column":null}},"19":{"start":{"line":99,"column":12},"end":{"line":99,"column":null}},"20":{"start":{"line":101,"column":12},"end":{"line":101,"column":null}},"21":{"start":{"line":104,"column":12},"end":{"line":104,"column":null}},"22":{"start":{"line":105,"column":12},"end":{"line":105,"column":null}},"23":{"start":{"line":109,"column":8},"end":{"line":109,"column":null}},"24":{"start":{"line":115,"column":8},"end":{"line":142,"column":null}},"25":{"start":{"line":117,"column":6},"end":{"line":117,"column":null}},"26":{"start":{"line":117,"column":31},"end":{"line":117,"column":null}},"27":{"start":{"line":118,"column":6},"end":{"line":118,"column":null}},"28":{"start":{"line":118,"column":86},"end":{"line":118,"column":null}},"29":{"start":{"line":120,"column":6},"end":{"line":120,"column":null}},"30":{"start":{"line":121,"column":6},"end":{"line":121,"column":null}},"31":{"start":{"line":123,"column":6},"end":{"line":139,"column":null}},"32":{"start":{"line":124,"column":27},"end":{"line":124,"column":null}},"33":{"start":{"line":125,"column":24},"end":{"line":130,"column":null}},"34":{"start":{"line":131,"column":8},"end":{"line":131,"column":null}},"35":{"start":{"line":132,"column":8},"end":{"line":132,"column":null}},"36":{"start":{"line":133,"column":8},"end":{"line":133,"column":null}},"37":{"start":{"line":134,"column":8},"end":{"line":134,"column":null}},"38":{"start":{"line":136,"column":8},"end":{"line":136,"column":null}},"39":{"start":{"line":138,"column":8},"end":{"line":138,"column":null}},"40":{"start":{"line":145,"column":2},"end":{"line":168,"column":null}},"41":{"start":{"line":146,"column":4},"end":{"line":151,"column":null}},"42":{"start":{"line":147,"column":6},"end":{"line":147,"column":null}},"43":{"start":{"line":148,"column":6},"end":{"line":148,"column":null}},"44":{"start":{"line":149,"column":6},"end":{"line":149,"column":null}},"45":{"start":{"line":150,"column":6},"end":{"line":150,"column":null}},"46":{"start":{"line":154,"column":23},"end":{"line":154,"column":null}},"47":{"start":{"line":160,"column":24},"end":{"line":160,"column":null}},"48":{"start":{"line":161,"column":22},"end":{"line":161,"column":null}},"49":{"start":{"line":164,"column":25},"end":{"line":164,"column":null}},"50":{"start":{"line":165,"column":4},"end":{"line":165,"column":null}},"51":{"start":{"line":167,"column":4},"end":{"line":167,"column":null}},"52":{"start":{"line":171,"column":8},"end":{"line":183,"column":null}},"53":{"start":{"line":173,"column":6},"end":{"line":173,"column":null}},"54":{"start":{"line":176,"column":6},"end":{"line":180,"column":null}},"55":{"start":{"line":177,"column":8},"end":{"line":177,"column":null}},"56":{"start":{"line":178,"column":8},"end":{"line":178,"column":null}},"57":{"start":{"line":179,"column":8},"end":{"line":179,"column":null}},"58":{"start":{"line":186,"column":8},"end":{"line":195,"column":null}},"59":{"start":{"line":188,"column":6},"end":{"line":192,"column":null}},"60":{"start":{"line":189,"column":8},"end":{"line":189,"column":null}},"61":{"start":{"line":190,"column":8},"end":{"line":190,"column":null}},"62":{"start":{"line":191,"column":8},"end":{"line":191,"column":null}},"63":{"start":{"line":201,"column":22},"end":{"line":201,"column":null}},"64":{"start":{"line":202,"column":21},"end":{"line":202,"column":null}},"65":{"start":{"line":203,"column":21},"end":{"line":203,"column":null}},"66":{"start":{"line":205,"column":28},"end":{"line":205,"column":null}},"67":{"start":{"line":206,"column":19},"end":{"line":206,"column":null}},"68":{"start":{"line":208,"column":2},"end":{"line":263,"column":null}},"69":{"start":{"line":221,"column":18},"end":{"line":227,"column":null}},"70":{"start":{"line":239,"column":16},"end":{"line":245,"column":null}}},"fnMap":{"0":{"name":"AsciiViewer","decl":{"start":{"line":27,"column":24},"end":{"line":27,"column":36}},"loc":{"start":{"line":34,"column":21},"end":{"line":265,"column":null}},"line":34},"1":{"name":"(anonymous_1)","decl":{"start":{"line":33,"column":19},"end":{"line":33,"column":25}},"loc":{"start":{"line":33,"column":25},"end":{"line":33,"column":null}},"line":33},"2":{"name":"(anonymous_2)","decl":{"start":{"line":81,"column":12},"end":{"line":81,"column":18}},"loc":{"start":{"line":81,"column":18},"end":{"line":112,"column":5}},"line":81},"3":{"name":"(anonymous_3)","decl":{"start":{"line":92,"column":16},"end":{"line":92,"column":17}},"loc":{"start":{"line":92,"column":25},"end":{"line":102,"column":11}},"line":92},"4":{"name":"(anonymous_4)","decl":{"start":{"line":103,"column":17},"end":{"line":103,"column":18}},"loc":{"start":{"line":103,"column":26},"end":{"line":106,"column":11}},"line":103},"5":{"name":"(anonymous_5)","decl":{"start":{"line":116,"column":4},"end":{"line":116,"column":11}},"loc":{"start":{"line":116,"column":57},"end":{"line":140,"column":null}},"line":116},"6":{"name":"(anonymous_6)","decl":{"start":{"line":145,"column":12},"end":{"line":145,"column":18}},"loc":{"start":{"line":145,"column":18},"end":{"line":168,"column":5}},"line":145},"7":{"name":"(anonymous_7)","decl":{"start":{"line":172,"column":4},"end":{"line":172,"column":5}},"loc":{"start":{"line":172,"column":42},"end":{"line":181,"column":null}},"line":172},"8":{"name":"(anonymous_8)","decl":{"start":{"line":187,"column":4},"end":{"line":187,"column":5}},"loc":{"start":{"line":187,"column":42},"end":{"line":193,"column":null}},"line":187},"9":{"name":"(anonymous_9)","decl":{"start":{"line":220,"column":27},"end":{"line":220,"column":28}},"loc":{"start":{"line":221,"column":18},"end":{"line":227,"column":null}},"line":221},"10":{"name":"(anonymous_10)","decl":{"start":{"line":238,"column":25},"end":{"line":238,"column":26}},"loc":{"start":{"line":239,"column":16},"end":{"line":245,"column":null}},"line":239}},"branchMap":{"0":{"loc":{"start":{"line":30,"column":2},"end":{"line":30,"column":null}},"type":"default-arg","locations":[{"start":{"line":30,"column":18},"end":{"line":30,"column":null}}],"line":30},"1":{"loc":{"start":{"line":31,"column":2},"end":{"line":31,"column":null}},"type":"default-arg","locations":[{"start":{"line":31,"column":13},"end":{"line":31,"column":null}}],"line":31},"2":{"loc":{"start":{"line":32,"column":2},"end":{"line":32,"column":null}},"type":"default-arg","locations":[{"start":{"line":32,"column":18},"end":{"line":32,"column":null}}],"line":32},"3":{"loc":{"start":{"line":33,"column":2},"end":{"line":33,"column":null}},"type":"default-arg","locations":[{"start":{"line":33,"column":19},"end":{"line":33,"column":null}}],"line":33},"4":{"loc":{"start":{"line":57,"column":4},"end":{"line":57,"column":null}},"type":"cond-expr","locations":[{"start":{"line":57,"column":32},"end":{"line":57,"column":56}},{"start":{"line":57,"column":56},"end":{"line":57,"column":null}}],"line":57},"5":{"loc":{"start":{"line":87,"column":30},"end":{"line":87,"column":null}},"type":"binary-expr","locations":[{"start":{"line":87,"column":30},"end":{"line":87,"column":59}},{"start":{"line":87,"column":59},"end":{"line":87,"column":null}}],"line":87},"6":{"loc":{"start":{"line":89,"column":4},"end":{"line":111,"column":null}},"type":"if","locations":[{"start":{"line":89,"column":4},"end":{"line":111,"column":null}},{"start":{},"end":{}}],"line":89},"7":{"loc":{"start":{"line":89,"column":8},"end":{"line":89,"column":64}},"type":"binary-expr","locations":[{"start":{"line":89,"column":8},"end":{"line":89,"column":27}},{"start":{"line":89,"column":27},"end":{"line":89,"column":45}},{"start":{"line":89,"column":45},"end":{"line":89,"column":64}}],"line":89},"8":{"loc":{"start":{"line":90,"column":6},"end":{"line":110,"column":null}},"type":"if","locations":[{"start":{"line":90,"column":6},"end":{"line":110,"column":null}},{"start":{"line":107,"column":13},"end":{"line":110,"column":null}}],"line":90},"9":{"loc":{"start":{"line":116,"column":30},"end":{"line":116,"column":57}},"type":"default-arg","locations":[{"start":{"line":116,"column":47},"end":{"line":116,"column":57}}],"line":116},"10":{"loc":{"start":{"line":117,"column":6},"end":{"line":117,"column":null}},"type":"if","locations":[{"start":{"line":117,"column":6},"end":{"line":117,"column":null}},{"start":{},"end":{}}],"line":117},"11":{"loc":{"start":{"line":118,"column":6},"end":{"line":118,"column":null}},"type":"if","locations":[{"start":{"line":118,"column":6},"end":{"line":118,"column":null}},{"start":{},"end":{}}],"line":118},"12":{"loc":{"start":{"line":118,"column":10},"end":{"line":118,"column":86}},"type":"binary-expr","locations":[{"start":{"line":118,"column":10},"end":{"line":118,"column":20}},{"start":{"line":118,"column":20},"end":{"line":118,"column":86}}],"line":118},"13":{"loc":{"start":{"line":146,"column":4},"end":{"line":151,"column":null}},"type":"if","locations":[{"start":{"line":146,"column":4},"end":{"line":151,"column":null}},{"start":{},"end":{}}],"line":146},"14":{"loc":{"start":{"line":160,"column":24},"end":{"line":160,"column":null}},"type":"cond-expr","locations":[{"start":{"line":160,"column":41},"end":{"line":160,"column":67}},{"start":{"line":160,"column":67},"end":{"line":160,"column":null}}],"line":160},"15":{"loc":{"start":{"line":176,"column":6},"end":{"line":180,"column":null}},"type":"if","locations":[{"start":{"line":176,"column":6},"end":{"line":180,"column":null}},{"start":{},"end":{}}],"line":176},"16":{"loc":{"start":{"line":176,"column":10},"end":{"line":176,"column":86}},"type":"binary-expr","locations":[{"start":{"line":176,"column":10},"end":{"line":176,"column":41}},{"start":{"line":176,"column":41},"end":{"line":176,"column":58}},{"start":{"line":176,"column":58},"end":{"line":176,"column":86}}],"line":176},"17":{"loc":{"start":{"line":188,"column":6},"end":{"line":192,"column":null}},"type":"if","locations":[{"start":{"line":188,"column":6},"end":{"line":192,"column":null}},{"start":{},"end":{}}],"line":188},"18":{"loc":{"start":{"line":188,"column":10},"end":{"line":188,"column":63}},"type":"binary-expr","locations":[{"start":{"line":188,"column":10},"end":{"line":188,"column":41}},{"start":{"line":188,"column":41},"end":{"line":188,"column":63}}],"line":188},"19":{"loc":{"start":{"line":201,"column":22},"end":{"line":201,"column":null}},"type":"cond-expr","locations":[{"start":{"line":201,"column":41},"end":{"line":201,"column":68}},{"start":{"line":201,"column":68},"end":{"line":201,"column":null}}],"line":201},"20":{"loc":{"start":{"line":209,"column":36},"end":{"line":209,"column":63}},"type":"cond-expr","locations":[{"start":{"line":209,"column":47},"end":{"line":209,"column":61}},{"start":{"line":209,"column":61},"end":{"line":209,"column":63}}],"line":209},"21":{"loc":{"start":{"line":212,"column":9},"end":{"line":231,"column":null}},"type":"binary-expr","locations":[{"start":{"line":212,"column":9},"end":{"line":212,"column":null}},{"start":{"line":213,"column":10},"end":{"line":231,"column":null}}],"line":212},"22":{"loc":{"start":{"line":226,"column":21},"end":{"line":226,"column":null}},"type":"binary-expr","locations":[{"start":{"line":226,"column":21},"end":{"line":226,"column":39}},{"start":{"line":226,"column":39},"end":{"line":226,"column":null}}],"line":226},"23":{"loc":{"start":{"line":242,"column":35},"end":{"line":242,"column":67}},"type":"cond-expr","locations":[{"start":{"line":242,"column":46},"end":{"line":242,"column":55}},{"start":{"line":242,"column":55},"end":{"line":242,"column":67}}],"line":242},"24":{"loc":{"start":{"line":259,"column":68},"end":{"line":259,"column":92}},"type":"cond-expr","locations":[{"start":{"line":259,"column":79},"end":{"line":259,"column":87}},{"start":{"line":259,"column":87},"end":{"line":259,"column":92}}],"line":259},"25":{"loc":{"start":{"line":260,"column":18},"end":{"line":260,"column":62}},"type":"binary-expr","locations":[{"start":{"line":260,"column":18},"end":{"line":260,"column":59}},{"start":{"line":260,"column":59},"end":{"line":260,"column":62}}],"line":260}},"s":{"0":0,"1":0,"2":0,"3":0,"4":0,"5":0,"6":0,"7":0,"8":0,"9":0,"10":0,"11":0,"12":0,"13":0,"14":0,"15":0,"16":0,"17":0,"18":0,"19":0,"20":0,"21":0,"22":0,"23":0,"24":0,"25":0,"26":0,"27":0,"28":0,"29":0,"30":0,"31":0,"32":0,"33":0,"34":0,"35":0,"36":0,"37":0,"38":0,"39":0,"40":0,"41":0,"42":0,"43":0,"44":0,"45":0,"46":0,"47":0,"48":0,"49":0,"50":0,"51":0,"52":0,"53":0,"54":0,"55":0,"56":0,"57":0,"58":0,"59":0,"60":0,"61":0,"62":0,"63":0,"64":0,"65":0,"66":0,"67":0,"68":0,"69":0,"70":0},"f":{"0":0,"1":0,"2":0,"3":0,"4":0,"5":0,"6":0,"7":0,"8":0,"9":0,"10":0},"b":{"0":[0],"1":[0],"2":[0],"3":[0],"4":[0,0],"5":[0,0],"6":[0,0],"7":[0,0,0],"8":[0,0],"9":[0],"10":[0,0],"11":[0,0],"12":[0,0],"13":[0,0],"14":[0,0],"15":[0,0],"16":[0,0,0],"17":[0,0],"18":[0,0],"19":[0,0],"20":[0,0],"21":[0,0],"22":[0,0],"23":[0,0],"24":[0,0],"25":[0,0]},"meta":{"lastBranch":26,"lastFunction":11,"lastStatement":71,"seen":{"f:27:24:27:36":0,"b:30:18:30:Infinity":0,"b:31:13:31:Infinity":1,"b:32:18:32:Infinity":2,"b:33:19:33:Infinity":3,"f:33:19:33:25":1,"s:36:24:36:Infinity":0,"s:37:34:37:Infinity":1,"s:38:46:38:Infinity":2,"s:41:8:41:Infinity":3,"s:42:8:42:Infinity":4,"s:43:8:43:Infinity":5,"s:46:8:46:Infinity":6,"s:47:8:47:Infinity":7,"s:50:8:50:Infinity":8,"s:53:42:53:Infinity":9,"s:57:4:57:Infinity":10,"b:57:32:57:56:57:56:57:Infinity":4,"s:68:2:74:Infinity":11,"s:78:28:78:Infinity":12,"s:81:2:112:Infinity":13,"f:81:12:81:18":2,"s:87:30:87:Infinity":14,"b:87:30:87:59:87:59:87:Infinity":5,"b:89:4:111:Infinity:undefined:undefined:undefined:undefined":6,"s:89:4:111:Infinity":15,"b:89:8:89:27:89:27:89:45:89:45:89:64":7,"b:90:6:110:Infinity:107:13:110:Infinity":8,"s:90:6:110:Infinity":16,"s:91:8:106:Infinity":17,"f:92:16:92:17":3,"s:94:36:94:Infinity":18,"s:99:12:99:Infinity":19,"s:101:12:101:Infinity":20,"f:103:17:103:18":4,"s:104:12:104:Infinity":21,"s:105:12:105:Infinity":22,"s:109:8:109:Infinity":23,"s:115:8:142:Infinity":24,"f:116:4:116:11":5,"b:116:47:116:57":9,"b:117:6:117:Infinity:undefined:undefined:undefined:undefined":10,"s:117:6:117:Infinity":25,"s:117:31:117:Infinity":26,"b:118:6:118:Infinity:undefined:undefined:undefined:undefined":11,"s:118:6:118:Infinity":27,"b:118:10:118:20:118:20:118:86":12,"s:118:86:118:Infinity":28,"s:120:6:120:Infinity":29,"s:121:6:121:Infinity":30,"s:123:6:139:Infinity":31,"s:124:27:124:Infinity":32,"s:125:24:130:Infinity":33,"s:131:8:131:Infinity":34,"s:132:8:132:Infinity":35,"s:133:8:133:Infinity":36,"s:134:8:134:Infinity":37,"s:136:8:136:Infinity":38,"s:138:8:138:Infinity":39,"s:145:2:168:Infinity":40,"f:145:12:145:18":6,"b:146:4:151:Infinity:undefined:undefined:undefined:undefined":13,"s:146:4:151:Infinity":41,"s:147:6:147:Infinity":42,"s:148:6:148:Infinity":43,"s:149:6:149:Infinity":44,"s:150:6:150:Infinity":45,"s:154:23:154:Infinity":46,"s:160:24:160:Infinity":47,"b:160:41:160:67:160:67:160:Infinity":14,"s:161:22:161:Infinity":48,"s:164:25:164:Infinity":49,"s:165:4:165:Infinity":50,"s:167:4:167:Infinity":51,"s:171:8:183:Infinity":52,"f:172:4:172:5":7,"s:173:6:173:Infinity":53,"b:176:6:180:Infinity:undefined:undefined:undefined:undefined":15,"s:176:6:180:Infinity":54,"b:176:10:176:41:176:41:176:58:176:58:176:86":16,"s:177:8:177:Infinity":55,"s:178:8:178:Infinity":56,"s:179:8:179:Infinity":57,"s:186:8:195:Infinity":58,"f:187:4:187:5":8,"b:188:6:192:Infinity:undefined:undefined:undefined:undefined":17,"s:188:6:192:Infinity":59,"b:188:10:188:41:188:41:188:63":18,"s:189:8:189:Infinity":60,"s:190:8:190:Infinity":61,"s:191:8:191:Infinity":62,"s:201:22:201:Infinity":63,"b:201:41:201:68:201:68:201:Infinity":19,"s:202:21:202:Infinity":64,"s:203:21:203:Infinity":65,"s:205:28:205:Infinity":66,"s:206:19:206:Infinity":67,"s:208:2:263:Infinity":68,"b:209:47:209:61:209:61:209:63":20,"b:212:9:212:Infinity:213:10:231:Infinity":21,"f:220:27:220:28":9,"s:221:18:227:Infinity":69,"b:226:21:226:39:226:39:226:Infinity":22,"f:238:25:238:26":10,"s:239:16:245:Infinity":70,"b:242:46:242:55:242:55:242:67":23,"b:259:79:259:87:259:87:259:92":24,"b:260:18:260:59:260:59:260:62":25}}}
,"C:\\Users\\kazuki\\Documents\\SerialMonitorEssential\\src\\components\\viewers\\HexViewer.tsx": {"path":"C:\\Users\\kazuki\\Documents\\SerialMonitorEssential\\src\\components\\viewers\\HexViewer.tsx","statementMap":{"0":{"start":{"line":33,"column":22},"end":{"line":33,"column":null}},"1":{"start":{"line":34,"column":44},"end":{"line":34,"column":null}},"2":{"start":{"line":37,"column":8},"end":{"line":37,"column":null}},"3":{"start":{"line":38,"column":8},"end":{"line":38,"column":null}},"4":{"start":{"line":39,"column":8},"end":{"line":39,"column":null}},"5":{"start":{"line":42,"column":90},"end":{"line":48,"column":null}},"6":{"start":{"line":51,"column":8},"end":{"line":74,"column":null}},"7":{"start":{"line":53,"column":6},"end":{"line":53,"column":null}},"8":{"start":{"line":53,"column":31},"end":{"line":53,"column":null}},"9":{"start":{"line":54,"column":6},"end":{"line":54,"column":null}},"10":{"start":{"line":54,"column":84},"end":{"line":54,"column":null}},"11":{"start":{"line":56,"column":6},"end":{"line":56,"column":null}},"12":{"start":{"line":57,"column":6},"end":{"line":57,"column":null}},"13":{"start":{"line":59,"column":6},"end":{"line":71,"column":null}},"14":{"start":{"line":60,"column":27},"end":{"line":60,"column":null}},"15":{"start":{"line":61,"column":24},"end":{"line":64,"column":null}},"16":{"start":{"line":65,"column":8},"end":{"line":65,"column":null}},"17":{"start":{"line":66,"column":8},"end":{"line":66,"column":null}},"18":{"start":{"line":68,"column":8},"end":{"line":68,"column":null}},"19":{"start":{"line":70,"column":8},"end":{"line":70,"column":null}},"20":{"start":{"line":79,"column":2},"end":{"line":96,"column":null}},"21":{"start":{"line":80,"column":4},"end":{"line":83,"column":null}},"22":{"start":{"line":81,"column":6},"end":{"line":81,"column":null}},"23":{"start":{"line":82,"column":6},"end":{"line":82,"column":null}},"24":{"start":{"line":86,"column":22},"end":{"line":86,"column":null}},"25":{"start":{"line":87,"column":24},"end":{"line":87,"column":null}},"26":{"start":{"line":88,"column":22},"end":{"line":88,"column":null}},"27":{"start":{"line":89,"column":21},"end":{"line":89,"column":null}},"28":{"start":{"line":92,"column":25},"end":{"line":92,"column":null}},"29":{"start":{"line":93,"column":4},"end":{"line":93,"column":null}},"30":{"start":{"line":95,"column":4},"end":{"line":95,"column":null}},"31":{"start":{"line":99,"column":20},"end":{"line":99,"column":null}},"32":{"start":{"line":100,"column":24},"end":{"line":100,"column":null}},"33":{"start":{"line":101,"column":16},"end":{"line":101,"column":null}},"34":{"start":{"line":102,"column":21},"end":{"line":102,"column":null}},"35":{"start":{"line":107,"column":20},"end":{"line":107,"column":null}},"36":{"start":{"line":108,"column":21},"end":{"line":108,"column":null}},"37":{"start":{"line":110,"column":2},"end":{"line":136,"column":null}},"38":{"start":{"line":116,"column":14},"end":{"line":122,"column":null}}},"fnMap":{"0":{"name":"HexViewer","decl":{"start":{"line":26,"column":24},"end":{"line":26,"column":34}},"loc":{"start":{"line":31,"column":19},"end":{"line":138,"column":null}},"line":31},"1":{"name":"(anonymous_1)","decl":{"start":{"line":30,"column":19},"end":{"line":30,"column":25}},"loc":{"start":{"line":30,"column":25},"end":{"line":30,"column":null}},"line":30},"2":{"name":"(anonymous_2)","decl":{"start":{"line":52,"column":4},"end":{"line":52,"column":11}},"loc":{"start":{"line":52,"column":56},"end":{"line":72,"column":null}},"line":52},"3":{"name":"(anonymous_3)","decl":{"start":{"line":79,"column":12},"end":{"line":79,"column":18}},"loc":{"start":{"line":79,"column":18},"end":{"line":96,"column":5}},"line":79},"4":{"name":"(anonymous_4)","decl":{"start":{"line":115,"column":22},"end":{"line":115,"column":23}},"loc":{"start":{"line":116,"column":14},"end":{"line":122,"column":null}},"line":116}},"branchMap":{"0":{"loc":{"start":{"line":29,"column":2},"end":{"line":29,"column":null}},"type":"default-arg","locations":[{"start":{"line":29,"column":18},"end":{"line":29,"column":null}}],"line":29},"1":{"loc":{"start":{"line":30,"column":2},"end":{"line":30,"column":null}},"type":"default-arg","locations":[{"start":{"line":30,"column":19},"end":{"line":30,"column":null}}],"line":30},"2":{"loc":{"start":{"line":52,"column":29},"end":{"line":52,"column":56}},"type":"default-arg","locations":[{"start":{"line":52,"column":46},"end":{"line":52,"column":56}}],"line":52},"3":{"loc":{"start":{"line":53,"column":6},"end":{"line":53,"column":null}},"type":"if","locations":[{"start":{"line":53,"column":6},"end":{"line":53,"column":null}},{"start":{},"end":{}}],"line":53},"4":{"loc":{"start":{"line":54,"column":6},"end":{"line":54,"column":null}},"type":"if","locations":[{"start":{"line":54,"column":6},"end":{"line":54,"column":null}},{"start":{},"end":{}}],"line":54},"5":{"loc":{"start":{"line":54,"column":10},"end":{"line":54,"column":84}},"type":"binary-expr","locations":[{"start":{"line":54,"column":10},"end":{"line":54,"column":20}},{"start":{"line":54,"column":20},"end":{"line":54,"column":84}}],"line":54},"6":{"loc":{"start":{"line":80,"column":4},"end":{"line":83,"column":null}},"type":"if","locations":[{"start":{"line":80,"column":4},"end":{"line":83,"column":null}},{"start":{},"end":{}}],"line":80},"7":{"loc":{"start":{"line":87,"column":24},"end":{"line":87,"column":null}},"type":"cond-expr","locations":[{"start":{"line":87,"column":43},"end":{"line":87,"column":70}},{"start":{"line":87,"column":70},"end":{"line":87,"column":null}}],"line":87},"8":{"loc":{"start":{"line":101,"column":16},"end":{"line":101,"column":null}},"type":"cond-expr","locations":[{"start":{"line":101,"column":47},"end":{"line":101,"column":78}},{"start":{"line":101,"column":78},"end":{"line":101,"column":null}}],"line":101},"9":{"loc":{"start":{"line":132,"column":66},"end":{"line":132,"column":91}},"type":"cond-expr","locations":[{"start":{"line":132,"column":78},"end":{"line":132,"column":86}},{"start":{"line":132,"column":86},"end":{"line":132,"column":91}}],"line":132}},"s":{"0":0,"1":0,"2":0,"3":0,"4":0,"5":0,"6":0,"7":0,"8":0,"9":0,"10":0,"11":0,"12":0,"13":0,"14":0,"15":0,"16":0,"17":0,"18":0,"19":0,"20":0,"21":0,"22":0,"23":0,"24":0,"25":0,"26":0,"27":0,"28":0,"29":0,"30":0,"31":0,"32":0,"33":0,"34":0,"35":0,"36":0,"37":0,"38":0},"f":{"0":0,"1":0,"2":0,"3":0,"4":0},"b":{"0":[0],"1":[0],"2":[0],"3":[0,0],"4":[0,0],"5":[0,0],"6":[0,0],"7":[0,0],"8":[0,0],"9":[0,0]},"meta":{"lastBranch":10,"lastFunction":5,"lastStatement":39,"seen":{"f:26:24:26:34":0,"b:29:18:29:Infinity":0,"b:30:19:30:Infinity":1,"f:30:19:30:25":1,"s:33:22:33:Infinity":0,"s:34:44:34:Infinity":1,"s:37:8:37:Infinity":2,"s:38:8:38:Infinity":3,"s:39:8:39:Infinity":4,"s:42:90:48:Infinity":5,"s:51:8:74:Infinity":6,"f:52:4:52:11":2,"b:52:46:52:56":2,"b:53:6:53:Infinity:undefined:undefined:undefined:undefined":3,"s:53:6:53:Infinity":7,"s:53:31:53:Infinity":8,"b:54:6:54:Infinity:undefined:undefined:undefined:undefined":4,"s:54:6:54:Infinity":9,"b:54:10:54:20:54:20:54:84":5,"s:54:84:54:Infinity":10,"s:56:6:56:Infinity":11,"s:57:6:57:Infinity":12,"s:59:6:71:Infinity":13,"s:60:27:60:Infinity":14,"s:61:24:64:Infinity":15,"s:65:8:65:Infinity":16,"s:66:8:66:Infinity":17,"s:68:8:68:Infinity":18,"s:70:8:70:Infinity":19,"s:79:2:96:Infinity":20,"f:79:12:79:18":3,"b:80:4:83:Infinity:undefined:undefined:undefined:undefined":6,"s:80:4:83:Infinity":21,"s:81:6:81:Infinity":22,"s:82:6:82:Infinity":23,"s:86:22:86:Infinity":24,"s:87:24:87:Infinity":25,"b:87:43:87:70:87:70:87:Infinity":7,"s:88:22:88:Infinity":26,"s:89:21:89:Infinity":27,"s:92:25:92:Infinity":28,"s:93:4:93:Infinity":29,"s:95:4:95:Infinity":30,"s:99:20:99:Infinity":31,"s:100:24:100:Infinity":32,"s:101:16:101:Infinity":33,"b:101:47:101:78:101:78:101:Infinity":8,"s:102:21:102:Infinity":34,"s:107:20:107:Infinity":35,"s:108:21:108:Infinity":36,"s:110:2:136:Infinity":37,"f:115:22:115:23":4,"s:116:14:122:Infinity":38,"b:132:78:132:86:132:86:132:91":9}}}
,"C:\\Users\\kazuki\\Documents\\SerialMonitorEssential\\src\\components\\viewers\\scrollUtils.ts": {"path":"C:\\Users\\kazuki\\Documents\\SerialMonitorEssential\\src\\components\\viewers\\scrollUtils.ts","statementMap":{"0":{"start":{"line":19,"column":15},"end":{"line":19,"column":null}},"1":{"start":{"line":20,"column":24},"end":{"line":20,"column":null}},"2":{"start":{"line":21,"column":2},"end":{"line":21,"column":null}},"3":{"start":{"line":29,"column":15},"end":{"line":29,"column":null}},"4":{"start":{"line":30,"column":24},"end":{"line":30,"column":null}},"5":{"start":{"line":31,"column":2},"end":{"line":33,"column":null}},"6":{"start":{"line":32,"column":4},"end":{"line":32,"column":null}},"7":{"start":{"line":34,"column":2},"end":{"line":34,"column":null}},"8":{"start":{"line":46,"column":2},"end":{"line":46,"column":null}},"9":{"start":{"line":46,"column":44},"end":{"line":46,"column":null}},"10":{"start":{"line":51,"column":2},"end":{"line":51,"column":null}},"11":{"start":{"line":62,"column":2},"end":{"line":62,"column":null}},"12":{"start":{"line":62,"column":23},"end":{"line":62,"column":null}},"13":{"start":{"line":63,"column":2},"end":{"line":63,"column":null}},"14":{"start":{"line":75,"column":2},"end":{"line":75,"column":null}},"15":{"start":{"line":75,"column":44},"end":{"line":75,"column":null}},"16":{"start":{"line":77,"column":25},"end":{"line":77,"column":null}},"17":{"start":{"line":78,"column":2},"end":{"line":78,"column":null}},"18":{"start":{"line":85,"column":2},"end":{"line":85,"column":null}}},"fnMap":{"0":{"name":"calculateScrollHeight","decl":{"start":{"line":18,"column":16},"end":{"line":18,"column":38}},"loc":{"start":{"line":18,"column":86},"end":{"line":22,"column":null}},"line":18},"1":{"name":"calculateScale","decl":{"start":{"line":28,"column":16},"end":{"line":28,"column":31}},"loc":{"start":{"line":28,"column":79},"end":{"line":35,"column":null}},"line":28},"2":{"name":"scrollTopToByteOffset","decl":{"start":{"line":41,"column":16},"end":{"line":41,"column":null}},"loc":{"start":{"line":45,"column":10},"end":{"line":52,"column":null}},"line":45},"3":{"name":"byteOffsetToScrollTop","decl":{"start":{"line":57,"column":16},"end":{"line":57,"column":null}},"loc":{"start":{"line":61,"column":10},"end":{"line":64,"column":null}},"line":61},"4":{"name":"calculateBottomByteOffset","decl":{"start":{"line":70,"column":16},"end":{"line":70,"column":null}},"loc":{"start":{"line":74,"column":10},"end":{"line":79,"column":null}},"line":74},"5":{"name":"clampByteOffset","decl":{"start":{"line":84,"column":16},"end":{"line":84,"column":32}},"loc":{"start":{"line":84,"column":80},"end":{"line":86,"column":null}},"line":84}},"branchMap":{"0":{"loc":{"start":{"line":19,"column":15},"end":{"line":19,"column":null}},"type":"binary-expr","locations":[{"start":{"line":19,"column":15},"end":{"line":19,"column":28}},{"start":{"line":19,"column":28},"end":{"line":19,"column":null}}],"line":19},"1":{"loc":{"start":{"line":29,"column":15},"end":{"line":29,"column":null}},"type":"binary-expr","locations":[{"start":{"line":29,"column":15},"end":{"line":29,"column":28}},{"start":{"line":29,"column":28},"end":{"line":29,"column":null}}],"line":29},"2":{"loc":{"start":{"line":31,"column":2},"end":{"line":33,"column":null}},"type":"if","locations":[{"start":{"line":31,"column":2},"end":{"line":33,"column":null}},{"start":{},"end":{}}],"line":31},"3":{"loc":{"start":{"line":46,"column":2},"end":{"line":46,"column":null}},"type":"if","locations":[{"start":{"line":46,"column":2},"end":{"line":46,"column":null}},{"start":{},"end":{}}],"line":46},"4":{"loc":{"start":{"line":46,"column":6},"end":{"line":46,"column":44}},"type":"binary-expr","locations":[{"start":{"line":46,"column":6},"end":{"line":46,"column":27}},{"start":{"line":46,"column":27},"end":{"line":46,"column":44}}],"line":46},"5":{"loc":{"start":{"line":62,"column":2},"end":{"line":62,"column":null}},"type":"if","locations":[{"start":{"line":62,"column":2},"end":{"line":62,"column":null}},{"start":{},"end":{}}],"line":62},"6":{"loc":{"start":{"line":75,"column":2},"end":{"line":75,"column":null}},"type":"if","locations":[{"start":{"line":75,"column":2},"end":{"line":75,"column":null}},{"start":{},"end":{}}],"line":75},"7":{"loc":{"start":{"line":75,"column":6},"end":{"line":75,"column":44}},"type":"binary-expr","locations":[{"start":{"line":75,"column":6},"end":{"line":75,"column":25}},{"start":{"line":75,"column":25},"end":{"line":75,"column":44}}],"line":75}},"s":{"0":21,"1":21,"2":21,"3":10,"4":10,"5":10,"6":5,"7":5,"8":5,"9":1,"10":4,"11":3,"12":1,"13":2,"14":3,"15":1,"16":2,"17":2,"18":4},"f":{"0":21,"1":10,"2":5,"3":3,"4":3,"5":4},"b":{"0":[21,20],"1":[10,10],"2":[5,5],"3":[1,4],"4":[5,4],"5":[1,2],"6":[1,2],"7":[3,2]},"meta":{"lastBranch":8,"lastFunction":6,"lastStatement":19,"seen":{"f:18:16:18:38":0,"s:19:15:19:Infinity":0,"b:19:15:19:28:19:28:19:Infinity":0,"s:20:24:20:Infinity":1,"s:21:2:21:Infinity":2,"f:28:16:28:31":1,"s:29:15:29:Infinity":3,"b:29:15:29:28:29:28:29:Infinity":1,"s:30:24:30:Infinity":4,"b:31:2:33:Infinity:undefined:undefined:undefined:undefined":2,"s:31:2:33:Infinity":5,"s:32:4:32:Infinity":6,"s:34:2:34:Infinity":7,"f:41:16:41:Infinity":2,"b:46:2:46:Infinity:undefined:undefined:undefined:undefined":3,"s:46:2:46:Infinity":8,"b:46:6:46:27:46:27:46:44":4,"s:46:44:46:Infinity":9,"s:51:2:51:Infinity":10,"f:57:16:57:Infinity":3,"b:62:2:62:Infinity:undefined:undefined:undefined:undefined":5,"s:62:2:62:Infinity":11,"s:62:23:62:Infinity":12,"s:63:2:63:Infinity":13,"f:70:16:70:Infinity":4,"b:75:2:75:Infinity:undefined:undefined:undefined:undefined":6,"s:75:2:75:Infinity":14,"b:75:6:75:25:75:25:75:44":7,"s:75:44:75:Infinity":15,"s:77:25:77:Infinity":16,"s:78:2:78:Infinity":17,"f:84:16:84:32":5,"s:85:2:85:Infinity":18}}}
[...]
0:8:60:Infinity":8,"s:61:8:61:Infinity":9,"s:62:8:62:Infinity":10,"s:64:8:64:Infinity":11,"s:67:8:67:Infinity":12,"s:70:8:83:Infinity":13,"f:71:4:71:5":1,"b:72:6:72:Infinity:undefined:undefined:undefined:undefined":0,"s:72:6:72:Infinity":14,"s:72:29:72:Infinity":15,"s:73:20:73:Infinity":16,"b:74:6:80:Infinity:77:13:80:Infinity":1,"s:74:6:80:Infinity":17,"s:76:8:76:Infinity":18,"s:79:8:79:Infinity":19,"s:86:8:106:Infinity":20,"f:87:4:87:Infinity":2,"s:93:20:93:Infinity":21,"b:93:20:93:40:93:40:93:Infinity":2,"s:94:21:94:Infinity":22,"b:94:21:94:42:94:42:94:Infinity":3,"s:95:22:95:Infinity":23,"b:95:22:95:45:95:45:95:Infinity":4,"b:97:6:99:Infinity:undefined:undefined:undefined:undefined":5,"s:97:6:99:Infinity":24,"b:97:10:97:33:97:33:97:44":6,"s:98:8:98:Infinity":25,"b:100:6:102:Infinity:undefined:undefined:undefined:undefined":7,"s:100:6:102:Infinity":26,"b:100:10:100:34:100:34:100:46":8,"s:101:8:101:Infinity":27,"s:103:6:103:Infinity":28,"s:109:2:116:Infinity":29,"f:109:12:109:18":3,"b:110:4:115:Infinity:undefined:undefined:undefined:undefined":9,"s:110:4:115:Infinity":30,"s:111:21:111:Infinity":31,"b:112:6:114:Infinity:undefined:undefined:undefined:undefined":10,"s:112:6:114:Infinity":32,"s:113:8:113:Infinity":33,"s:119:2:152:Infinity":34,"f:119:18:119:24":4,"b:121:4:145:Infinity:undefined:undefined:undefined:undefined":11,"s:121:4:145:Infinity":35,"b:121:8:121:23:121:23:121:45":12,"s:123:27:123:Infinity":36,"s:124:28:124:Infinity":37,"b:127:6:144:Infinity:undefined:undefined:undefined:undefined":13,"s:127:6:144:Infinity":38,"b:127:10:127:44:127:44:127:60:127:60:127:76":14,"s:129:29:134:Infinity":39,"b:137:8:143:Infinity:undefined:undefined:undefined:undefined":15,"s:137:8:143:Infinity":40,"s:138:10:138:Infinity":41,"s:139:10:139:Infinity":42,"s:142:10:142:Infinity":43,"s:148:4:148:Infinity":44,"s:149:4:149:Infinity":45,"s:155:2:182:Infinity":46,"f:155:18:155:24":5,"b:156:4:181:Infinity:undefined:undefined:undefined:undefined":16,"s:156:4:181:Infinity":47,"b:156:8:156:23:156:23:156:44:156:44:156:62:156:62:156:96":17,"s:157:6:157:Infinity":48,"s:160:12:160:Infinity":49,"b:167:6:173:Infinity:171:13:173:Infinity":18,"s:167:6:173:Infinity":50,"s:169:22:169:Infinity":51,"s:170:8:170:Infinity":52,"s:172:8:172:Infinity":53,"b:175:6:180:Infinity:undefined:undefined:undefined:undefined":19,"s:175:6:180:Infinity":54,"s:176:8:176:Infinity":55,"s:178:8:178:Infinity":56,"s:179:8:179:Infinity":57,"s:185:2:213:Infinity":58,"f:185:12:185:18":6,"s:187:23:187:Infinity":59,"b:189:4:208:Infinity:undefined:undefined:undefined:undefined":20,"s:189:4:208:Infinity":60,"b:189:8:189:22:189:22:189:40:189:40:189:64:189:64:189:76":21,"s:190:6:190:Infinity":61,"s:192:6:192:Infinity":62,"s:194:29:194:Infinity":63,"s:195:12:195:Infinity":64,"s:196:12:196:Infinity":65,"s:198:6:198:Infinity":66,"s:199:6:199:Infinity":67,"s:200:6:200:Infinity":68,"s:203:6:203:Infinity":69,"s:205:6:207:Infinity":70,"f:205:28:205:34":7,"s:206:8:206:Infinity":71,"b:210:4:212:Infinity:undefined:undefined:undefined:undefined":22,"s:210:4:212:Infinity":72,"s:211:6:211:Infinity":73,"s:216:2:221:Infinity":74,"f:216:12:216:18":8,"b:217:4:220:Infinity:undefined:undefined:undefined:undefined":23,"s:217:4:220:Infinity":75,"b:217:8:217:23:217:23:217:45":24,"s:219:6:219:Infinity":76,"s:224:8:265:Infinity":77,"f:225:4:225:5":9,"s:226:27:226:Infinity":78,"s:227:6:227:Infinity":79,"b:230:6:235:Infinity:undefined:undefined:undefined:undefined":25,"s:230:6:235:Infinity":80,"b:231:8:233:Infinity:undefined:undefined:undefined:undefined":26,"s:231:8:233:Infinity":81,"s:232:10:232:Infinity":82,"s:234:8:234:Infinity":83,"b:237:6:237:Infinity:undefined:undefined:undefined:undefined":27,"s:237:6:237:Infinity":84,"s:237:38:237:Infinity":85,"s:239:18:239:Infinity":86,"b:240:6:240:Infinity:undefined:undefined:undefined:undefined":28,"s:240:6:240:Infinity":87,"s:240:53:240:Infinity":88,"s:241:6:241:Infinity":89,"s:244:6:244:Infinity":90,"s:247:12:247:Infinity":91,"s:248:6:248:Infinity":92,"b:251:6:253:Infinity:undefined:undefined:undefined:undefined":29,"s:251:6:253:Infinity":93,"s:252:8:252:Infinity":94,"s:256:6:262:Infinity":95,"f:256:39:256:45":10,"b:257:8:261:Infinity:undefined:undefined:undefined:undefined":30,"s:257:8:261:Infinity":96,"s:258:33:258:Infinity":97,"s:259:10:259:Infinity":98,"s:260:10:260:Infinity":99,"s:268:8:270:Infinity":100,"f:268:36:268:42":11,"s:269:4:269:Infinity":101,"s:273:8:314:Infinity":102,"f:274:4:274:5":12,"b:275:6:311:Infinity:undefined:undefined:undefined:undefined":31,"s:275:6:311:Infinity":103,"s:276:8:276:Infinity":104,"s:277:8:277:Infinity":105,"s:278:8:278:Infinity":106,"b:280:8:310:Infinity:undefined:undefined:undefined:undefined":32,"s:280:8:310:Infinity":107,"s:306:10:306:Infinity":108,"s:307:10:307:Infinity":109,"s:316:2:324:Infinity":110}}}
,"C:\\Users\\kazuki\\Documents\\SerialMonitorEssential\\src\\components\\viewers\\viewerConstants.ts": {"path":"C:\\Users\\kazuki\\Documents\\SerialMonitorEssential\\src\\components\\viewers\\viewerConstants.ts","statementMap":{"0":{"start":{"line":4,"column":26},"end":{"line":4,"column":null}},"1":{"start":{"line":5,"column":27},"end":{"line":5,"column":null}},"2":{"start":{"line":6,"column":29},"end":{"line":6,"column":null}},"3":{"start":{"line":9,"column":33},"end":{"line":9,"column":null}},"4":{"start":{"line":12,"column":27},"end":{"line":12,"column":null}}},"fnMap":{},"branchMap":{},"s":{"0":3,"1":3,"2":3,"3":3,"4":3},"f":{},"b":{},"meta":{"lastBranch":0,"lastFunction":0,"lastStatement":5,"seen":{"s:4:26:4:Infinity":0,"s:5:27:5:Infinity":1,"s:6:29:6:Infinity":2,"s:9:33:9:Infinity":3,"s:12:27:12:Infinity":4}}}
,"C:\\Users\\kazuki\\Documents\\SerialMonitorEssential\\src\\utils\\hexUtils.tsx": {"path":"C:\\Users\\kazuki\\Documents\\SerialMonitorEssential\\src\\utils\\hexUtils.tsx","statementMap":{"0":{"start":{"line":13,"column":2},"end":{"line":15,"column":null}},"1":{"start":{"line":14,"column":16},"end":{"line":14,"column":61}},"2":{"start":{"line":21,"column":54},"end":{"line":55,"column":null}},"3":{"start":{"line":58,"column":56},"end":{"line":92,"column":null}},"4":{"start":{"line":95,"column":26},"end":{"line":95,"column":null}},"5":{"start":{"line":102,"column":38},"end":{"line":102,"column":null}},"6":{"start":{"line":103,"column":10},"end":{"line":103,"column":null}},"7":{"start":{"line":105,"column":2},"end":{"line":134,"column":null}},"8":{"start":{"line":106,"column":17},"end":{"line":106,"column":null}},"9":{"start":{"line":107,"column":18},"end":{"line":107,"column":null}},"10":{"start":{"line":109,"column":4},"end":{"line":133,"column":null}},"11":{"start":{"line":111,"column":6},"end":{"line":115,"column":null}},"12":{"start":{"line":116,"column":6},"end":{"line":116,"column":null}},"13":{"start":{"line":117,"column":4},"end":{"line":133,"column":null}},"14":{"start":{"line":119,"column":6},"end":{"line":123,"column":null}},"15":{"start":{"line":124,"column":6},"end":{"line":124,"column":null}},"16":{"start":{"line":127,"column":6},"end":{"line":131,"column":null}},"17":{"start":{"line":132,"column":6},"end":{"line":132,"column":null}},"18":{"start":{"line":135,"column":2},"end":{"line":135,"column":null}},"19":{"start":{"line":143,"column":38},"end":{"line":143,"column":null}},"20":{"start":{"line":144,"column":10},"end":{"line":144,"column":null}},"21":{"start":{"line":146,"column":2},"end":{"line":174,"column":null}},"22":{"start":{"line":147,"column":17},"end":{"line":147,"column":null}},"23":{"start":{"line":148,"column":18},"end":{"line":148,"column":null}},"24":{"start":{"line":149,"column":23},"end":{"line":149,"column":null}},"25":{"start":{"line":151,"column":4},"end":{"line":172,"column":null}},"26":{"start":{"line":153,"column":6},"end":{"line":157,"column":null}},"27":{"start":{"line":158,"column":4},"end":{"line":172,"column":null}},"28":{"start":{"line":160,"column":6},"end":{"line":160,"column":null}},"29":{"start":{"line":163,"column":16},"end":{"line":163,"column":null}},"30":{"start":{"line":164,"column":6},"end":{"line":168,"column":null}},"31":{"start":{"line":165,"column":25},"end":{"line":165,"column":null}},"32":{"start":{"line":166,"column":8},"end":{"line":166,"column":null}},"33":{"start":{"line":166,"column":66},"end":{"line":166,"column":null}},"34":{"start":{"line":167,"column":8},"end":{"line":167,"column":null}},"35":{"start":{"line":169,"column":6},"end":{"line":169,"column":null}},"36":{"start":{"line":170,"column":6},"end":{"line":170,"column":null}},"37":{"start":{"line":171,"column":6},"end":{"line":171,"column":null}},"38":{"start":{"line":173,"column":4},"end":{"line":173,"column":null}},"39":{"start":{"line":175,"column":2},"end":{"line":175,"column":null}},"40":{"start":{"line":185,"column":2},"end":{"line":185,"column":null}},"41":{"start":{"line":198,"column":55},"end":{"line":198,"column":null}},"42":{"start":{"line":200,"column":2},"end":{"line":205,"column":null}},"43":{"start":{"line":200,"column":15},"end":{"line":200,"column":18}},"44":{"start":{"line":201,"column":4},"end":{"line":204,"column":null}},"45":{"start":{"line":207,"column":2},"end":{"line":207,"column":null}},"46":{"start":{"line":217,"column":2},"end":{"line":217,"column":null}}},"fnMap":{"0":{"name":"bytesToHex","decl":{"start":{"line":12,"column":16},"end":{"line":12,"column":27}},"loc":{"start":{"line":12,"column":54},"end":{"line":16,"column":null}},"line":12},"1":{"name":"(anonymous_1)","decl":{"start":{"line":14,"column":9},"end":{"line":14,"column":10}},"loc":{"start":{"line":14,"column":16},"end":{"line":14,"column":61}},"line":14},"2":{"name":"renderAsciiColumn","decl":{"start":{"line":101,"column":16},"end":{"line":101,"column":34}},"loc":{"start":{"line":101,"column":65},"end":{"line":136,"column":null}},"line":101},"3":{"name":"renderAsciiLine","decl":{"start":{"line":142,"column":16},"end":{"line":142,"column":32}},"loc":{"start":{"line":142,"column":63},"end":{"line":176,"column":null}},"line":142},"4":{"name":"formatOffset","decl":{"start":{"line":184,"column":16},"end":{"line":184,"column":29}},"loc":{"start":{"line":184,"column":76},"end":{"line":186,"column":null}},"line":184},"5":{"name":"splitIntoRows","decl":{"start":{"line":194,"column":16},"end":{"line":194,"column":null}},"loc":{"start":{"line":197,"column":42},"end":{"line":208,"column":null}},"line":197},"6":{"name":"calculateRowCount","decl":{"start":{"line":216,"column":16},"end":{"line":216,"column":34}},"loc":{"start":{"line":216,"column":88},"end":{"line":218,"column":null}},"line":216}},"branchMap":{"0":{"loc":{"start":{"line":109,"column":4},"end":{"line":133,"column":null}},"type":"if","locations":[{"start":{"line":109,"column":4},"end":{"line":133,"column":null}},{"start":{"line":117,"column":4},"end":{"line":133,"column":null}}],"line":109},"1":{"loc":{"start":{"line":117,"column":4},"end":{"line":133,"column":null}},"type":"if","locations":[{"start":{"line":117,"column":4},"end":{"line":133,"column":null}},{"start":{"line":125,"column":11},"end":{"line":133,"column":null}}],"line":117},"2":{"loc":{"start":{"line":151,"column":4},"end":{"line":172,"column":null}},"type":"if","locations":[{"start":{"line":151,"column":4},"end":{"line":172,"column":null}},{"start":{"line":158,"column":4},"end":{"line":172,"column":null}}],"line":151},"3":{"loc":{"start":{"line":151,"column":8},"end":{"line":151,"column":29}},"type":"binary-expr","locations":[{"start":{"line":151,"column":8},"end":{"line":151,"column":17}},{"start":{"line":151,"column":17},"end":{"line":151,"column":29}}],"line":151},"4":{"loc":{"start":{"line":158,"column":4},"end":{"line":172,"column":null}},"type":"if","locations":[{"start":{"line":158,"column":4},"end":{"line":172,"column":null}},{"start":{"line":161,"column":11},"end":{"line":172,"column":null}}],"line":158},"5":{"loc":{"start":{"line":166,"column":8},"end":{"line":166,"column":null}},"type":"if","locations":[{"start":{"line":166,"column":8},"end":{"line":166,"column":null}},{"start":{},"end":{}}],"line":166},"6":{"loc":{"start":{"line":166,"column":12},"end":{"line":166,"column":66}},"type":"binary-expr","locations":[{"start":{"line":166,"column":12},"end":{"line":166,"column":40}},{"start":{"line":166,"column":40},"end":{"line":166,"column":66}}],"line":166},"7":{"loc":{"start":{"line":184,"column":45},"end":{"line":184,"column":76}},"type":"default-arg","locations":[{"start":{"line":184,"column":65},"end":{"line":184,"column":76}}],"line":184},"8":{"loc":{"start":{"line":196,"column":2},"end":{"line":196,"column":null}},"type":"default-arg","locations":[{"start":{"line":196,"column":24},"end":{"line":196,"column":null}}],"line":196},"9":{"loc":{"start":{"line":216,"column":54},"end":{"line":216,"column":88}},"type":"default-arg","locations":[{"start":{"line":216,"column":76},"end":{"line":216,"column":88}}],"line":216}},"s":{"0":0,"1":0,"2":0,"3":0,"4":0,"5":0,"6":0,"7":0,"8":0,"9":0,"10":0,"11":0,"12":0,"13":0,"14":0,"15":0,"16":0,"17":0,"18":0,"19":0,"20":0,"21":0,"22":0,"23":0,"24":0,"25":0,"26":0,"27":0,"28":0,"29":0,"30":0,"31":0,"32":0,"33":0,"34":0,"35":0,"36":0,"37":0,"38":0,"39":0,"40":0,"41":0,"42":0,"43":0,"44":0,"45":0,"46":0},"f":{"0":0,"1":0,"2":0,"3":0,"4":0,"5":0,"6":0},"b":{"0":[0,0],"1":[0,0],"2":[0,0],"3":[0,0],"4":[0,0],"5":[0,0],"6":[0,0],"7":[0],"8":[0],"9":[0]},"meta":{"lastBranch":10,"lastFunction":7,"lastStatement":47,"seen":{"f:12:16:12:27":0,"s:13:2:15:Infinity":0,"f:14:9:14:10":1,"s:14:16:14:61":1,"s:21:54:55:Infinity":2,"s:58:56:92:Infinity":3,"s:95:26:95:Infinity":4,"f:101:16:101:34":2,"s:102:38:102:Infinity":5,"s:103:10:103:Infinity":6,"s:105:2:134:Infinity":7,"s:106:17:106:Infinity":8,"s:107:18:107:Infinity":9,"b:109:4:133:Infinity:117:4:133:Infinity":0,"s:109:4:133:Infinity":10,"s:111:6:115:Infinity":11,"s:116:6:116:Infinity":12,"b:117:4:133:Infinity:125:11:133:Infinity":1,"s:117:4:133:Infinity":13,"s:119:6:123:Infinity":14,"s:124:6:124:Infinity":15,"s:127:6:131:Infinity":16,"s:132:6:132:Infinity":17,"s:135:2:135:Infinity":18,"f:142:16:142:32":3,"s:143:38:143:Infinity":19,"s:144:10:144:Infinity":20,"s:146:2:174:Infinity":21,"s:147:17:147:Infinity":22,"s:148:18:148:Infinity":23,"s:149:23:149:Infinity":24,"b:151:4:172:Infinity:158:4:172:Infinity":2,"s:151:4:172:Infinity":25,"b:151:8:151:17:151:17:151:29":3,"s:153:6:157:Infinity":26,"b:158:4:172:Infinity:161:11:172:Infinity":4,"s:158:4:172:Infinity":27,"s:160:6:160:Infinity":28,"s:163:16:163:Infinity":29,"s:164:6:168:Infinity":30,"s:165:25:165:Infinity":31,"b:166:8:166:Infinity:undefined:undefined:undefined:undefined":5,"s:166:8:166:Infinity":32,"b:166:12:166:40:166:40:166:66":6,"s:166:66:166:Infinity":33,"s:167:8:167:Infinity":34,"s:169:6:169:Infinity":35,"s:170:6:170:Infinity":36,"s:171:6:171:Infinity":37,"s:173:4:173:Infinity":38,"s:175:2:175:Infinity":39,"f:184:16:184:29":4,"b:184:65:184:76":7,"s:185:2:185:Infinity":40,"f:194:16:194:Infinity":5,"b:196:24:196:Infinity":8,"s:198:55:198:Infinity":41,"s:200:2:205:Infinity":42,"s:200:15:200:18":43,"s:201:4:204:Infinity":44,"s:207:2:207:Infinity":45,"f:216:16:216:34":6,"b:216:76:216:88":9,"s:217:2:217:Infinity":46}}}
,"C:\\Users\\kazuki\\Documents\\SerialMonitorEssential\\src\\utils\\sendUtils.ts": {"path":"C:\\Users\\kazuki\\Documents\\SerialMonitorEssential\\src\\utils\\sendUtils.ts","statementMap":{"0":{"start":{"line":16,"column":19},"end":{"line":16,"column":null}},"1":{"start":{"line":17,"column":2},"end":{"line":19,"column":null}},"2":{"start":{"line":18,"column":4},"end":{"line":18,"column":null}},"3":{"start":{"line":20,"column":27},"end":{"line":20,"column":null}},"4":{"start":{"line":21,"column":2},"end":{"line":25,"column":null}},"5":{"start":{"line":21,"column":15},"end":{"line":21,"column":18}},"6":{"start":{"line":22,"column":17},"end":{"line":22,"column":null}},"7":{"start":{"line":23,"column":4},"end":{"line":23,"column":null}},"8":{"start":{"line":23,"column":21},"end":{"line":23,"column":null}},"9":{"start":{"line":24,"column":4},"end":{"line":24,"column":null}},"10":{"start":{"line":26,"column":2},"end":{"line":26,"column":null}},"11":{"start":{"line":37,"column":17},"end":{"line":37,"column":null}},"12":{"start":{"line":38,"column":2},"end":{"line":48,"column":null}},"13":{"start":{"line":40,"column":6},"end":{"line":40,"column":null}},"14":{"start":{"line":41,"column":6},"end":{"line":41,"column":null}},"15":{"start":{"line":43,"column":6},"end":{"line":43,"column":null}},"16":{"start":{"line":44,"column":6},"end":{"line":44,"column":null}},"17":{"start":{"line":46,"column":6},"end":{"line":46,"column":null}},"18":{"start":{"line":47,"column":6},"end":{"line":47,"column":null}},"19":{"start":{"line":49,"column":2},"end":{"line":49,"column":null}},"20":{"start":{"line":62,"column":2},"end":{"line":64,"column":null}},"21":{"start":{"line":63,"column":4},"end":{"line":63,"column":null}},"22":{"start":{"line":65,"column":2},"end":{"line":65,"column":null}}},"fnMap":{"0":{"name":"parseHexString","decl":{"start":{"line":15,"column":16},"end":{"line":15,"column":31}},"loc":{"start":{"line":15,"column":63},"end":{"line":27,"column":null}},"line":15},"1":{"name":"appendLineEnding","decl":{"start":{"line":36,"column":16},"end":{"line":36,"column":33}},"loc":{"start":{"line":36,"column":83},"end":{"line":50,"column":null}},"line":36},"2":{"name":"addToHistory","decl":{"start":{"line":60,"column":16},"end":{"line":60,"column":29}},"loc":{"start":{"line":60,"column":97},"end":{"line":66,"column":null}},"line":60}},"branchMap":{"0":{"loc":{"start":{"line":17,"column":2},"end":{"line":19,"column":null}},"type":"if","locations":[{"start":{"line":17,"column":2},"end":{"line":19,"column":null}},{"start":{},"end":{}}],"line":17},"1":{"loc":{"start":{"line":23,"column":4},"end":{"line":23,"column":null}},"type":"if","locations":[{"start":{"line":23,"column":4},"end":{"line":23,"column":null}},{"start":{},"end":{}}],"line":23},"2":{"loc":{"start":{"line":38,"column":2},"end":{"line":48,"column":null}},"type":"switch","locations":[{"start":{"line":39,"column":4},"end":{"line":41,"column":null}},{"start":{"line":42,"column":4},"end":{"line":44,"column":null}},{"start":{"line":45,"column":4},"end":{"line":47,"column":null}}],"line":38},"3":{"loc":{"start":{"line":60,"column":65},"end":{"line":60,"column":97}},"type":"default-arg","locations":[{"start":{"line":60,"column":83},"end":{"line":60,"column":97}}],"line":60},"4":{"loc":{"start":{"line":62,"column":2},"end":{"line":64,"column":null}},"type":"if","locations":[{"start":{"line":62,"column":2},"end":{"line":64,"column":null}},{"start":{},"end":{}}],"line":62},"5":{"loc":{"start":{"line":62,"column":6},"end":{"line":62,"column":52}},"type":"binary-expr","locations":[{"start":{"line":62,"column":6},"end":{"line":62,"column":28}},{"start":{"line":62,"column":28},"end":{"line":62,"column":52}}],"line":62}},"s":{"0":8,"1":8,"2":1,"3":7,"4":7,"5":7,"6":19,"7":19,"8":1,"9":18,"10":6,"11":5,"12":5,"13":1,"14":1,"15":2,"16":2,"17":1,"18":1,"19":5,"20":6,"21":1,"22":5},"f":{"0":8,"1":5,"2":6},"b":{"0":[1,7],"1":[1,18],"2":[1,2,1],"3":[6],"4":[1,5],"5":[6,5]},"meta":{"lastBranch":6,"lastFunction":3,"lastStatement":23,"seen":{"f:15:16:15:31":0,"s:16:19:16:Infinity":0,"b:17:2:19:Infinity:undefined:undefined:undefined:undefined":0,"s:17:2:19:Infinity":1,"s:18:4:18:Infinity":2,"s:20:27:20:Infinity":3,"s:21:2:25:Infinity":4,"s:21:15:21:18":5,"s:22:17:22:Infinity":6,"b:23:4:23:Infinity:undefined:undefined:undefined:undefined":1,"s:23:4:23:Infinity":7,"s:23:21:23:Infinity":8,"s:24:4:24:Infinity":9,"s:26:2:26:Infinity":10,"f:36:16:36:33":1,"s:37:17:37:Infinity":11,"b:39:4:41:Infinity:42:4:44:Infinity:45:4:47:Infinity":2,"s:38:2:48:Infinity":12,"s:40:6:40:Infinity":13,"s:41:6:41:Infinity":14,"s:43:6:43:Infinity":15,"s:44:6:44:Infinity":16,"s:46:6:46:Infinity":17,"s:47:6:47:Infinity":18,"s:49:2:49:Infinity":19,"f:60:16:60:29":2,"b:60:83:60:97":3,"b:62:2:64:Infinity:undefined:undefined:undefined:undefined":4,"s:62:2:64:Infinity":20,"b:62:6:62:28:62:28:62:52":5,"s:63:4:63:Infinity":21,"s:65:2:65:Infinity":22}}}
}
